{"C:\\Users\\OJOWA\\Documents\\Farm Management System\\apps\\mobile\\src\\services\\api.ts": {"path":"C:\\Users\\OJOWA\\Documents\\Farm Management System\\apps\\mobile\\src\\services\\api.ts","statementMap":{"0":{"start":{"line":18,"column":0},"end":{"line":18,"column":16}},"1":{"start":{"line":1,"column":0},"end":{"line":1,"column":73}},"2":{"start":{"line":2,"column":0},"end":{"line":2,"column":69}},"3":{"start":{"line":10,"column":2},"end":{"line":11,"column":29}},"4":{"start":{"line":16,"column":41},"end":{"line":16,"column":45}},"5":{"start":{"line":19,"column":2},"end":{"line":19,"column":26}},"6":{"start":{"line":23,"column":19},"end":{"line":23,"column":24}},"7":{"start":{"line":27,"column":5},"end":{"line":27,"column":7}},"8":{"start":{"line":30,"column":2},"end":{"line":36,"column":5}},"9":{"start":{"line":31,"column":4},"end":{"line":35,"column":5}},"10":{"start":{"line":32,"column":6},"end":{"line":32,"column":28}},"11":{"start":{"line":34,"column":6},"end":{"line":34,"column":29}},"12":{"start":{"line":37,"column":2},"end":{"line":37,"column":19}},"13":{"start":{"line":44,"column":4},"end":{"line":47,"column":7}},"14":{"start":{"line":50,"column":4},"end":{"line":59,"column":6}},"15":{"start":{"line":52,"column":22},"end":{"line":52,"column":63}},"16":{"start":{"line":53,"column":8},"end":{"line":55,"column":9}},"17":{"start":{"line":54,"column":10},"end":{"line":54,"column":59}},"18":{"start":{"line":56,"column":8},"end":{"line":56,"column":22}},"19":{"start":{"line":58,"column":17},"end":{"line":58,"column":38}},"20":{"start":{"line":62,"column":4},"end":{"line":120,"column":6}},"21":{"start":{"line":63,"column":20},"end":{"line":63,"column":28}},"22":{"start":{"line":65,"column":32},"end":{"line":65,"column":null}},"23":{"start":{"line":69,"column":8},"end":{"line":71,"column":9}},"24":{"start":{"line":70,"column":10},"end":{"line":70,"column":39}},"25":{"start":{"line":74,"column":8},"end":{"line":81,"column":9}},"26":{"start":{"line":75,"column":10},"end":{"line":80,"column":13}},"27":{"start":{"line":76,"column":12},"end":{"line":76,"column":50}},"28":{"start":{"line":78,"column":12},"end":{"line":78,"column":73}},"29":{"start":{"line":79,"column":12},"end":{"line":79,"column":48}},"30":{"start":{"line":83,"column":8},"end":{"line":83,"column":38}},"31":{"start":{"line":84,"column":8},"end":{"line":84,"column":28}},"32":{"start":{"line":86,"column":8},"end":{"line":118,"column":9}},"33":{"start":{"line":87,"column":31},"end":{"line":87,"column":73}},"34":{"start":{"line":88,"column":10},"end":{"line":88,"column":65}},"35":{"start":{"line":88,"column":29},"end":{"line":88,"column":65}},"36":{"start":{"line":90,"column":27},"end":{"line":92,"column":12}},"37":{"start":{"line":94,"column":65},"end":{"line":94,"column":78}},"38":{"start":{"line":95,"column":10},"end":{"line":95,"column":65}},"39":{"start":{"line":96,"column":10},"end":{"line":96,"column":70}},"40":{"start":{"line":98,"column":10},"end":{"line":98,"column":42}},"41":{"start":{"line":100,"column":10},"end":{"line":100,"column":74}},"42":{"start":{"line":101,"column":10},"end":{"line":101,"column":46}},"43":{"start":{"line":104,"column":10},"end":{"line":104,"column":55}},"44":{"start":{"line":105,"column":10},"end":{"line":105,"column":56}},"45":{"start":{"line":106,"column":10},"end":{"line":106,"column":48}},"46":{"start":{"line":108,"column":10},"end":{"line":108,"column":43}},"47":{"start":{"line":111,"column":10},"end":{"line":113,"column":11}},"48":{"start":{"line":112,"column":12},"end":{"line":112,"column":28}},"49":{"start":{"line":115,"column":10},"end":{"line":115,"column":46}},"50":{"start":{"line":117,"column":10},"end":{"line":117,"column":31}},"51":{"start":{"line":124,"column":4},"end":{"line":124,"column":23}},"52":{"start":{"line":128,"column":13},"end":{"line":128,"column":41}},"53":{"start":{"line":132,"column":13},"end":{"line":149,"column":2}},"54":{"start":{"line":134,"column":4},"end":{"line":134,"column":60}},"55":{"start":{"line":136,"column":4},"end":{"line":136,"column":56}},"56":{"start":{"line":138,"column":4},"end":{"line":138,"column":55}},"57":{"start":{"line":140,"column":4},"end":{"line":140,"column":63}},"58":{"start":{"line":142,"column":4},"end":{"line":142,"column":62}},"59":{"start":{"line":144,"column":4},"end":{"line":144,"column":58}},"60":{"start":{"line":145,"column":20},"end":{"line":145,"column":64}},"61":{"start":{"line":147,"column":4},"end":{"line":147,"column":54}},"62":{"start":{"line":148,"column":16},"end":{"line":148,"column":60}},"63":{"start":{"line":151,"column":13},"end":{"line":157,"column":2}},"64":{"start":{"line":152,"column":26},"end":{"line":152,"column":75}},"65":{"start":{"line":153,"column":23},"end":{"line":153,"column":66}},"66":{"start":{"line":154,"column":25},"end":{"line":154,"column":69}},"67":{"start":{"line":155,"column":37},"end":{"line":155,"column":86}},"68":{"start":{"line":156,"column":26},"end":{"line":156,"column":72}},"69":{"start":{"line":159,"column":13},"end":{"line":165,"column":2}},"70":{"start":{"line":160,"column":26},"end":{"line":160,"column":75}},"71":{"start":{"line":161,"column":23},"end":{"line":161,"column":66}},"72":{"start":{"line":162,"column":25},"end":{"line":162,"column":69}},"73":{"start":{"line":163,"column":37},"end":{"line":163,"column":86}},"74":{"start":{"line":164,"column":26},"end":{"line":164,"column":72}},"75":{"start":{"line":167,"column":13},"end":{"line":173,"column":2}},"76":{"start":{"line":168,"column":26},"end":{"line":168,"column":80}},"77":{"start":{"line":169,"column":23},"end":{"line":169,"column":71}},"78":{"start":{"line":170,"column":25},"end":{"line":170,"column":74}},"79":{"start":{"line":171,"column":37},"end":{"line":171,"column":91}},"80":{"start":{"line":172,"column":26},"end":{"line":172,"column":77}},"81":{"start":{"line":175,"column":13},"end":{"line":181,"column":2}},"82":{"start":{"line":176,"column":26},"end":{"line":176,"column":77}},"83":{"start":{"line":177,"column":23},"end":{"line":177,"column":68}},"84":{"start":{"line":178,"column":25},"end":{"line":178,"column":71}},"85":{"start":{"line":179,"column":37},"end":{"line":179,"column":88}},"86":{"start":{"line":180,"column":26},"end":{"line":180,"column":74}},"87":{"start":{"line":183,"column":13},"end":{"line":190,"column":2}},"88":{"start":{"line":184,"column":26},"end":{"line":184,"column":77}},"89":{"start":{"line":185,"column":23},"end":{"line":185,"column":68}},"90":{"start":{"line":186,"column":25},"end":{"line":186,"column":71}},"91":{"start":{"line":187,"column":37},"end":{"line":187,"column":88}},"92":{"start":{"line":188,"column":26},"end":{"line":188,"column":74}},"93":{"start":{"line":189,"column":32},"end":{"line":189,"column":91}},"94":{"start":{"line":192,"column":13},"end":{"line":198,"column":2}},"95":{"start":{"line":193,"column":26},"end":{"line":193,"column":79}},"96":{"start":{"line":194,"column":23},"end":{"line":194,"column":70}},"97":{"start":{"line":195,"column":25},"end":{"line":195,"column":73}},"98":{"start":{"line":196,"column":37},"end":{"line":196,"column":90}},"99":{"start":{"line":197,"column":26},"end":{"line":197,"column":76}},"100":{"start":{"line":200,"column":13},"end":{"line":206,"column":2}},"101":{"start":{"line":201,"column":26},"end":{"line":201,"column":77}},"102":{"start":{"line":202,"column":23},"end":{"line":202,"column":68}},"103":{"start":{"line":203,"column":25},"end":{"line":203,"column":71}},"104":{"start":{"line":204,"column":37},"end":{"line":204,"column":88}},"105":{"start":{"line":205,"column":26},"end":{"line":205,"column":74}}},"fnMap":{"0":{"name":"registerForceLogoutHandler","decl":{"start":{"line":18,"column":16},"end":{"line":18,"column":42}},"loc":{"start":{"line":18,"column":62},"end":{"line":20,"column":1}}},"1":{"name":"processQueue","decl":{"start":{"line":29,"column":9},"end":{"line":29,"column":21}},"loc":{"start":{"line":29,"column":54},"end":{"line":38,"column":1}}},"2":{"name":"(anonymous_3)","decl":{"start":{"line":30,"column":22},"end":{"line":30,"column":23}},"loc":{"start":{"line":30,"column":34},"end":{"line":36,"column":3}}},"3":{"name":"(anonymous_4)","decl":{"start":{"line":43,"column":2},"end":{"line":43,"column":null}},"loc":{"start":{"line":43,"column":2},"end":{"line":121,"column":3}}},"4":{"name":"(anonymous_5)","decl":{"start":{"line":51,"column":6},"end":{"line":51,"column":11}},"loc":{"start":{"line":51,"column":23},"end":{"line":57,"column":7}}},"5":{"name":"(anonymous_6)","decl":{"start":{"line":58,"column":6},"end":{"line":58,"column":7}},"loc":{"start":{"line":58,"column":17},"end":{"line":58,"column":38}}},"6":{"name":"(anonymous_7)","decl":{"start":{"line":63,"column":6},"end":{"line":63,"column":7}},"loc":{"start":{"line":63,"column":20},"end":{"line":63,"column":28}}},"7":{"name":"(anonymous_8)","decl":{"start":{"line":64,"column":6},"end":{"line":64,"column":11}},"loc":{"start":{"line":64,"column":22},"end":{"line":119,"column":7}}},"8":{"name":"(anonymous_9)","decl":{"start":{"line":75,"column":37},"end":{"line":75,"column":38}},"loc":{"start":{"line":75,"column":57},"end":{"line":77,"column":11}}},"9":{"name":"(anonymous_10)","decl":{"start":{"line":77,"column":18},"end":{"line":77,"column":19}},"loc":{"start":{"line":77,"column":31},"end":{"line":80,"column":11}}},"10":{"name":"(anonymous_11)","decl":{"start":{"line":123,"column":2},"end":{"line":123,"column":6}},"loc":{"start":{"line":123,"column":19},"end":{"line":125,"column":3}}},"11":{"name":"(anonymous_12)","decl":{"start":{"line":133,"column":9},"end":{"line":133,"column":10}},"loc":{"start":{"line":134,"column":4},"end":{"line":134,"column":60}}},"12":{"name":"(anonymous_13)","decl":{"start":{"line":135,"column":12},"end":{"line":135,"column":13}},"loc":{"start":{"line":136,"column":4},"end":{"line":136,"column":56}}},"13":{"name":"(anonymous_14)","decl":{"start":{"line":137,"column":16},"end":{"line":137,"column":17}},"loc":{"start":{"line":138,"column":4},"end":{"line":138,"column":55}}},"14":{"name":"(anonymous_15)","decl":{"start":{"line":139,"column":24},"end":{"line":139,"column":25}},"loc":{"start":{"line":140,"column":4},"end":{"line":140,"column":63}}},"15":{"name":"(anonymous_16)","decl":{"start":{"line":141,"column":17},"end":{"line":141,"column":18}},"loc":{"start":{"line":142,"column":4},"end":{"line":142,"column":62}}},"16":{"name":"(anonymous_17)","decl":{"start":{"line":143,"column":13},"end":{"line":143,"column":14}},"loc":{"start":{"line":144,"column":4},"end":{"line":144,"column":58}}},"17":{"name":"(anonymous_18)","decl":{"start":{"line":145,"column":14},"end":{"line":145,"column":17}},"loc":{"start":{"line":145,"column":20},"end":{"line":145,"column":64}}},"18":{"name":"(anonymous_19)","decl":{"start":{"line":146,"column":17},"end":{"line":146,"column":18}},"loc":{"start":{"line":147,"column":4},"end":{"line":147,"column":54}}},"19":{"name":"(anonymous_20)","decl":{"start":{"line":148,"column":10},"end":{"line":148,"column":13}},"loc":{"start":{"line":148,"column":16},"end":{"line":148,"column":60}}},"20":{"name":"(anonymous_21)","decl":{"start":{"line":152,"column":8},"end":{"line":152,"column":9}},"loc":{"start":{"line":152,"column":26},"end":{"line":152,"column":75}}},"21":{"name":"(anonymous_22)","decl":{"start":{"line":153,"column":7},"end":{"line":153,"column":8}},"loc":{"start":{"line":153,"column":23},"end":{"line":153,"column":66}}},"22":{"name":"(anonymous_23)","decl":{"start":{"line":154,"column":10},"end":{"line":154,"column":11}},"loc":{"start":{"line":154,"column":25},"end":{"line":154,"column":69}}},"23":{"name":"(anonymous_24)","decl":{"start":{"line":155,"column":10},"end":{"line":155,"column":11}},"loc":{"start":{"line":155,"column":37},"end":{"line":155,"column":86}}},"24":{"name":"(anonymous_25)","decl":{"start":{"line":156,"column":10},"end":{"line":156,"column":11}},"loc":{"start":{"line":156,"column":26},"end":{"line":156,"column":72}}},"25":{"name":"(anonymous_26)","decl":{"start":{"line":160,"column":8},"end":{"line":160,"column":9}},"loc":{"start":{"line":160,"column":26},"end":{"line":160,"column":75}}},"26":{"name":"(anonymous_27)","decl":{"start":{"line":161,"column":7},"end":{"line":161,"column":8}},"loc":{"start":{"line":161,"column":23},"end":{"line":161,"column":66}}},"27":{"name":"(anonymous_28)","decl":{"start":{"line":162,"column":10},"end":{"line":162,"column":11}},"loc":{"start":{"line":162,"column":25},"end":{"line":162,"column":69}}},"28":{"name":"(anonymous_29)","decl":{"start":{"line":163,"column":10},"end":{"line":163,"column":11}},"loc":{"start":{"line":163,"column":37},"end":{"line":163,"column":86}}},"29":{"name":"(anonymous_30)","decl":{"start":{"line":164,"column":10},"end":{"line":164,"column":11}},"loc":{"start":{"line":164,"column":26},"end":{"line":164,"column":72}}},"30":{"name":"(anonymous_31)","decl":{"start":{"line":168,"column":8},"end":{"line":168,"column":9}},"loc":{"start":{"line":168,"column":26},"end":{"line":168,"column":80}}},"31":{"name":"(anonymous_32)","decl":{"start":{"line":169,"column":7},"end":{"line":169,"column":8}},"loc":{"start":{"line":169,"column":23},"end":{"line":169,"column":71}}},"32":{"name":"(anonymous_33)","decl":{"start":{"line":170,"column":10},"end":{"line":170,"column":11}},"loc":{"start":{"line":170,"column":25},"end":{"line":170,"column":74}}},"33":{"name":"(anonymous_34)","decl":{"start":{"line":171,"column":10},"end":{"line":171,"column":11}},"loc":{"start":{"line":171,"column":37},"end":{"line":171,"column":91}}},"34":{"name":"(anonymous_35)","decl":{"start":{"line":172,"column":10},"end":{"line":172,"column":11}},"loc":{"start":{"line":172,"column":26},"end":{"line":172,"column":77}}},"35":{"name":"(anonymous_36)","decl":{"start":{"line":176,"column":8},"end":{"line":176,"column":9}},"loc":{"start":{"line":176,"column":26},"end":{"line":176,"column":77}}},"36":{"name":"(anonymous_37)","decl":{"start":{"line":177,"column":7},"end":{"line":177,"column":8}},"loc":{"start":{"line":177,"column":23},"end":{"line":177,"column":68}}},"37":{"name":"(anonymous_38)","decl":{"start":{"line":178,"column":10},"end":{"line":178,"column":11}},"loc":{"start":{"line":178,"column":25},"end":{"line":178,"column":71}}},"38":{"name":"(anonymous_39)","decl":{"start":{"line":179,"column":10},"end":{"line":179,"column":11}},"loc":{"start":{"line":179,"column":37},"end":{"line":179,"column":88}}},"39":{"name":"(anonymous_40)","decl":{"start":{"line":180,"column":10},"end":{"line":180,"column":11}},"loc":{"start":{"line":180,"column":26},"end":{"line":180,"column":74}}},"40":{"name":"(anonymous_41)","decl":{"start":{"line":184,"column":8},"end":{"line":184,"column":9}},"loc":{"start":{"line":184,"column":26},"end":{"line":184,"column":77}}},"41":{"name":"(anonymous_42)","decl":{"start":{"line":185,"column":7},"end":{"line":185,"column":8}},"loc":{"start":{"line":185,"column":23},"end":{"line":185,"column":68}}},"42":{"name":"(anonymous_43)","decl":{"start":{"line":186,"column":10},"end":{"line":186,"column":11}},"loc":{"start":{"line":186,"column":25},"end":{"line":186,"column":71}}},"43":{"name":"(anonymous_44)","decl":{"start":{"line":187,"column":10},"end":{"line":187,"column":11}},"loc":{"start":{"line":187,"column":37},"end":{"line":187,"column":88}}},"44":{"name":"(anonymous_45)","decl":{"start":{"line":188,"column":10},"end":{"line":188,"column":11}},"loc":{"start":{"line":188,"column":26},"end":{"line":188,"column":74}}},"45":{"name":"(anonymous_46)","decl":{"start":{"line":189,"column":14},"end":{"line":189,"column":15}},"loc":{"start":{"line":189,"column":32},"end":{"line":189,"column":91}}},"46":{"name":"(anonymous_47)","decl":{"start":{"line":193,"column":8},"end":{"line":193,"column":9}},"loc":{"start":{"line":193,"column":26},"end":{"line":193,"column":79}}},"47":{"name":"(anonymous_48)","decl":{"start":{"line":194,"column":7},"end":{"line":194,"column":8}},"loc":{"start":{"line":194,"column":23},"end":{"line":194,"column":70}}},"48":{"name":"(anonymous_49)","decl":{"start":{"line":195,"column":10},"end":{"line":195,"column":11}},"loc":{"start":{"line":195,"column":25},"end":{"line":195,"column":73}}},"49":{"name":"(anonymous_50)","decl":{"start":{"line":196,"column":10},"end":{"line":196,"column":11}},"loc":{"start":{"line":196,"column":37},"end":{"line":196,"column":90}}},"50":{"name":"(anonymous_51)","decl":{"start":{"line":197,"column":10},"end":{"line":197,"column":11}},"loc":{"start":{"line":197,"column":26},"end":{"line":197,"column":76}}},"51":{"name":"(anonymous_52)","decl":{"start":{"line":201,"column":8},"end":{"line":201,"column":9}},"loc":{"start":{"line":201,"column":26},"end":{"line":201,"column":77}}},"52":{"name":"(anonymous_53)","decl":{"start":{"line":202,"column":7},"end":{"line":202,"column":8}},"loc":{"start":{"line":202,"column":23},"end":{"line":202,"column":68}}},"53":{"name":"(anonymous_54)","decl":{"start":{"line":203,"column":10},"end":{"line":203,"column":11}},"loc":{"start":{"line":203,"column":25},"end":{"line":203,"column":71}}},"54":{"name":"(anonymous_55)","decl":{"start":{"line":204,"column":10},"end":{"line":204,"column":11}},"loc":{"start":{"line":204,"column":37},"end":{"line":204,"column":88}}},"55":{"name":"(anonymous_56)","decl":{"start":{"line":205,"column":10},"end":{"line":205,"column":11}},"loc":{"start":{"line":205,"column":26},"end":{"line":205,"column":74}}}},"branchMap":{"0":{"loc":{"start":{"line":10,"column":2},"end":{"line":11,"column":29}},"type":"binary-expr","locations":[{"start":{"line":10,"column":3},"end":{"line":10,"column":33}},{"start":{"line":10,"column":37},"end":{"line":10,"column":70}},{"start":{"line":11,"column":2},"end":{"line":11,"column":29}}]},"1":{"loc":{"start":{"line":31,"column":4},"end":{"line":35,"column":5}},"type":"if","locations":[{"start":{"line":31,"column":4},"end":{"line":35,"column":5}},{"start":{"line":33,"column":11},"end":{"line":35,"column":5}}]},"2":{"loc":{"start":{"line":31,"column":8},"end":{"line":31,"column":23}},"type":"binary-expr","locations":[{"start":{"line":31,"column":8},"end":{"line":31,"column":13}},{"start":{"line":31,"column":17},"end":{"line":31,"column":23}}]},"3":{"loc":{"start":{"line":53,"column":8},"end":{"line":55,"column":9}},"type":"if","locations":[{"start":{"line":53,"column":8},"end":{"line":55,"column":9}}]},"4":{"loc":{"start":{"line":69,"column":8},"end":{"line":71,"column":9}},"type":"if","locations":[{"start":{"line":69,"column":8},"end":{"line":71,"column":9}}]},"5":{"loc":{"start":{"line":69,"column":12},"end":{"line":69,"column":68}},"type":"binary-expr","locations":[{"start":{"line":69,"column":12},"end":{"line":69,"column":42}},{"start":{"line":69,"column":46},"end":{"line":69,"column":68}}]},"6":{"loc":{"start":{"line":74,"column":8},"end":{"line":81,"column":9}},"type":"if","locations":[{"start":{"line":74,"column":8},"end":{"line":81,"column":9}}]},"7":{"loc":{"start":{"line":88,"column":10},"end":{"line":88,"column":65}},"type":"if","locations":[{"start":{"line":88,"column":10},"end":{"line":88,"column":65}}]},"8":{"loc":{"start":{"line":111,"column":10},"end":{"line":113,"column":11}},"type":"if","locations":[{"start":{"line":111,"column":10},"end":{"line":113,"column":11}}]}},"s":{"0":2,"1":2,"2":2,"3":2,"4":2,"5":2,"6":2,"7":2,"8":0,"9":0,"10":0,"11":0,"12":0,"13":2,"14":2,"15":0,"16":0,"17":0,"18":0,"19":0,"20":2,"21":0,"22":0,"23":0,"24":0,"25":0,"26":0,"27":0,"28":0,"29":0,"30":0,"31":0,"32":0,"33":0,"34":0,"35":0,"36":0,"37":0,"38":0,"39":0,"40":0,"41":0,"42":0,"43":0,"44":0,"45":0,"46":0,"47":0,"48":0,"49":0,"50":0,"51":0,"52":2,"53":2,"54":0,"55":0,"56":0,"57":0,"58":0,"59":0,"60":0,"61":0,"62":0,"63":2,"64":0,"65":0,"66":0,"67":0,"68":0,"69":2,"70":0,"71":0,"72":0,"73":0,"74":0,"75":2,"76":0,"77":0,"78":0,"79":0,"80":0,"81":2,"82":0,"83":0,"84":0,"85":0,"86":0,"87":2,"88":0,"89":0,"90":0,"91":0,"92":0,"93":0,"94":2,"95":0,"96":0,"97":0,"98":0,"99":0,"100":2,"101":0,"102":0,"103":0,"104":0,"105":0},"f":{"0":2,"1":0,"2":0,"3":2,"4":0,"5":0,"6":0,"7":0,"8":0,"9":0,"10":0,"11":0,"12":0,"13":0,"14":0,"15":0,"16":0,"17":0,"18":0,"19":0,"20":0,"21":0,"22":0,"23":0,"24":0,"25":0,"26":0,"27":0,"28":0,"29":0,"30":0,"31":0,"32":0,"33":0,"34":0,"35":0,"36":0,"37":0,"38":0,"39":0,"40":0,"41":0,"42":0,"43":0,"44":0,"45":0,"46":0,"47":0,"48":0,"49":0,"50":0,"51":0,"52":0,"53":0,"54":0,"55":0},"b":{"0":[2,2,2],"1":[0,0],"2":[0,0],"3":[0],"4":[0],"5":[0,0],"6":[0],"7":[0],"8":[0]}}
,"C:\\Users\\OJOWA\\Documents\\Farm Management System\\apps\\mobile\\src\\store\\slices\\authSlice.ts": {"path":"C:\\Users\\OJOWA\\Documents\\Farm Management System\\apps\\mobile\\src\\store\\slices\\authSlice.ts","statementMap":{"0":{"start":{"line":359,"column":0},"end":{"line":359,"column":16}},"1":{"start":{"line":1,"column":0},"end":{"line":1,"column":80}},"2":{"start":{"line":2,"column":0},"end":{"line":2,"column":69}},"3":{"start":{"line":3,"column":0},"end":{"line":3,"column":73}},"4":{"start":{"line":4,"column":0},"end":{"line":4,"column":54}},"5":{"start":{"line":5,"column":0},"end":{"line":5,"column":56}},"6":{"start":{"line":10,"column":13},"end":{"line":10,"column":46}},"7":{"start":{"line":11,"column":13},"end":{"line":11,"column":48}},"8":{"start":{"line":12,"column":13},"end":{"line":12,"column":31}},"9":{"start":{"line":13,"column":13},"end":{"line":13,"column":49}},"10":{"start":{"line":41,"column":32},"end":{"line":52,"column":2}},"11":{"start":{"line":55,"column":13},"end":{"line":65,"column":2}},"12":{"start":{"line":58,"column":4},"end":{"line":63,"column":5}},"13":{"start":{"line":59,"column":23},"end":{"line":59,"column":55}},"14":{"start":{"line":60,"column":6},"end":{"line":60,"column":27}},"15":{"start":{"line":62,"column":6},"end":{"line":62,"column":70}},"16":{"start":{"line":67,"column":13},"end":{"line":80,"column":2}},"17":{"start":{"line":73,"column":4},"end":{"line":78,"column":5}},"18":{"start":{"line":74,"column":23},"end":{"line":74,"column":51}},"19":{"start":{"line":75,"column":6},"end":{"line":75,"column":27}},"20":{"start":{"line":77,"column":6},"end":{"line":77,"column":77}},"21":{"start":{"line":82,"column":13},"end":{"line":92,"column":2}},"22":{"start":{"line":85,"column":4},"end":{"line":90,"column":5}},"23":{"start":{"line":86,"column":23},"end":{"line":86,"column":67}},"24":{"start":{"line":87,"column":6},"end":{"line":87,"column":27}},"25":{"start":{"line":89,"column":6},"end":{"line":89,"column":78}},"26":{"start":{"line":94,"column":13},"end":{"line":104,"column":2}},"27":{"start":{"line":97,"column":4},"end":{"line":102,"column":5}},"28":{"start":{"line":98,"column":6},"end":{"line":98,"column":52}},"29":{"start":{"line":99,"column":6},"end":{"line":99,"column":41}},"30":{"start":{"line":101,"column":6},"end":{"line":101,"column":87}},"31":{"start":{"line":106,"column":13},"end":{"line":119,"column":2}},"32":{"start":{"line":112,"column":4},"end":{"line":117,"column":5}},"33":{"start":{"line":113,"column":6},"end":{"line":113,"column":40}},"34":{"start":{"line":114,"column":6},"end":{"line":114,"column":41}},"35":{"start":{"line":116,"column":6},"end":{"line":116,"column":79}},"36":{"start":{"line":121,"column":13},"end":{"line":134,"column":2}},"37":{"start":{"line":127,"column":4},"end":{"line":132,"column":5}},"38":{"start":{"line":128,"column":23},"end":{"line":128,"column":52}},"39":{"start":{"line":129,"column":6},"end":{"line":129,"column":27}},"40":{"start":{"line":131,"column":6},"end":{"line":131,"column":81}},"41":{"start":{"line":136,"column":13},"end":{"line":152,"column":2}},"42":{"start":{"line":139,"column":4},"end":{"line":150,"column":5}},"43":{"start":{"line":141,"column":6},"end":{"line":145,"column":7}},"44":{"start":{"line":142,"column":8},"end":{"line":142,"column":31}},"45":{"start":{"line":146,"column":6},"end":{"line":146,"column":30}},"46":{"start":{"line":147,"column":6},"end":{"line":147,"column":18}},"47":{"start":{"line":149,"column":6},"end":{"line":149,"column":46}},"48":{"start":{"line":154,"column":13},"end":{"line":189,"column":2}},"49":{"start":{"line":157,"column":4},"end":{"line":187,"column":5}},"50":{"start":{"line":158,"column":51},"end":{"line":162,"column":8}},"51":{"start":{"line":164,"column":6},"end":{"line":168,"column":7}},"52":{"start":{"line":167,"column":8},"end":{"line":167,"column":49}},"53":{"start":{"line":171,"column":6},"end":{"line":177,"column":7}},"54":{"start":{"line":172,"column":8},"end":{"line":172,"column":43}},"55":{"start":{"line":175,"column":8},"end":{"line":175,"column":88}},"56":{"start":{"line":176,"column":8},"end":{"line":176,"column":49}},"57":{"start":{"line":179,"column":6},"end":{"line":184,"column":17}},"58":{"start":{"line":186,"column":6},"end":{"line":186,"column":55}},"59":{"start":{"line":192,"column":18},"end":{"line":346,"column":2}},"60":{"start":{"line":197,"column":6},"end":{"line":197,"column":25}},"61":{"start":{"line":200,"column":6},"end":{"line":200,"column":32}},"62":{"start":{"line":201,"column":6},"end":{"line":201,"column":35}},"63":{"start":{"line":206,"column":4},"end":{"line":209,"column":7}},"64":{"start":{"line":207,"column":6},"end":{"line":207,"column":27}},"65":{"start":{"line":208,"column":6},"end":{"line":208,"column":25}},"66":{"start":{"line":210,"column":4},"end":{"line":223,"column":7}},"67":{"start":{"line":211,"column":6},"end":{"line":211,"column":28}},"68":{"start":{"line":212,"column":6},"end":{"line":222,"column":7}},"69":{"start":{"line":213,"column":8},"end":{"line":213,"column":33}},"70":{"start":{"line":214,"column":8},"end":{"line":214,"column":63}},"71":{"start":{"line":216,"column":8},"end":{"line":216,"column":55}},"72":{"start":{"line":217,"column":8},"end":{"line":217,"column":57}},"73":{"start":{"line":218,"column":8},"end":{"line":218,"column":41}},"74":{"start":{"line":219,"column":8},"end":{"line":219,"column":37}},"75":{"start":{"line":220,"column":8},"end":{"line":220,"column":53}},"76":{"start":{"line":221,"column":8},"end":{"line":221,"column":35}},"77":{"start":{"line":224,"column":4},"end":{"line":228,"column":7}},"78":{"start":{"line":225,"column":6},"end":{"line":225,"column":28}},"79":{"start":{"line":226,"column":6},"end":{"line":226,"column":45}},"80":{"start":{"line":227,"column":6},"end":{"line":227,"column":36}},"81":{"start":{"line":231,"column":4},"end":{"line":234,"column":7}},"82":{"start":{"line":232,"column":6},"end":{"line":232,"column":27}},"83":{"start":{"line":233,"column":6},"end":{"line":233,"column":25}},"84":{"start":{"line":235,"column":4},"end":{"line":243,"column":7}},"85":{"start":{"line":236,"column":6},"end":{"line":236,"column":28}},"86":{"start":{"line":237,"column":6},"end":{"line":237,"column":53}},"87":{"start":{"line":238,"column":6},"end":{"line":238,"column":55}},"88":{"start":{"line":239,"column":6},"end":{"line":239,"column":39}},"89":{"start":{"line":240,"column":6},"end":{"line":240,"column":35}},"90":{"start":{"line":241,"column":6},"end":{"line":241,"column":51}},"91":{"start":{"line":242,"column":6},"end":{"line":242,"column":33}},"92":{"start":{"line":244,"column":4},"end":{"line":247,"column":7}},"93":{"start":{"line":245,"column":6},"end":{"line":245,"column":28}},"94":{"start":{"line":246,"column":6},"end":{"line":246,"column":45}},"95":{"start":{"line":250,"column":4},"end":{"line":254,"column":7}},"96":{"start":{"line":251,"column":6},"end":{"line":251,"column":53}},"97":{"start":{"line":252,"column":6},"end":{"line":252,"column":55}},"98":{"start":{"line":253,"column":6},"end":{"line":253,"column":33}},"99":{"start":{"line":255,"column":4},"end":{"line":264,"column":7}},"100":{"start":{"line":256,"column":6},"end":{"line":256,"column":36}},"101":{"start":{"line":257,"column":6},"end":{"line":257,"column":31}},"102":{"start":{"line":258,"column":6},"end":{"line":258,"column":32}},"103":{"start":{"line":259,"column":6},"end":{"line":259,"column":24}},"104":{"start":{"line":260,"column":6},"end":{"line":260,"column":32}},"105":{"start":{"line":261,"column":6},"end":{"line":261,"column":35}},"106":{"start":{"line":262,"column":6},"end":{"line":262,"column":31}},"107":{"start":{"line":263,"column":6},"end":{"line":263,"column":28}},"108":{"start":{"line":267,"column":4},"end":{"line":270,"column":7}},"109":{"start":{"line":268,"column":6},"end":{"line":268,"column":27}},"110":{"start":{"line":269,"column":6},"end":{"line":269,"column":25}},"111":{"start":{"line":271,"column":4},"end":{"line":281,"column":7}},"112":{"start":{"line":272,"column":6},"end":{"line":272,"column":28}},"113":{"start":{"line":273,"column":6},"end":{"line":273,"column":53}},"114":{"start":{"line":274,"column":6},"end":{"line":274,"column":55}},"115":{"start":{"line":275,"column":6},"end":{"line":275,"column":39}},"116":{"start":{"line":276,"column":6},"end":{"line":276,"column":35}},"117":{"start":{"line":277,"column":6},"end":{"line":277,"column":32}},"118":{"start":{"line":278,"column":6},"end":{"line":278,"column":35}},"119":{"start":{"line":279,"column":6},"end":{"line":279,"column":51}},"120":{"start":{"line":280,"column":6},"end":{"line":280,"column":33}},"121":{"start":{"line":282,"column":4},"end":{"line":285,"column":7}},"122":{"start":{"line":283,"column":6},"end":{"line":283,"column":28}},"123":{"start":{"line":284,"column":6},"end":{"line":284,"column":45}},"124":{"start":{"line":288,"column":4},"end":{"line":297,"column":7}},"125":{"start":{"line":289,"column":6},"end":{"line":289,"column":31}},"126":{"start":{"line":290,"column":6},"end":{"line":290,"column":32}},"127":{"start":{"line":291,"column":6},"end":{"line":291,"column":24}},"128":{"start":{"line":292,"column":6},"end":{"line":292,"column":36}},"129":{"start":{"line":293,"column":6},"end":{"line":293,"column":25}},"130":{"start":{"line":294,"column":6},"end":{"line":294,"column":32}},"131":{"start":{"line":295,"column":6},"end":{"line":295,"column":35}},"132":{"start":{"line":296,"column":6},"end":{"line":296,"column":31}},"133":{"start":{"line":300,"column":4},"end":{"line":302,"column":7}},"134":{"start":{"line":301,"column":6},"end":{"line":301,"column":27}},"135":{"start":{"line":303,"column":4},"end":{"line":314,"column":7}},"136":{"start":{"line":304,"column":6},"end":{"line":304,"column":28}},"137":{"start":{"line":305,"column":6},"end":{"line":305,"column":32}},"138":{"start":{"line":306,"column":6},"end":{"line":313,"column":7}},"139":{"start":{"line":307,"column":8},"end":{"line":307,"column":63}},"140":{"start":{"line":308,"column":8},"end":{"line":308,"column":65}},"141":{"start":{"line":309,"column":8},"end":{"line":309,"column":41}},"142":{"start":{"line":310,"column":8},"end":{"line":310,"column":37}},"143":{"start":{"line":312,"column":8},"end":{"line":312,"column":38}},"144":{"start":{"line":315,"column":4},"end":{"line":319,"column":7}},"145":{"start":{"line":316,"column":6},"end":{"line":316,"column":28}},"146":{"start":{"line":317,"column":6},"end":{"line":317,"column":32}},"147":{"start":{"line":318,"column":6},"end":{"line":318,"column":36}},"148":{"start":{"line":322,"column":4},"end":{"line":325,"column":7}},"149":{"start":{"line":323,"column":6},"end":{"line":323,"column":27}},"150":{"start":{"line":324,"column":6},"end":{"line":324,"column":25}},"151":{"start":{"line":326,"column":4},"end":{"line":328,"column":7}},"152":{"start":{"line":327,"column":6},"end":{"line":327,"column":28}},"153":{"start":{"line":329,"column":4},"end":{"line":332,"column":7}},"154":{"start":{"line":330,"column":6},"end":{"line":330,"column":28}},"155":{"start":{"line":331,"column":6},"end":{"line":331,"column":45}},"156":{"start":{"line":334,"column":4},"end":{"line":337,"column":7}},"157":{"start":{"line":335,"column":6},"end":{"line":335,"column":27}},"158":{"start":{"line":336,"column":6},"end":{"line":336,"column":25}},"159":{"start":{"line":338,"column":4},"end":{"line":340,"column":7}},"160":{"start":{"line":339,"column":6},"end":{"line":339,"column":28}},"161":{"start":{"line":341,"column":4},"end":{"line":344,"column":7}},"162":{"start":{"line":342,"column":6},"end":{"line":342,"column":28}},"163":{"start":{"line":343,"column":6},"end":{"line":343,"column":45}},"164":{"start":{"line":348,"column":13},"end":{"line":348,"column":40}},"165":{"start":{"line":349,"column":0},"end":{"line":349,"column":33}},"166":{"start":{"line":353,"column":0},"end":{"line":355,"column":3}},"167":{"start":{"line":354,"column":2},"end":{"line":354,"column":26}},"168":{"start":{"line":358,"column":25},"end":{"line":358,"column":29}},"169":{"start":{"line":360,"column":2},"end":{"line":360,"column":27}},"170":{"start":{"line":370,"column":2},"end":{"line":370,"column":53}},"171":{"start":{"line":370,"column":46},"end":{"line":370,"column":53}},"172":{"start":{"line":371,"column":2},"end":{"line":385,"column":3}},"173":{"start":{"line":372,"column":4},"end":{"line":376,"column":7}},"174":{"start":{"line":381,"column":4},"end":{"line":384,"column":5}},"175":{"start":{"line":383,"column":6},"end":{"line":383,"column":55}}},"fnMap":{"0":{"name":"(anonymous_1)","decl":{"start":{"line":57,"column":2},"end":{"line":57,"column":7}},"loc":{"start":{"line":57,"column":82},"end":{"line":64,"column":3}}},"1":{"name":"(anonymous_2)","decl":{"start":{"line":69,"column":2},"end":{"line":69,"column":7}},"loc":{"start":{"line":72,"column":6},"end":{"line":79,"column":3}}},"2":{"name":"(anonymous_3)","decl":{"start":{"line":84,"column":2},"end":{"line":84,"column":7}},"loc":{"start":{"line":84,"column":54},"end":{"line":91,"column":3}}},"3":{"name":"(anonymous_4)","decl":{"start":{"line":96,"column":2},"end":{"line":96,"column":7}},"loc":{"start":{"line":96,"column":47},"end":{"line":103,"column":3}}},"4":{"name":"(anonymous_5)","decl":{"start":{"line":108,"column":2},"end":{"line":108,"column":7}},"loc":{"start":{"line":111,"column":6},"end":{"line":118,"column":3}}},"5":{"name":"(anonymous_6)","decl":{"start":{"line":123,"column":2},"end":{"line":123,"column":7}},"loc":{"start":{"line":126,"column":6},"end":{"line":133,"column":3}}},"6":{"name":"(anonymous_7)","decl":{"start":{"line":138,"column":2},"end":{"line":138,"column":7}},"loc":{"start":{"line":138,"column":35},"end":{"line":151,"column":3}}},"7":{"name":"(anonymous_8)","decl":{"start":{"line":156,"column":2},"end":{"line":156,"column":7}},"loc":{"start":{"line":156,"column":35},"end":{"line":188,"column":3}}},"8":{"name":"(anonymous_9)","decl":{"start":{"line":196,"column":16},"end":{"line":196,"column":17}},"loc":{"start":{"line":196,"column":26},"end":{"line":198,"column":5}}},"9":{"name":"(anonymous_10)","decl":{"start":{"line":199,"column":14},"end":{"line":199,"column":15}},"loc":{"start":{"line":199,"column":24},"end":{"line":202,"column":5}}},"10":{"name":"(anonymous_11)","decl":{"start":{"line":204,"column":17},"end":{"line":204,"column":18}},"loc":{"start":{"line":204,"column":29},"end":{"line":345,"column":3}}},"11":{"name":"(anonymous_12)","decl":{"start":{"line":206,"column":35},"end":{"line":206,"column":36}},"loc":{"start":{"line":206,"column":45},"end":{"line":209,"column":5}}},"12":{"name":"(anonymous_13)","decl":{"start":{"line":210,"column":37},"end":{"line":210,"column":38}},"loc":{"start":{"line":210,"column":55},"end":{"line":223,"column":5}}},"13":{"name":"(anonymous_14)","decl":{"start":{"line":224,"column":36},"end":{"line":224,"column":37}},"loc":{"start":{"line":224,"column":54},"end":{"line":228,"column":5}}},"14":{"name":"(anonymous_15)","decl":{"start":{"line":231,"column":38},"end":{"line":231,"column":39}},"loc":{"start":{"line":231,"column":48},"end":{"line":234,"column":5}}},"15":{"name":"(anonymous_16)","decl":{"start":{"line":235,"column":40},"end":{"line":235,"column":41}},"loc":{"start":{"line":235,"column":58},"end":{"line":243,"column":5}}},"16":{"name":"(anonymous_17)","decl":{"start":{"line":244,"column":39},"end":{"line":244,"column":40}},"loc":{"start":{"line":244,"column":57},"end":{"line":247,"column":5}}},"17":{"name":"(anonymous_18)","decl":{"start":{"line":250,"column":50},"end":{"line":250,"column":51}},"loc":{"start":{"line":250,"column":68},"end":{"line":254,"column":5}}},"18":{"name":"(anonymous_19)","decl":{"start":{"line":255,"column":49},"end":{"line":255,"column":50}},"loc":{"start":{"line":255,"column":59},"end":{"line":264,"column":5}}},"19":{"name":"(anonymous_20)","decl":{"start":{"line":267,"column":39},"end":{"line":267,"column":40}},"loc":{"start":{"line":267,"column":49},"end":{"line":270,"column":5}}},"20":{"name":"(anonymous_21)","decl":{"start":{"line":271,"column":41},"end":{"line":271,"column":42}},"loc":{"start":{"line":271,"column":59},"end":{"line":281,"column":5}}},"21":{"name":"(anonymous_22)","decl":{"start":{"line":282,"column":40},"end":{"line":282,"column":41}},"loc":{"start":{"line":282,"column":58},"end":{"line":285,"column":5}}},"22":{"name":"(anonymous_23)","decl":{"start":{"line":288,"column":38},"end":{"line":288,"column":39}},"loc":{"start":{"line":288,"column":48},"end":{"line":297,"column":5}}},"23":{"name":"(anonymous_24)","decl":{"start":{"line":300,"column":44},"end":{"line":300,"column":45}},"loc":{"start":{"line":300,"column":54},"end":{"line":302,"column":5}}},"24":{"name":"(anonymous_25)","decl":{"start":{"line":303,"column":46},"end":{"line":303,"column":47}},"loc":{"start":{"line":303,"column":64},"end":{"line":314,"column":5}}},"25":{"name":"(anonymous_26)","decl":{"start":{"line":315,"column":45},"end":{"line":315,"column":46}},"loc":{"start":{"line":315,"column":55},"end":{"line":319,"column":5}}},"26":{"name":"(anonymous_27)","decl":{"start":{"line":322,"column":50},"end":{"line":322,"column":51}},"loc":{"start":{"line":322,"column":60},"end":{"line":325,"column":5}}},"27":{"name":"(anonymous_28)","decl":{"start":{"line":326,"column":52},"end":{"line":326,"column":53}},"loc":{"start":{"line":326,"column":62},"end":{"line":328,"column":5}}},"28":{"name":"(anonymous_29)","decl":{"start":{"line":329,"column":51},"end":{"line":329,"column":52}},"loc":{"start":{"line":329,"column":69},"end":{"line":332,"column":5}}},"29":{"name":"(anonymous_30)","decl":{"start":{"line":334,"column":43},"end":{"line":334,"column":44}},"loc":{"start":{"line":334,"column":53},"end":{"line":337,"column":5}}},"30":{"name":"(anonymous_31)","decl":{"start":{"line":338,"column":45},"end":{"line":338,"column":46}},"loc":{"start":{"line":338,"column":55},"end":{"line":340,"column":5}}},"31":{"name":"(anonymous_32)","decl":{"start":{"line":341,"column":44},"end":{"line":341,"column":45}},"loc":{"start":{"line":341,"column":62},"end":{"line":344,"column":5}}},"32":{"name":"(anonymous_33)","decl":{"start":{"line":353,"column":27},"end":{"line":353,"column":30}},"loc":{"start":{"line":353,"column":32},"end":{"line":355,"column":1}}},"33":{"name":"setStoreDispatch","decl":{"start":{"line":359,"column":16},"end":{"line":359,"column":32}},"loc":{"start":{"line":359,"column":46},"end":{"line":361,"column":1}}},"34":{"name":"saveTokens","decl":{"start":{"line":365,"column":15},"end":{"line":365,"column":25}},"loc":{"start":{"line":369,"column":1},"end":{"line":386,"column":1}}}},"branchMap":{"0":{"loc":{"start":{"line":164,"column":6},"end":{"line":168,"column":7}},"type":"if","locations":[{"start":{"line":164,"column":6},"end":{"line":168,"column":7}}]},"1":{"loc":{"start":{"line":164,"column":10},"end":{"line":164,"column":34}},"type":"binary-expr","locations":[{"start":{"line":164,"column":10},"end":{"line":164,"column":22}},{"start":{"line":164,"column":26},"end":{"line":164,"column":34}}]},"2":{"loc":{"start":{"line":212,"column":6},"end":{"line":222,"column":7}},"type":"if","locations":[{"start":{"line":212,"column":6},"end":{"line":222,"column":7}},{"start":{"line":215,"column":13},"end":{"line":222,"column":7}}]},"3":{"loc":{"start":{"line":306,"column":6},"end":{"line":313,"column":7}},"type":"if","locations":[{"start":{"line":306,"column":6},"end":{"line":313,"column":7}},{"start":{"line":311,"column":13},"end":{"line":313,"column":7}}]},"4":{"loc":{"start":{"line":307,"column":28},"end":{"line":307,"column":62}},"type":"binary-expr","locations":[{"start":{"line":307,"column":28},"end":{"line":307,"column":54}},{"start":{"line":307,"column":58},"end":{"line":307,"column":62}}]},"5":{"loc":{"start":{"line":308,"column":29},"end":{"line":308,"column":64}},"type":"binary-expr","locations":[{"start":{"line":308,"column":29},"end":{"line":308,"column":56}},{"start":{"line":308,"column":60},"end":{"line":308,"column":64}}]},"6":{"loc":{"start":{"line":370,"column":2},"end":{"line":370,"column":53}},"type":"if","locations":[{"start":{"line":370,"column":2},"end":{"line":370,"column":53}}]},"7":{"loc":{"start":{"line":370,"column":6},"end":{"line":370,"column":44}},"type":"binary-expr","locations":[{"start":{"line":370,"column":6},"end":{"line":370,"column":27}},{"start":{"line":370,"column":31},"end":{"line":370,"column":44}}]},"8":{"loc":{"start":{"line":374,"column":46},"end":{"line":374,"column":72}},"type":"binary-expr","locations":[{"start":{"line":374,"column":46},"end":{"line":374,"column":66}},{"start":{"line":374,"column":70},"end":{"line":374,"column":72}}]},"9":{"loc":{"start":{"line":381,"column":4},"end":{"line":384,"column":5}},"type":"if","locations":[{"start":{"line":381,"column":4},"end":{"line":384,"column":5}}]}},"s":{"0":2,"1":2,"2":2,"3":2,"4":2,"5":2,"6":2,"7":2,"8":2,"9":2,"10":2,"11":2,"12":0,"13":0,"14":0,"15":0,"16":2,"17":0,"18":0,"19":0,"20":0,"21":2,"22":0,"23":0,"24":0,"25":0,"26":2,"27":0,"28":0,"29":0,"30":0,"31":2,"32":0,"33":0,"34":0,"35":0,"36":2,"37":0,"38":0,"39":0,"40":0,"41":2,"42":0,"43":0,"44":0,"45":0,"46":0,"47":0,"48":2,"49":0,"50":0,"51":0,"52":0,"53":0,"54":0,"55":0,"56":0,"57":0,"58":0,"59":2,"60":1,"61":1,"62":1,"63":1,"64":1,"65":1,"66":1,"67":2,"68":2,"69":1,"70":1,"71":1,"72":1,"73":1,"74":1,"75":1,"76":1,"77":1,"78":1,"79":1,"80":1,"81":1,"82":0,"83":0,"84":1,"85":1,"86":1,"87":1,"88":1,"89":1,"90":1,"91":1,"92":1,"93":1,"94":1,"95":1,"96":1,"97":1,"98":1,"99":1,"100":1,"101":1,"102":1,"103":1,"104":1,"105":1,"106":1,"107":1,"108":1,"109":0,"110":0,"111":1,"112":1,"113":1,"114":1,"115":1,"116":1,"117":1,"118":1,"119":1,"120":1,"121":1,"122":0,"123":0,"124":1,"125":1,"126":1,"127":1,"128":1,"129":1,"130":1,"131":1,"132":1,"133":1,"134":0,"135":1,"136":2,"137":2,"138":2,"139":1,"140":1,"141":1,"142":1,"143":1,"144":1,"145":1,"146":1,"147":1,"148":1,"149":0,"150":0,"151":1,"152":1,"153":1,"154":1,"155":1,"156":1,"157":0,"158":0,"159":1,"160":1,"161":1,"162":1,"163":1,"164":2,"165":2,"166":2,"167":0,"168":2,"169":0,"170":4,"171":1,"172":3,"173":3,"174":0,"175":0},"f":{"0":0,"1":0,"2":0,"3":0,"4":0,"5":0,"6":0,"7":0,"8":1,"9":1,"10":1,"11":1,"12":2,"13":1,"14":0,"15":1,"16":1,"17":1,"18":1,"19":0,"20":1,"21":0,"22":1,"23":0,"24":2,"25":1,"26":0,"27":1,"28":1,"29":0,"30":1,"31":1,"32":0,"33":0,"34":4},"b":{"0":[0],"1":[0,0],"2":[1,1],"3":[1,1],"4":[1,0],"5":[1,0],"6":[1],"7":[4,4],"8":[3,0],"9":[0]}}
,"C:\\Users\\OJOWA\\Documents\\Farm Management System\\apps\\mobile\\src\\store\\slices\\syncSlice.ts": {"path":"C:\\Users\\OJOWA\\Documents\\Farm Management System\\apps\\mobile\\src\\store\\slices\\syncSlice.ts","statementMap":{"0":{"start":{"line":1,"column":0},"end":{"line":1,"column":62}},"1":{"start":{"line":21,"column":32},"end":{"line":27,"column":2}},"2":{"start":{"line":29,"column":18},"end":{"line":67,"column":2}},"3":{"start":{"line":34,"column":6},"end":{"line":34,"column":45}},"4":{"start":{"line":35,"column":6},"end":{"line":37,"column":7}},"5":{"start":{"line":36,"column":8},"end":{"line":36,"column":35}},"6":{"start":{"line":40,"column":6},"end":{"line":40,"column":38}},"7":{"start":{"line":43,"column":6},"end":{"line":43,"column":46}},"8":{"start":{"line":46,"column":6},"end":{"line":51,"column":9}},"9":{"start":{"line":54,"column":6},"end":{"line":54,"column":87}},"10":{"start":{"line":54,"column":61},"end":{"line":54,"column":85}},"11":{"start":{"line":57,"column":17},"end":{"line":57,"column":72}},"12":{"start":{"line":57,"column":48},"end":{"line":57,"column":71}},"13":{"start":{"line":58,"column":6},"end":{"line":58,"column":30}},"14":{"start":{"line":58,"column":14},"end":{"line":58,"column":30}},"15":{"start":{"line":61,"column":6},"end":{"line":61,"column":30}},"16":{"start":{"line":64,"column":6},"end":{"line":64,"column":37}},"17":{"start":{"line":69,"column":13},"end":{"line":77,"column":null}},"18":{"start":{"line":80,"column":0},"end":{"line":80,"column":33}}},"fnMap":{"0":{"name":"(anonymous_0)","decl":{"start":{"line":33,"column":24},"end":{"line":33,"column":25}},"loc":{"start":{"line":33,"column":66},"end":{"line":38,"column":5}}},"1":{"name":"(anonymous_1)","decl":{"start":{"line":39,"column":17},"end":{"line":39,"column":18}},"loc":{"start":{"line":39,"column":59},"end":{"line":41,"column":5}}},"2":{"name":"(anonymous_2)","decl":{"start":{"line":42,"column":25},"end":{"line":42,"column":26}},"loc":{"start":{"line":42,"column":66},"end":{"line":44,"column":5}}},"3":{"name":"(anonymous_3)","decl":{"start":{"line":45,"column":22},"end":{"line":45,"column":23}},"loc":{"start":{"line":45,"column":114},"end":{"line":52,"column":5}}},"4":{"name":"(anonymous_4)","decl":{"start":{"line":53,"column":21},"end":{"line":53,"column":22}},"loc":{"start":{"line":53,"column":62},"end":{"line":55,"column":5}}},"5":{"name":"(anonymous_5)","decl":{"start":{"line":54,"column":53},"end":{"line":54,"column":54}},"loc":{"start":{"line":54,"column":61},"end":{"line":54,"column":85}}},"6":{"name":"(anonymous_6)","decl":{"start":{"line":56,"column":25},"end":{"line":56,"column":26}},"loc":{"start":{"line":56,"column":66},"end":{"line":59,"column":5}}},"7":{"name":"(anonymous_7)","decl":{"start":{"line":57,"column":41},"end":{"line":57,"column":42}},"loc":{"start":{"line":57,"column":48},"end":{"line":57,"column":71}}},"8":{"name":"(anonymous_8)","decl":{"start":{"line":60,"column":16},"end":{"line":60,"column":17}},"loc":{"start":{"line":60,"column":26},"end":{"line":62,"column":5}}},"9":{"name":"(anonymous_9)","decl":{"start":{"line":63,"column":16},"end":{"line":63,"column":17}},"loc":{"start":{"line":63,"column":58},"end":{"line":65,"column":5}}}},"branchMap":{"0":{"loc":{"start":{"line":35,"column":6},"end":{"line":37,"column":7}},"type":"if","locations":[{"start":{"line":35,"column":6},"end":{"line":37,"column":7}}]},"1":{"loc":{"start":{"line":58,"column":6},"end":{"line":58,"column":30}},"type":"if","locations":[{"start":{"line":58,"column":6},"end":{"line":58,"column":30}}]}},"s":{"0":1,"1":1,"2":1,"3":3,"4":3,"5":2,"6":2,"7":1,"8":7,"9":2,"10":2,"11":2,"12":2,"13":2,"14":2,"15":1,"16":1,"17":1,"18":1},"f":{"0":3,"1":2,"2":1,"3":7,"4":2,"5":2,"6":2,"7":2,"8":1,"9":1},"b":{"0":[2],"1":[2]}}
,"C:\\Users\\OJOWA\\Documents\\Farm Management System\\apps\\mobile\\src\\store\\slices\\uiSlice.ts": {"path":"C:\\Users\\OJOWA\\Documents\\Farm Management System\\apps\\mobile\\src\\store\\slices\\uiSlice.ts","statementMap":{"0":{"start":{"line":1,"column":0},"end":{"line":1,"column":62}},"1":{"start":{"line":59,"column":26},"end":{"line":64,"column":2}},"2":{"start":{"line":59,"column":50},"end":{"line":64,"column":2}},"3":{"start":{"line":66,"column":30},"end":{"line":84,"column":2}},"4":{"start":{"line":86,"column":16},"end":{"line":147,"column":2}},"5":{"start":{"line":91,"column":6},"end":{"line":91,"column":40}},"6":{"start":{"line":94,"column":6},"end":{"line":94,"column":73}},"7":{"start":{"line":94,"column":48},"end":{"line":94,"column":71}},"8":{"start":{"line":97,"column":6},"end":{"line":97,"column":24}},"9":{"start":{"line":100,"column":6},"end":{"line":100,"column":43}},"10":{"start":{"line":103,"column":6},"end":{"line":103,"column":44}},"11":{"start":{"line":106,"column":6},"end":{"line":106,"column":44}},"12":{"start":{"line":109,"column":6},"end":{"line":109,"column":49}},"13":{"start":{"line":112,"column":6},"end":{"line":112,"column":43}},"14":{"start":{"line":113,"column":6},"end":{"line":113,"column":58}},"15":{"start":{"line":116,"column":6},"end":{"line":116,"column":74}},"16":{"start":{"line":117,"column":6},"end":{"line":117,"column":58}},"17":{"start":{"line":120,"column":6},"end":{"line":120,"column":82}},"18":{"start":{"line":121,"column":6},"end":{"line":121,"column":62}},"19":{"start":{"line":124,"column":6},"end":{"line":124,"column":78}},"20":{"start":{"line":125,"column":6},"end":{"line":125,"column":60}},"21":{"start":{"line":131,"column":6},"end":{"line":134,"column":8}},"22":{"start":{"line":137,"column":6},"end":{"line":137,"column":61}},"23":{"start":{"line":140,"column":6},"end":{"line":140,"column":34}},"24":{"start":{"line":141,"column":6},"end":{"line":141,"column":34}},"25":{"start":{"line":142,"column":6},"end":{"line":142,"column":39}},"26":{"start":{"line":143,"column":6},"end":{"line":143,"column":43}},"27":{"start":{"line":144,"column":6},"end":{"line":144,"column":49}},"28":{"start":{"line":149,"column":13},"end":{"line":163,"column":null}},"29":{"start":{"line":166,"column":0},"end":{"line":166,"column":31}}},"fnMap":{"0":{"name":"(anonymous_0)","decl":{"start":{"line":59,"column":26},"end":{"line":59,"column":46}},"loc":{"start":{"line":59,"column":50},"end":{"line":64,"column":2}}},"1":{"name":"(anonymous_1)","decl":{"start":{"line":90,"column":15},"end":{"line":90,"column":16}},"loc":{"start":{"line":90,"column":55},"end":{"line":92,"column":5}}},"2":{"name":"(anonymous_2)","decl":{"start":{"line":93,"column":17},"end":{"line":93,"column":18}},"loc":{"start":{"line":93,"column":58},"end":{"line":95,"column":5}}},"3":{"name":"(anonymous_3)","decl":{"start":{"line":94,"column":41},"end":{"line":94,"column":42}},"loc":{"start":{"line":94,"column":48},"end":{"line":94,"column":71}}},"4":{"name":"(anonymous_4)","decl":{"start":{"line":96,"column":17},"end":{"line":96,"column":18}},"loc":{"start":{"line":96,"column":27},"end":{"line":98,"column":5}}},"5":{"name":"(anonymous_5)","decl":{"start":{"line":99,"column":22},"end":{"line":99,"column":23}},"loc":{"start":{"line":99,"column":64},"end":{"line":101,"column":5}}},"6":{"name":"(anonymous_6)","decl":{"start":{"line":102,"column":23},"end":{"line":102,"column":24}},"loc":{"start":{"line":102,"column":71},"end":{"line":104,"column":5}}},"7":{"name":"(anonymous_7)","decl":{"start":{"line":105,"column":23},"end":{"line":105,"column":24}},"loc":{"start":{"line":105,"column":71},"end":{"line":107,"column":5}}},"8":{"name":"(anonymous_8)","decl":{"start":{"line":108,"column":28},"end":{"line":108,"column":29}},"loc":{"start":{"line":108,"column":76},"end":{"line":110,"column":5}}},"9":{"name":"(anonymous_9)","decl":{"start":{"line":111,"column":20},"end":{"line":111,"column":21}},"loc":{"start":{"line":111,"column":82},"end":{"line":114,"column":5}}},"10":{"name":"(anonymous_10)","decl":{"start":{"line":115,"column":20},"end":{"line":115,"column":21}},"loc":{"start":{"line":115,"column":76},"end":{"line":118,"column":5}}},"11":{"name":"(anonymous_11)","decl":{"start":{"line":119,"column":24},"end":{"line":119,"column":25}},"loc":{"start":{"line":119,"column":84},"end":{"line":122,"column":5}}},"12":{"name":"(anonymous_12)","decl":{"start":{"line":123,"column":22},"end":{"line":123,"column":23}},"loc":{"start":{"line":123,"column":80},"end":{"line":126,"column":5}}},"13":{"name":"(anonymous_13)","decl":{"start":{"line":127,"column":19},"end":{"line":127,"column":null}},"loc":{"start":{"line":130,"column":8},"end":{"line":135,"column":5}}},"14":{"name":"(anonymous_14)","decl":{"start":{"line":136,"column":21},"end":{"line":136,"column":22}},"loc":{"start":{"line":136,"column":83},"end":{"line":138,"column":5}}},"15":{"name":"(anonymous_15)","decl":{"start":{"line":139,"column":18},"end":{"line":139,"column":19}},"loc":{"start":{"line":139,"column":28},"end":{"line":145,"column":5}}}},"branchMap":{},"s":{"0":1,"1":1,"2":10,"3":1,"4":1,"5":1,"6":1,"7":1,"8":1,"9":1,"10":2,"11":2,"12":1,"13":2,"14":2,"15":1,"16":1,"17":1,"18":1,"19":1,"20":1,"21":2,"22":1,"23":1,"24":1,"25":1,"26":1,"27":1,"28":1,"29":1},"f":{"0":10,"1":1,"2":1,"3":1,"4":1,"5":1,"6":2,"7":2,"8":1,"9":2,"10":1,"11":1,"12":1,"13":2,"14":1,"15":1},"b":{}}
,"C:\\Users\\OJOWA\\Documents\\Farm Management System\\apps\\mobile\\src\\utils\\apiError.ts": {"path":"C:\\Users\\OJOWA\\Documents\\Farm Management System\\apps\\mobile\\src\\utils\\apiError.ts","statementMap":{"0":{"start":{"line":17,"column":0},"end":{"line":17,"column":16}},"1":{"start":{"line":37,"column":0},"end":{"line":37,"column":16}},"2":{"start":{"line":18,"column":14},"end":{"line":18,"column":50}},"3":{"start":{"line":19,"column":17},"end":{"line":19,"column":46}},"4":{"start":{"line":20,"column":16},"end":{"line":20,"column":56}},"5":{"start":{"line":22,"column":5},"end":{"line":24,"column":40}},"6":{"start":{"line":26,"column":18},"end":{"line":26,"column":59}},"7":{"start":{"line":27,"column":20},"end":{"line":27,"column":36}},"8":{"start":{"line":28,"column":17},"end":{"line":28,"column":49}},"9":{"start":{"line":29,"column":22},"end":{"line":29,"column":36}},"10":{"start":{"line":30,"column":19},"end":{"line":30,"column":51}},"11":{"start":{"line":31,"column":19},"end":{"line":31,"column":67}},"12":{"start":{"line":33,"column":2},"end":{"line":33,"column":87}},"13":{"start":{"line":38,"column":12},"end":{"line":38,"column":39}},"14":{"start":{"line":39,"column":2},"end":{"line":41,"column":3}},"15":{"start":{"line":40,"column":4},"end":{"line":40,"column":62}},"16":{"start":{"line":42,"column":2},"end":{"line":44,"column":3}},"17":{"start":{"line":43,"column":4},"end":{"line":43,"column":51}},"18":{"start":{"line":45,"column":2},"end":{"line":47,"column":3}},"19":{"start":{"line":46,"column":4},"end":{"line":46,"column":61}},"20":{"start":{"line":48,"column":2},"end":{"line":50,"column":3}},"21":{"start":{"line":49,"column":4},"end":{"line":49,"column":56}},"22":{"start":{"line":51,"column":2},"end":{"line":53,"column":3}},"23":{"start":{"line":52,"column":4},"end":{"line":52,"column":74}},"24":{"start":{"line":54,"column":2},"end":{"line":54,"column":31}}},"fnMap":{"0":{"name":"toApiError","decl":{"start":{"line":17,"column":16},"end":{"line":17,"column":26}},"loc":{"start":{"line":17,"column":70},"end":{"line":34,"column":1}}},"1":{"name":"describeApiError","decl":{"start":{"line":37,"column":16},"end":{"line":37,"column":32}},"loc":{"start":{"line":37,"column":76},"end":{"line":55,"column":1}}}},"branchMap":{"0":{"loc":{"start":{"line":17,"column":43},"end":{"line":17,"column":70}},"type":"default-arg","locations":[{"start":{"line":17,"column":54},"end":{"line":17,"column":70}}]},"1":{"loc":{"start":{"line":19,"column":17},"end":{"line":19,"column":46}},"type":"binary-expr","locations":[{"start":{"line":19,"column":17},"end":{"line":19,"column":38}},{"start":{"line":19,"column":42},"end":{"line":19,"column":46}}]},"2":{"loc":{"start":{"line":20,"column":16},"end":{"line":20,"column":56}},"type":"binary-expr","locations":[{"start":{"line":20,"column":16},"end":{"line":20,"column":48}},{"start":{"line":20,"column":52},"end":{"line":20,"column":56}}]},"3":{"loc":{"start":{"line":22,"column":5},"end":{"line":24,"column":40}},"type":"binary-expr","locations":[{"start":{"line":22,"column":5},"end":{"line":22,"column":41}},{"start":{"line":23,"column":5},"end":{"line":23,"column":39}},{"start":{"line":24,"column":5},"end":{"line":24,"column":40}}]},"4":{"loc":{"start":{"line":26,"column":18},"end":{"line":26,"column":59}},"type":"binary-expr","locations":[{"start":{"line":26,"column":18},"end":{"line":26,"column":31}},{"start":{"line":26,"column":35},"end":{"line":26,"column":47}},{"start":{"line":26,"column":51},"end":{"line":26,"column":59}}]},"5":{"loc":{"start":{"line":27,"column":20},"end":{"line":27,"column":36}},"type":"binary-expr","locations":[{"start":{"line":27,"column":20},"end":{"line":27,"column":27}},{"start":{"line":27,"column":31},"end":{"line":27,"column":36}}]},"6":{"loc":{"start":{"line":28,"column":17},"end":{"line":28,"column":49}},"type":"binary-expr","locations":[{"start":{"line":28,"column":17},"end":{"line":28,"column":31}},{"start":{"line":28,"column":35},"end":{"line":28,"column":49}}]},"7":{"loc":{"start":{"line":30,"column":19},"end":{"line":30,"column":51}},"type":"binary-expr","locations":[{"start":{"line":30,"column":19},"end":{"line":30,"column":34}},{"start":{"line":30,"column":38},"end":{"line":30,"column":51}}]},"8":{"loc":{"start":{"line":31,"column":19},"end":{"line":31,"column":67}},"type":"binary-expr","locations":[{"start":{"line":31,"column":19},"end":{"line":31,"column":34}},{"start":{"line":31,"column":38},"end":{"line":31,"column":51}},{"start":{"line":31,"column":55},"end":{"line":31,"column":67}}]},"9":{"loc":{"start":{"line":37,"column":49},"end":{"line":37,"column":76}},"type":"default-arg","locations":[{"start":{"line":37,"column":60},"end":{"line":37,"column":76}}]},"10":{"loc":{"start":{"line":39,"column":2},"end":{"line":41,"column":3}},"type":"if","locations":[{"start":{"line":39,"column":2},"end":{"line":41,"column":3}}]},"11":{"loc":{"start":{"line":42,"column":2},"end":{"line":44,"column":3}},"type":"if","locations":[{"start":{"line":42,"column":2},"end":{"line":44,"column":3}}]},"12":{"loc":{"start":{"line":45,"column":2},"end":{"line":47,"column":3}},"type":"if","locations":[{"start":{"line":45,"column":2},"end":{"line":47,"column":3}}]},"13":{"loc":{"start":{"line":48,"column":2},"end":{"line":50,"column":3}},"type":"if","locations":[{"start":{"line":48,"column":2},"end":{"line":50,"column":3}}]},"14":{"loc":{"start":{"line":51,"column":2},"end":{"line":53,"column":3}},"type":"if","locations":[{"start":{"line":51,"column":2},"end":{"line":53,"column":3}}]},"15":{"loc":{"start":{"line":51,"column":6},"end":{"line":51,"column":33}},"type":"binary-expr","locations":[{"start":{"line":51,"column":6},"end":{"line":51,"column":14}},{"start":{"line":51,"column":18},"end":{"line":51,"column":33}}]},"16":{"loc":{"start":{"line":54,"column":9},"end":{"line":54,"column":30}},"type":"binary-expr","locations":[{"start":{"line":54,"column":9},"end":{"line":54,"column":18}},{"start":{"line":54,"column":22},"end":{"line":54,"column":30}}]}},"s":{"0":3,"1":3,"2":16,"3":16,"4":16,"5":16,"6":16,"7":16,"8":16,"9":16,"10":16,"11":16,"12":16,"13":7,"14":7,"15":1,"16":6,"17":1,"18":5,"19":1,"20":4,"21":1,"22":3,"23":1,"24":2},"f":{"0":16,"1":7},"b":{"0":[8],"1":[16,4],"2":[16,14],"3":[16,13,12],"4":[16,12,10],"5":[16,4],"6":[16,14],"7":[16,12],"8":[16,12,12],"9":[6],"10":[1],"11":[1],"12":[1],"13":[1],"14":[1],"15":[3,2],"16":[2,0]}}
,"C:\\Users\\OJOWA\\Documents\\Farm Management System\\apps\\mobile\\src\\utils\\storage.ts": {"path":"C:\\Users\\OJOWA\\Documents\\Farm Management System\\apps\\mobile\\src\\utils\\storage.ts","statementMap":{"0":{"start":{"line":14,"column":0},"end":{"line":14,"column":7}},"1":{"start":{"line":1,"column":0},"end":{"line":1,"column":69}},"2":{"start":{"line":2,"column":0},"end":{"line":2,"column":null}},"3":{"start":{"line":40,"column":2},"end":{"line":3,"column":null}},"4":{"start":{"line":41,"column":2},"end":{"line":4,"column":null}},"5":{"start":{"line":42,"column":2},"end":{"line":5,"column":null}},"6":{"start":{"line":43,"column":2},"end":{"line":6,"column":null}},"7":{"start":{"line":15,"column":15},"end":{"line":27,"column":4}},"8":{"start":{"line":29,"column":2},"end":{"line":36,"column":3}},"9":{"start":{"line":30,"column":4},"end":{"line":30,"column":41}},"10":{"start":{"line":32,"column":4},"end":{"line":35,"column":5}},"11":{"start":{"line":34,"column":6},"end":{"line":34,"column":55}}},"fnMap":{"0":{"name":"(anonymous_1)","decl":{"start":{"line":40,"column":2},"end":{"line":40,"column":18}},"loc":{"start":{"line":40,"column":2},"end":{"line":3,"column":null}}},"1":{"name":"(anonymous_2)","decl":{"start":{"line":41,"column":2},"end":{"line":41,"column":19}},"loc":{"start":{"line":41,"column":2},"end":{"line":4,"column":null}}},"2":{"name":"(anonymous_3)","decl":{"start":{"line":42,"column":2},"end":{"line":42,"column":10}},"loc":{"start":{"line":42,"column":2},"end":{"line":5,"column":null}}},"3":{"name":"(anonymous_4)","decl":{"start":{"line":43,"column":2},"end":{"line":43,"column":17}},"loc":{"start":{"line":43,"column":2},"end":{"line":6,"column":null}}},"4":{"name":"clearAllStorage","decl":{"start":{"line":14,"column":22},"end":{"line":14,"column":37}},"loc":{"start":{"line":14,"column":37},"end":{"line":37,"column":1}}}},"branchMap":{"0":{"loc":{"start":{"line":32,"column":4},"end":{"line":35,"column":5}},"type":"if","locations":[{"start":{"line":32,"column":4},"end":{"line":35,"column":5}}]}},"s":{"0":2,"1":2,"2":2,"3":2,"4":2,"5":2,"6":2,"7":3,"8":3,"9":3,"10":0,"11":0},"f":{"0":0,"1":0,"2":0,"3":0,"4":3},"b":{"0":[0]}}
}
