{"C:\\Users\\OJOWA\\Documents\\Farm Management System\\apps\\mobile\\src\\services\\api.ts": {"path":"C:\\Users\\OJOWA\\Documents\\Farm Management System\\apps\\mobile\\src\\services\\api.ts","statementMap":{"0":{"start":{"line":18,"column":0},"end":{"line":18,"column":16}},"1":{"start":{"line":1,"column":0},"end":{"line":1,"column":73}},"2":{"start":{"line":2,"column":0},"end":{"line":2,"column":69}},"3":{"start":{"line":10,"column":2},"end":{"line":11,"column":29}},"4":{"start":{"line":16,"column":41},"end":{"line":16,"column":45}},"5":{"start":{"line":19,"column":2},"end":{"line":19,"column":26}},"6":{"start":{"line":23,"column":19},"end":{"line":23,"column":24}},"7":{"start":{"line":27,"column":5},"end":{"line":27,"column":7}},"8":{"start":{"line":30,"column":2},"end":{"line":36,"column":5}},"9":{"start":{"line":31,"column":4},"end":{"line":35,"column":5}},"10":{"start":{"line":32,"column":6},"end":{"line":32,"column":28}},"11":{"start":{"line":34,"column":6},"end":{"line":34,"column":29}},"12":{"start":{"line":37,"column":2},"end":{"line":37,"column":19}},"13":{"start":{"line":44,"column":4},"end":{"line":47,"column":7}},"14":{"start":{"line":50,"column":4},"end":{"line":59,"column":6}},"15":{"start":{"line":52,"column":22},"end":{"line":52,"column":63}},"16":{"start":{"line":53,"column":8},"end":{"line":55,"column":9}},"17":{"start":{"line":54,"column":10},"end":{"line":54,"column":59}},"18":{"start":{"line":56,"column":8},"end":{"line":56,"column":22}},"19":{"start":{"line":58,"column":17},"end":{"line":58,"column":38}},"20":{"start":{"line":62,"column":4},"end":{"line":120,"column":6}},"21":{"start":{"line":63,"column":20},"end":{"line":63,"column":28}},"22":{"start":{"line":65,"column":32},"end":{"line":65,"column":null}},"23":{"start":{"line":69,"column":8},"end":{"line":71,"column":9}},"24":{"start":{"line":70,"column":10},"end":{"line":70,"column":39}},"25":{"start":{"line":74,"column":8},"end":{"line":81,"column":9}},"26":{"start":{"line":75,"column":10},"end":{"line":80,"column":13}},"27":{"start":{"line":76,"column":12},"end":{"line":76,"column":50}},"28":{"start":{"line":78,"column":12},"end":{"line":78,"column":73}},"29":{"start":{"line":79,"column":12},"end":{"line":79,"column":48}},"30":{"start":{"line":83,"column":8},"end":{"line":83,"column":38}},"31":{"start":{"line":84,"column":8},"end":{"line":84,"column":28}},"32":{"start":{"line":86,"column":8},"end":{"line":118,"column":9}},"33":{"start":{"line":87,"column":31},"end":{"line":87,"column":73}},"34":{"start":{"line":88,"column":10},"end":{"line":88,"column":65}},"35":{"start":{"line":88,"column":29},"end":{"line":88,"column":65}},"36":{"start":{"line":90,"column":27},"end":{"line":92,"column":12}},"37":{"start":{"line":94,"column":65},"end":{"line":94,"column":78}},"38":{"start":{"line":95,"column":10},"end":{"line":95,"column":65}},"39":{"start":{"line":96,"column":10},"end":{"line":96,"column":70}},"40":{"start":{"line":98,"column":10},"end":{"line":98,"column":42}},"41":{"start":{"line":100,"column":10},"end":{"line":100,"column":74}},"42":{"start":{"line":101,"column":10},"end":{"line":101,"column":46}},"43":{"start":{"line":104,"column":10},"end":{"line":104,"column":55}},"44":{"start":{"line":105,"column":10},"end":{"line":105,"column":56}},"45":{"start":{"line":106,"column":10},"end":{"line":106,"column":48}},"46":{"start":{"line":108,"column":10},"end":{"line":108,"column":43}},"47":{"start":{"line":111,"column":10},"end":{"line":113,"column":11}},"48":{"start":{"line":112,"column":12},"end":{"line":112,"column":28}},"49":{"start":{"line":115,"column":10},"end":{"line":115,"column":46}},"50":{"start":{"line":117,"column":10},"end":{"line":117,"column":31}},"51":{"start":{"line":124,"column":4},"end":{"line":124,"column":23}},"52":{"start":{"line":128,"column":13},"end":{"line":128,"column":41}},"53":{"start":{"line":132,"column":13},"end":{"line":149,"column":2}},"54":{"start":{"line":134,"column":4},"end":{"line":134,"column":60}},"55":{"start":{"line":136,"column":4},"end":{"line":136,"column":56}},"56":{"start":{"line":138,"column":4},"end":{"line":138,"column":55}},"57":{"start":{"line":140,"column":4},"end":{"line":140,"column":63}},"58":{"start":{"line":142,"column":4},"end":{"line":142,"column":62}},"59":{"start":{"line":144,"column":4},"end":{"line":144,"column":58}},"60":{"start":{"line":145,"column":20},"end":{"line":145,"column":59}},"61":{"start":{"line":147,"column":4},"end":{"line":147,"column":54}},"62":{"start":{"line":148,"column":16},"end":{"line":148,"column":90}},"63":{"start":{"line":148,"column":74},"end":{"line":148,"column":88}},"64":{"start":{"line":151,"column":13},"end":{"line":173,"column":2}},"65":{"start":{"line":152,"column":26},"end":{"line":152,"column":75}},"66":{"start":{"line":153,"column":23},"end":{"line":153,"column":66}},"67":{"start":{"line":155,"column":22},"end":{"line":155,"column":47}},"68":{"start":{"line":156,"column":18},"end":{"line":156,"column":65}},"69":{"start":{"line":157,"column":4},"end":{"line":163,"column":7}},"70":{"start":{"line":166,"column":4},"end":{"line":171,"column":6}},"71":{"start":{"line":172,"column":26},"end":{"line":172,"column":72}},"72":{"start":{"line":175,"column":13},"end":{"line":229,"column":2}},"73":{"start":{"line":176,"column":26},"end":{"line":176,"column":75}},"74":{"start":{"line":177,"column":23},"end":{"line":177,"column":66}},"75":{"start":{"line":182,"column":20},"end":{"line":182,"column":85}},"76":{"start":{"line":183,"column":17},"end":{"line":183,"column":29}},"77":{"start":{"line":186,"column":4},"end":{"line":204,"column":5}},"78":{"start":{"line":187,"column":6},"end":{"line":203,"column":7}},"79":{"start":{"line":189,"column":24},"end":{"line":189,"column":82}},"80":{"start":{"line":190,"column":23},"end":{"line":190,"column":49}},"81":{"start":{"line":191,"column":24},"end":{"line":191,"column":37}},"82":{"start":{"line":192,"column":8},"end":{"line":200,"column":9}},"83":{"start":{"line":193,"column":10},"end":{"line":199,"column":13}},"84":{"start":{"line":202,"column":8},"end":{"line":202,"column":89}},"85":{"start":{"line":202,"column":21},"end":{"line":202,"column":89}},"86":{"start":{"line":205,"column":4},"end":{"line":205,"column":19}},"87":{"start":{"line":209,"column":20},"end":{"line":209,"column":90}},"88":{"start":{"line":211,"column":4},"end":{"line":224,"column":5}},"89":{"start":{"line":212,"column":6},"end":{"line":223,"column":35}},"90":{"start":{"line":213,"column":26},"end":{"line":213,"column":70}},"91":{"start":{"line":214,"column":23},"end":{"line":214,"column":74}},"92":{"start":{"line":215,"column":22},"end":{"line":215,"column":62}},"93":{"start":{"line":215,"column":46},"end":{"line":215,"column":61}},"94":{"start":{"line":216,"column":8},"end":{"line":222,"column":9}},"95":{"start":{"line":217,"column":10},"end":{"line":221,"column":13}},"96":{"start":{"line":225,"column":4},"end":{"line":225,"column":19}},"97":{"start":{"line":227,"column":26},"end":{"line":227,"column":72}},"98":{"start":{"line":228,"column":32},"end":{"line":228,"column":82}},"99":{"start":{"line":231,"column":53},"end":{"line":235,"column":2}},"100":{"start":{"line":237,"column":13},"end":{"line":259,"column":2}},"101":{"start":{"line":238,"column":26},"end":{"line":238,"column":80}},"102":{"start":{"line":239,"column":23},"end":{"line":239,"column":71}},"103":{"start":{"line":241,"column":4},"end":{"line":248,"column":7}},"104":{"start":{"line":251,"column":4},"end":{"line":257,"column":6}},"105":{"start":{"line":258,"column":26},"end":{"line":258,"column":77}},"106":{"start":{"line":261,"column":51},"end":{"line":265,"column":2}},"107":{"start":{"line":267,"column":13},"end":{"line":298,"column":2}},"108":{"start":{"line":268,"column":26},"end":{"line":268,"column":76}},"109":{"start":{"line":269,"column":23},"end":{"line":269,"column":67}},"110":{"start":{"line":271,"column":22},"end":{"line":271,"column":47}},"111":{"start":{"line":272,"column":18},"end":{"line":272,"column":65}},"112":{"start":{"line":273,"column":16},"end":{"line":273,"column":42}},"113":{"start":{"line":274,"column":4},"end":{"line":285,"column":7}},"114":{"start":{"line":288,"column":4},"end":{"line":294,"column":6}},"115":{"start":{"line":295,"column":26},"end":{"line":295,"column":73}},"116":{"start":{"line":296,"column":30},"end":{"line":296,"column":78}},"117":{"start":{"line":297,"column":32},"end":{"line":297,"column":82}},"118":{"start":{"line":302,"column":2},"end":{"line":309,"column":3}},"119":{"start":{"line":303,"column":22},"end":{"line":303,"column":47}},"120":{"start":{"line":304,"column":21},"end":{"line":304,"column":64}},"121":{"start":{"line":305,"column":18},"end":{"line":305,"column":67}},"122":{"start":{"line":306,"column":4},"end":{"line":306,"column":24}},"123":{"start":{"line":308,"column":4},"end":{"line":308,"column":21}},"124":{"start":{"line":312,"column":13},"end":{"line":362,"column":2}},"125":{"start":{"line":315,"column":36},"end":{"line":318,"column":6}},"126":{"start":{"line":319,"column":21},"end":{"line":319,"column":76}},"127":{"start":{"line":320,"column":18},"end":{"line":320,"column":67}},"128":{"start":{"line":321,"column":4},"end":{"line":321,"column":45}},"129":{"start":{"line":323,"column":23},"end":{"line":323,"column":126}},"130":{"start":{"line":323,"column":82},"end":{"line":323,"column":125}},"131":{"start":{"line":325,"column":19},"end":{"line":325,"column":43}},"132":{"start":{"line":326,"column":4},"end":{"line":336,"column":5}},"133":{"start":{"line":327,"column":21},"end":{"line":327,"column":55}},"134":{"start":{"line":328,"column":6},"end":{"line":335,"column":9}},"135":{"start":{"line":337,"column":4},"end":{"line":342,"column":7}},"136":{"start":{"line":345,"column":4},"end":{"line":353,"column":5}},"137":{"start":{"line":346,"column":21},"end":{"line":346,"column":55}},"138":{"start":{"line":347,"column":6},"end":{"line":352,"column":9}},"139":{"start":{"line":354,"column":4},"end":{"line":358,"column":7}},"140":{"start":{"line":360,"column":26},"end":{"line":360,"column":135}},"141":{"start":{"line":360,"column":88},"end":{"line":360,"column":134}},"142":{"start":{"line":361,"column":32},"end":{"line":361,"column":91}},"143":{"start":{"line":364,"column":13},"end":{"line":370,"column":2}},"144":{"start":{"line":365,"column":26},"end":{"line":365,"column":79}},"145":{"start":{"line":366,"column":23},"end":{"line":366,"column":70}},"146":{"start":{"line":367,"column":25},"end":{"line":367,"column":73}},"147":{"start":{"line":368,"column":37},"end":{"line":368,"column":90}},"148":{"start":{"line":369,"column":26},"end":{"line":369,"column":76}},"149":{"start":{"line":372,"column":13},"end":{"line":378,"column":2}},"150":{"start":{"line":373,"column":26},"end":{"line":373,"column":77}},"151":{"start":{"line":374,"column":23},"end":{"line":374,"column":68}},"152":{"start":{"line":375,"column":25},"end":{"line":375,"column":71}},"153":{"start":{"line":376,"column":37},"end":{"line":376,"column":88}},"154":{"start":{"line":377,"column":26},"end":{"line":377,"column":74}}},"fnMap":{"0":{"name":"registerForceLogoutHandler","decl":{"start":{"line":18,"column":16},"end":{"line":18,"column":42}},"loc":{"start":{"line":18,"column":62},"end":{"line":20,"column":1}}},"1":{"name":"processQueue","decl":{"start":{"line":29,"column":9},"end":{"line":29,"column":21}},"loc":{"start":{"line":29,"column":54},"end":{"line":38,"column":1}}},"2":{"name":"(anonymous_3)","decl":{"start":{"line":30,"column":22},"end":{"line":30,"column":23}},"loc":{"start":{"line":30,"column":34},"end":{"line":36,"column":3}}},"3":{"name":"(anonymous_4)","decl":{"start":{"line":43,"column":2},"end":{"line":43,"column":null}},"loc":{"start":{"line":43,"column":2},"end":{"line":121,"column":3}}},"4":{"name":"(anonymous_5)","decl":{"start":{"line":51,"column":6},"end":{"line":51,"column":11}},"loc":{"start":{"line":51,"column":23},"end":{"line":57,"column":7}}},"5":{"name":"(anonymous_6)","decl":{"start":{"line":58,"column":6},"end":{"line":58,"column":7}},"loc":{"start":{"line":58,"column":17},"end":{"line":58,"column":38}}},"6":{"name":"(anonymous_7)","decl":{"start":{"line":63,"column":6},"end":{"line":63,"column":7}},"loc":{"start":{"line":63,"column":20},"end":{"line":63,"column":28}}},"7":{"name":"(anonymous_8)","decl":{"start":{"line":64,"column":6},"end":{"line":64,"column":11}},"loc":{"start":{"line":64,"column":22},"end":{"line":119,"column":7}}},"8":{"name":"(anonymous_9)","decl":{"start":{"line":75,"column":37},"end":{"line":75,"column":38}},"loc":{"start":{"line":75,"column":57},"end":{"line":77,"column":11}}},"9":{"name":"(anonymous_10)","decl":{"start":{"line":77,"column":18},"end":{"line":77,"column":19}},"loc":{"start":{"line":77,"column":31},"end":{"line":80,"column":11}}},"10":{"name":"(anonymous_11)","decl":{"start":{"line":123,"column":2},"end":{"line":123,"column":6}},"loc":{"start":{"line":123,"column":19},"end":{"line":125,"column":3}}},"11":{"name":"(anonymous_12)","decl":{"start":{"line":133,"column":9},"end":{"line":133,"column":10}},"loc":{"start":{"line":134,"column":4},"end":{"line":134,"column":60}}},"12":{"name":"(anonymous_13)","decl":{"start":{"line":135,"column":12},"end":{"line":135,"column":13}},"loc":{"start":{"line":136,"column":4},"end":{"line":136,"column":56}}},"13":{"name":"(anonymous_14)","decl":{"start":{"line":137,"column":16},"end":{"line":137,"column":17}},"loc":{"start":{"line":138,"column":4},"end":{"line":138,"column":55}}},"14":{"name":"(anonymous_15)","decl":{"start":{"line":139,"column":24},"end":{"line":139,"column":25}},"loc":{"start":{"line":140,"column":4},"end":{"line":140,"column":63}}},"15":{"name":"(anonymous_16)","decl":{"start":{"line":141,"column":17},"end":{"line":141,"column":18}},"loc":{"start":{"line":142,"column":4},"end":{"line":142,"column":62}}},"16":{"name":"(anonymous_17)","decl":{"start":{"line":143,"column":13},"end":{"line":143,"column":14}},"loc":{"start":{"line":144,"column":4},"end":{"line":144,"column":58}}},"17":{"name":"(anonymous_18)","decl":{"start":{"line":145,"column":14},"end":{"line":145,"column":17}},"loc":{"start":{"line":145,"column":20},"end":{"line":145,"column":59}}},"18":{"name":"(anonymous_19)","decl":{"start":{"line":146,"column":17},"end":{"line":146,"column":18}},"loc":{"start":{"line":147,"column":4},"end":{"line":147,"column":54}}},"19":{"name":"(anonymous_20)","decl":{"start":{"line":148,"column":10},"end":{"line":148,"column":13}},"loc":{"start":{"line":148,"column":16},"end":{"line":148,"column":90}}},"20":{"name":"(anonymous_21)","decl":{"start":{"line":148,"column":67},"end":{"line":148,"column":70}},"loc":{"start":{"line":148,"column":74},"end":{"line":148,"column":88}}},"21":{"name":"(anonymous_22)","decl":{"start":{"line":152,"column":8},"end":{"line":152,"column":9}},"loc":{"start":{"line":152,"column":26},"end":{"line":152,"column":75}}},"22":{"name":"(anonymous_23)","decl":{"start":{"line":153,"column":7},"end":{"line":153,"column":8}},"loc":{"start":{"line":153,"column":23},"end":{"line":153,"column":66}}},"23":{"name":"(anonymous_24)","decl":{"start":{"line":154,"column":10},"end":{"line":154,"column":11}},"loc":{"start":{"line":154,"column":24},"end":{"line":164,"column":3}}},"24":{"name":"(anonymous_25)","decl":{"start":{"line":165,"column":10},"end":{"line":165,"column":11}},"loc":{"start":{"line":166,"column":4},"end":{"line":171,"column":6}}},"25":{"name":"(anonymous_26)","decl":{"start":{"line":172,"column":10},"end":{"line":172,"column":11}},"loc":{"start":{"line":172,"column":26},"end":{"line":172,"column":72}}},"26":{"name":"(anonymous_27)","decl":{"start":{"line":176,"column":8},"end":{"line":176,"column":9}},"loc":{"start":{"line":176,"column":26},"end":{"line":176,"column":75}}},"27":{"name":"(anonymous_28)","decl":{"start":{"line":177,"column":7},"end":{"line":177,"column":8}},"loc":{"start":{"line":177,"column":23},"end":{"line":177,"column":66}}},"28":{"name":"(anonymous_29)","decl":{"start":{"line":179,"column":10},"end":{"line":179,"column":15}},"loc":{"start":{"line":179,"column":30},"end":{"line":206,"column":3}}},"29":{"name":"(anonymous_30)","decl":{"start":{"line":207,"column":10},"end":{"line":207,"column":15}},"loc":{"start":{"line":207,"column":42},"end":{"line":226,"column":3}}},"30":{"name":"(anonymous_31)","decl":{"start":{"line":215,"column":34},"end":{"line":215,"column":35}},"loc":{"start":{"line":215,"column":46},"end":{"line":215,"column":61}}},"31":{"name":"(anonymous_32)","decl":{"start":{"line":227,"column":10},"end":{"line":227,"column":11}},"loc":{"start":{"line":227,"column":26},"end":{"line":227,"column":72}}},"32":{"name":"(anonymous_33)","decl":{"start":{"line":228,"column":14},"end":{"line":228,"column":15}},"loc":{"start":{"line":228,"column":32},"end":{"line":228,"column":82}}},"33":{"name":"(anonymous_34)","decl":{"start":{"line":238,"column":8},"end":{"line":238,"column":9}},"loc":{"start":{"line":238,"column":26},"end":{"line":238,"column":80}}},"34":{"name":"(anonymous_35)","decl":{"start":{"line":239,"column":7},"end":{"line":239,"column":8}},"loc":{"start":{"line":239,"column":23},"end":{"line":239,"column":71}}},"35":{"name":"(anonymous_36)","decl":{"start":{"line":240,"column":10},"end":{"line":240,"column":11}},"loc":{"start":{"line":240,"column":24},"end":{"line":249,"column":3}}},"36":{"name":"(anonymous_37)","decl":{"start":{"line":250,"column":10},"end":{"line":250,"column":11}},"loc":{"start":{"line":251,"column":4},"end":{"line":257,"column":6}}},"37":{"name":"(anonymous_38)","decl":{"start":{"line":258,"column":10},"end":{"line":258,"column":11}},"loc":{"start":{"line":258,"column":26},"end":{"line":258,"column":77}}},"38":{"name":"(anonymous_39)","decl":{"start":{"line":268,"column":8},"end":{"line":268,"column":9}},"loc":{"start":{"line":268,"column":26},"end":{"line":268,"column":76}}},"39":{"name":"(anonymous_40)","decl":{"start":{"line":269,"column":7},"end":{"line":269,"column":8}},"loc":{"start":{"line":269,"column":23},"end":{"line":269,"column":67}}},"40":{"name":"(anonymous_41)","decl":{"start":{"line":270,"column":10},"end":{"line":270,"column":11}},"loc":{"start":{"line":270,"column":24},"end":{"line":286,"column":3}}},"41":{"name":"(anonymous_42)","decl":{"start":{"line":287,"column":10},"end":{"line":287,"column":11}},"loc":{"start":{"line":288,"column":4},"end":{"line":294,"column":6}}},"42":{"name":"(anonymous_43)","decl":{"start":{"line":295,"column":10},"end":{"line":295,"column":11}},"loc":{"start":{"line":295,"column":26},"end":{"line":295,"column":73}}},"43":{"name":"(anonymous_44)","decl":{"start":{"line":296,"column":12},"end":{"line":296,"column":13}},"loc":{"start":{"line":296,"column":30},"end":{"line":296,"column":78}}},"44":{"name":"(anonymous_45)","decl":{"start":{"line":297,"column":14},"end":{"line":297,"column":15}},"loc":{"start":{"line":297,"column":32},"end":{"line":297,"column":82}}},"45":{"name":"getDefaultFarmId","decl":{"start":{"line":301,"column":15},"end":{"line":301,"column":31}},"loc":{"start":{"line":301,"column":31},"end":{"line":310,"column":1}}},"46":{"name":"(anonymous_47)","decl":{"start":{"line":314,"column":8},"end":{"line":314,"column":13}},"loc":{"start":{"line":314,"column":31},"end":{"line":322,"column":3}}},"47":{"name":"(anonymous_48)","decl":{"start":{"line":323,"column":7},"end":{"line":323,"column":8}},"loc":{"start":{"line":323,"column":23},"end":{"line":323,"column":126}}},"48":{"name":"(anonymous_49)","decl":{"start":{"line":323,"column":76},"end":{"line":323,"column":79}},"loc":{"start":{"line":323,"column":82},"end":{"line":323,"column":125}}},"49":{"name":"(anonymous_50)","decl":{"start":{"line":324,"column":10},"end":{"line":324,"column":15}},"loc":{"start":{"line":324,"column":30},"end":{"line":343,"column":3}}},"50":{"name":"(anonymous_51)","decl":{"start":{"line":344,"column":10},"end":{"line":344,"column":15}},"loc":{"start":{"line":344,"column":42},"end":{"line":359,"column":3}}},"51":{"name":"(anonymous_52)","decl":{"start":{"line":360,"column":10},"end":{"line":360,"column":11}},"loc":{"start":{"line":360,"column":26},"end":{"line":360,"column":135}}},"52":{"name":"(anonymous_53)","decl":{"start":{"line":360,"column":82},"end":{"line":360,"column":85}},"loc":{"start":{"line":360,"column":88},"end":{"line":360,"column":134}}},"53":{"name":"(anonymous_54)","decl":{"start":{"line":361,"column":14},"end":{"line":361,"column":15}},"loc":{"start":{"line":361,"column":32},"end":{"line":361,"column":91}}},"54":{"name":"(anonymous_55)","decl":{"start":{"line":365,"column":8},"end":{"line":365,"column":9}},"loc":{"start":{"line":365,"column":26},"end":{"line":365,"column":79}}},"55":{"name":"(anonymous_56)","decl":{"start":{"line":366,"column":7},"end":{"line":366,"column":8}},"loc":{"start":{"line":366,"column":23},"end":{"line":366,"column":70}}},"56":{"name":"(anonymous_57)","decl":{"start":{"line":367,"column":10},"end":{"line":367,"column":11}},"loc":{"start":{"line":367,"column":25},"end":{"line":367,"column":73}}},"57":{"name":"(anonymous_58)","decl":{"start":{"line":368,"column":10},"end":{"line":368,"column":11}},"loc":{"start":{"line":368,"column":37},"end":{"line":368,"column":90}}},"58":{"name":"(anonymous_59)","decl":{"start":{"line":369,"column":10},"end":{"line":369,"column":11}},"loc":{"start":{"line":369,"column":26},"end":{"line":369,"column":76}}},"59":{"name":"(anonymous_60)","decl":{"start":{"line":373,"column":8},"end":{"line":373,"column":9}},"loc":{"start":{"line":373,"column":26},"end":{"line":373,"column":77}}},"60":{"name":"(anonymous_61)","decl":{"start":{"line":374,"column":7},"end":{"line":374,"column":8}},"loc":{"start":{"line":374,"column":23},"end":{"line":374,"column":68}}},"61":{"name":"(anonymous_62)","decl":{"start":{"line":375,"column":10},"end":{"line":375,"column":11}},"loc":{"start":{"line":375,"column":25},"end":{"line":375,"column":71}}},"62":{"name":"(anonymous_63)","decl":{"start":{"line":376,"column":10},"end":{"line":376,"column":11}},"loc":{"start":{"line":376,"column":37},"end":{"line":376,"column":88}}},"63":{"name":"(anonymous_64)","decl":{"start":{"line":377,"column":10},"end":{"line":377,"column":11}},"loc":{"start":{"line":377,"column":26},"end":{"line":377,"column":74}}}},"branchMap":{"0":{"loc":{"start":{"line":10,"column":2},"end":{"line":11,"column":29}},"type":"binary-expr","locations":[{"start":{"line":10,"column":3},"end":{"line":10,"column":33}},{"start":{"line":10,"column":37},"end":{"line":10,"column":70}},{"start":{"line":11,"column":2},"end":{"line":11,"column":29}}]},"1":{"loc":{"start":{"line":31,"column":4},"end":{"line":35,"column":5}},"type":"if","locations":[{"start":{"line":31,"column":4},"end":{"line":35,"column":5}},{"start":{"line":33,"column":11},"end":{"line":35,"column":5}}]},"2":{"loc":{"start":{"line":31,"column":8},"end":{"line":31,"column":23}},"type":"binary-expr","locations":[{"start":{"line":31,"column":8},"end":{"line":31,"column":13}},{"start":{"line":31,"column":17},"end":{"line":31,"column":23}}]},"3":{"loc":{"start":{"line":53,"column":8},"end":{"line":55,"column":9}},"type":"if","locations":[{"start":{"line":53,"column":8},"end":{"line":55,"column":9}}]},"4":{"loc":{"start":{"line":69,"column":8},"end":{"line":71,"column":9}},"type":"if","locations":[{"start":{"line":69,"column":8},"end":{"line":71,"column":9}}]},"5":{"loc":{"start":{"line":69,"column":12},"end":{"line":69,"column":68}},"type":"binary-expr","locations":[{"start":{"line":69,"column":12},"end":{"line":69,"column":42}},{"start":{"line":69,"column":46},"end":{"line":69,"column":68}}]},"6":{"loc":{"start":{"line":74,"column":8},"end":{"line":81,"column":9}},"type":"if","locations":[{"start":{"line":74,"column":8},"end":{"line":81,"column":9}}]},"7":{"loc":{"start":{"line":88,"column":10},"end":{"line":88,"column":65}},"type":"if","locations":[{"start":{"line":88,"column":10},"end":{"line":88,"column":65}}]},"8":{"loc":{"start":{"line":111,"column":10},"end":{"line":113,"column":11}},"type":"if","locations":[{"start":{"line":111,"column":10},"end":{"line":113,"column":11}}]},"9":{"loc":{"start":{"line":160,"column":16},"end":{"line":160,"column":37}},"type":"binary-expr","locations":[{"start":{"line":160,"column":16},"end":{"line":160,"column":29}},{"start":{"line":160,"column":33},"end":{"line":160,"column":37}}]},"10":{"loc":{"start":{"line":161,"column":12},"end":{"line":161,"column":34}},"type":"binary-expr","locations":[{"start":{"line":161,"column":12},"end":{"line":161,"column":29}},{"start":{"line":161,"column":33},"end":{"line":161,"column":34}}]},"11":{"loc":{"start":{"line":162,"column":14},"end":{"line":162,"column":37}},"type":"binary-expr","locations":[{"start":{"line":162,"column":14},"end":{"line":162,"column":25}},{"start":{"line":162,"column":29},"end":{"line":162,"column":37}}]},"12":{"loc":{"start":{"line":168,"column":16},"end":{"line":168,"column":37}},"type":"binary-expr","locations":[{"start":{"line":168,"column":16},"end":{"line":168,"column":29}},{"start":{"line":168,"column":33},"end":{"line":168,"column":37}}]},"13":{"loc":{"start":{"line":169,"column":12},"end":{"line":169,"column":34}},"type":"binary-expr","locations":[{"start":{"line":169,"column":12},"end":{"line":169,"column":29}},{"start":{"line":169,"column":33},"end":{"line":169,"column":34}}]},"14":{"loc":{"start":{"line":170,"column":14},"end":{"line":170,"column":37}},"type":"binary-expr","locations":[{"start":{"line":170,"column":14},"end":{"line":170,"column":25}},{"start":{"line":170,"column":29},"end":{"line":170,"column":37}}]},"15":{"loc":{"start":{"line":186,"column":4},"end":{"line":204,"column":5}},"type":"if","locations":[{"start":{"line":186,"column":4},"end":{"line":204,"column":5}}]},"16":{"loc":{"start":{"line":186,"column":8},"end":{"line":186,"column":39}},"type":"binary-expr","locations":[{"start":{"line":186,"column":8},"end":{"line":186,"column":24}},{"start":{"line":186,"column":28},"end":{"line":186,"column":39}}]},"17":{"loc":{"start":{"line":190,"column":23},"end":{"line":190,"column":49}},"type":"binary-expr","locations":[{"start":{"line":190,"column":23},"end":{"line":190,"column":43}},{"start":{"line":190,"column":47},"end":{"line":190,"column":49}}]},"18":{"loc":{"start":{"line":192,"column":8},"end":{"line":200,"column":9}},"type":"if","locations":[{"start":{"line":192,"column":8},"end":{"line":200,"column":9}}]},"19":{"loc":{"start":{"line":197,"column":20},"end":{"line":197,"column":46}},"type":"binary-expr","locations":[{"start":{"line":197,"column":20},"end":{"line":197,"column":39}},{"start":{"line":197,"column":43},"end":{"line":197,"column":46}}]},"20":{"loc":{"start":{"line":198,"column":20},"end":{"line":198,"column":44}},"type":"binary-expr","locations":[{"start":{"line":198,"column":20},"end":{"line":198,"column":31}},{"start":{"line":198,"column":35},"end":{"line":198,"column":44}}]},"21":{"loc":{"start":{"line":202,"column":8},"end":{"line":202,"column":89}},"type":"if","locations":[{"start":{"line":202,"column":8},"end":{"line":202,"column":89}}]},"22":{"loc":{"start":{"line":211,"column":4},"end":{"line":224,"column":5}},"type":"if","locations":[{"start":{"line":211,"column":4},"end":{"line":224,"column":5}}]},"23":{"loc":{"start":{"line":211,"column":8},"end":{"line":211,"column":68}},"type":"binary-expr","locations":[{"start":{"line":211,"column":8},"end":{"line":211,"column":24}},{"start":{"line":211,"column":28},"end":{"line":211,"column":53}},{"start":{"line":211,"column":57},"end":{"line":211,"column":68}}]},"24":{"loc":{"start":{"line":214,"column":23},"end":{"line":214,"column":74}},"type":"cond-expr","locations":[{"start":{"line":214,"column":55},"end":{"line":214,"column":69}},{"start":{"line":214,"column":72},"end":{"line":214,"column":74}}]},"25":{"loc":{"start":{"line":216,"column":8},"end":{"line":222,"column":9}},"type":"if","locations":[{"start":{"line":216,"column":8},"end":{"line":222,"column":9}}]},"26":{"loc":{"start":{"line":218,"column":20},"end":{"line":218,"column":52}},"type":"binary-expr","locations":[{"start":{"line":218,"column":20},"end":{"line":218,"column":39}},{"start":{"line":218,"column":43},"end":{"line":218,"column":52}}]},"27":{"loc":{"start":{"line":219,"column":20},"end":{"line":219,"column":44}},"type":"binary-expr","locations":[{"start":{"line":219,"column":20},"end":{"line":219,"column":31}},{"start":{"line":219,"column":35},"end":{"line":219,"column":44}}]},"28":{"loc":{"start":{"line":220,"column":25},"end":{"line":220,"column":91}},"type":"cond-expr","locations":[{"start":{"line":220,"column":55},"end":{"line":220,"column":79}},{"start":{"line":220,"column":82},"end":{"line":220,"column":91}}]},"29":{"loc":{"start":{"line":243,"column":15},"end":{"line":243,"column":51}},"type":"binary-expr","locations":[{"start":{"line":243,"column":15},"end":{"line":243,"column":24}},{"start":{"line":243,"column":28},"end":{"line":243,"column":38}},{"start":{"line":243,"column":42},"end":{"line":243,"column":51}}]},"30":{"loc":{"start":{"line":244,"column":13},"end":{"line":244,"column":31}},"type":"binary-expr","locations":[{"start":{"line":244,"column":13},"end":{"line":244,"column":23}},{"start":{"line":244,"column":27},"end":{"line":244,"column":31}}]},"31":{"loc":{"start":{"line":245,"column":14},"end":{"line":245,"column":35}},"type":"binary-expr","locations":[{"start":{"line":245,"column":14},"end":{"line":245,"column":25}},{"start":{"line":245,"column":29},"end":{"line":245,"column":35}}]},"32":{"loc":{"start":{"line":246,"column":17},"end":{"line":246,"column":59}},"type":"binary-expr","locations":[{"start":{"line":246,"column":17},"end":{"line":246,"column":31}},{"start":{"line":246,"column":35},"end":{"line":246,"column":59}}]},"33":{"loc":{"start":{"line":247,"column":14},"end":{"line":247,"column":60}},"type":"binary-expr","locations":[{"start":{"line":247,"column":14},"end":{"line":247,"column":47}},{"start":{"line":247,"column":51},"end":{"line":247,"column":60}}]},"34":{"loc":{"start":{"line":252,"column":15},"end":{"line":252,"column":38}},"type":"binary-expr","locations":[{"start":{"line":252,"column":15},"end":{"line":252,"column":24}},{"start":{"line":252,"column":28},"end":{"line":252,"column":38}}]},"35":{"loc":{"start":{"line":253,"column":13},"end":{"line":253,"column":31}},"type":"binary-expr","locations":[{"start":{"line":253,"column":13},"end":{"line":253,"column":23}},{"start":{"line":253,"column":27},"end":{"line":253,"column":31}}]},"36":{"loc":{"start":{"line":254,"column":14},"end":{"line":254,"column":38}},"type":"binary-expr","locations":[{"start":{"line":254,"column":14},"end":{"line":254,"column":25}},{"start":{"line":254,"column":29},"end":{"line":254,"column":38}}]},"37":{"loc":{"start":{"line":255,"column":17},"end":{"line":255,"column":44}},"type":"binary-expr","locations":[{"start":{"line":255,"column":17},"end":{"line":255,"column":31}},{"start":{"line":255,"column":35},"end":{"line":255,"column":44}}]},"38":{"loc":{"start":{"line":256,"column":14},"end":{"line":256,"column":60}},"type":"binary-expr","locations":[{"start":{"line":256,"column":14},"end":{"line":256,"column":47}},{"start":{"line":256,"column":51},"end":{"line":256,"column":60}}]},"39":{"loc":{"start":{"line":273,"column":16},"end":{"line":273,"column":42}},"type":"binary-expr","locations":[{"start":{"line":273,"column":16},"end":{"line":273,"column":37}},{"start":{"line":273,"column":41},"end":{"line":273,"column":42}}]},"40":{"loc":{"start":{"line":277,"column":13},"end":{"line":277,"column":65}},"type":"binary-expr","locations":[{"start":{"line":277,"column":13},"end":{"line":277,"column":23}},{"start":{"line":277,"column":27},"end":{"line":277,"column":65}}]},"41":{"loc":{"start":{"line":278,"column":15},"end":{"line":278,"column":69}},"type":"binary-expr","locations":[{"start":{"line":278,"column":15},"end":{"line":278,"column":27}},{"start":{"line":278,"column":31},"end":{"line":278,"column":69}}]},"42":{"loc":{"start":{"line":279,"column":17},"end":{"line":279,"column":51}},"type":"binary-expr","locations":[{"start":{"line":279,"column":17},"end":{"line":279,"column":26}},{"start":{"line":279,"column":30},"end":{"line":279,"column":51}}]},"43":{"loc":{"start":{"line":282,"column":19},"end":{"line":282,"column":61}},"type":"binary-expr","locations":[{"start":{"line":282,"column":19},"end":{"line":282,"column":33}},{"start":{"line":282,"column":37},"end":{"line":282,"column":61}}]},"44":{"loc":{"start":{"line":284,"column":14},"end":{"line":284,"column":57}},"type":"binary-expr","locations":[{"start":{"line":284,"column":14},"end":{"line":284,"column":45}},{"start":{"line":284,"column":49},"end":{"line":284,"column":57}}]},"45":{"loc":{"start":{"line":290,"column":20},"end":{"line":290,"column":54}},"type":"binary-expr","locations":[{"start":{"line":290,"column":20},"end":{"line":290,"column":41}},{"start":{"line":290,"column":45},"end":{"line":290,"column":54}}]},"46":{"loc":{"start":{"line":291,"column":14},"end":{"line":291,"column":58}},"type":"binary-expr","locations":[{"start":{"line":291,"column":14},"end":{"line":291,"column":45}},{"start":{"line":291,"column":49},"end":{"line":291,"column":58}}]},"47":{"loc":{"start":{"line":292,"column":13},"end":{"line":292,"column":36}},"type":"binary-expr","locations":[{"start":{"line":292,"column":13},"end":{"line":292,"column":23}},{"start":{"line":292,"column":27},"end":{"line":292,"column":36}}]},"48":{"loc":{"start":{"line":293,"column":15},"end":{"line":293,"column":40}},"type":"binary-expr","locations":[{"start":{"line":293,"column":15},"end":{"line":293,"column":27}},{"start":{"line":293,"column":31},"end":{"line":293,"column":40}}]},"49":{"loc":{"start":{"line":305,"column":18},"end":{"line":305,"column":67}},"type":"cond-expr","locations":[{"start":{"line":305,"column":49},"end":{"line":305,"column":62}},{"start":{"line":305,"column":65},"end":{"line":305,"column":67}}]},"50":{"loc":{"start":{"line":319,"column":21},"end":{"line":319,"column":76}},"type":"cond-expr","locations":[{"start":{"line":319,"column":55},"end":{"line":319,"column":71}},{"start":{"line":319,"column":74},"end":{"line":319,"column":76}}]},"51":{"loc":{"start":{"line":320,"column":18},"end":{"line":320,"column":67}},"type":"cond-expr","locations":[{"start":{"line":320,"column":49},"end":{"line":320,"column":62}},{"start":{"line":320,"column":65},"end":{"line":320,"column":67}}]},"52":{"loc":{"start":{"line":326,"column":4},"end":{"line":336,"column":5}},"type":"if","locations":[{"start":{"line":326,"column":4},"end":{"line":336,"column":5}}]},"53":{"loc":{"start":{"line":327,"column":30},"end":{"line":327,"column":54}},"type":"binary-expr","locations":[{"start":{"line":327,"column":30},"end":{"line":327,"column":49}},{"start":{"line":327,"column":53},"end":{"line":327,"column":54}}]},"54":{"loc":{"start":{"line":340,"column":23},"end":{"line":340,"column":47}},"type":"binary-expr","locations":[{"start":{"line":340,"column":23},"end":{"line":340,"column":42}},{"start":{"line":340,"column":46},"end":{"line":340,"column":47}}]},"55":{"loc":{"start":{"line":345,"column":4},"end":{"line":353,"column":5}},"type":"if","locations":[{"start":{"line":345,"column":4},"end":{"line":353,"column":5}}]},"56":{"loc":{"start":{"line":346,"column":30},"end":{"line":346,"column":54}},"type":"binary-expr","locations":[{"start":{"line":346,"column":30},"end":{"line":346,"column":49}},{"start":{"line":346,"column":53},"end":{"line":346,"column":54}}]},"57":{"loc":{"start":{"line":356,"column":23},"end":{"line":356,"column":47}},"type":"binary-expr","locations":[{"start":{"line":356,"column":23},"end":{"line":356,"column":42}},{"start":{"line":356,"column":46},"end":{"line":356,"column":47}}]}},"s":{"0":2,"1":2,"2":2,"3":2,"4":2,"5":2,"6":2,"7":2,"8":0,"9":0,"10":0,"11":0,"12":0,"13":2,"14":2,"15":0,"16":0,"17":0,"18":0,"19":0,"20":2,"21":0,"22":0,"23":0,"24":0,"25":0,"26":0,"27":0,"28":0,"29":0,"30":0,"31":0,"32":0,"33":0,"34":0,"35":0,"36":0,"37":0,"38":0,"39":0,"40":0,"41":0,"42":0,"43":0,"44":0,"45":0,"46":0,"47":0,"48":0,"49":0,"50":0,"51":0,"52":2,"53":2,"54":0,"55":0,"56":0,"57":0,"58":0,"59":0,"60":0,"61":0,"62":0,"63":0,"64":2,"65":0,"66":0,"67":0,"68":0,"69":0,"70":0,"71":0,"72":2,"73":0,"74":0,"75":0,"76":0,"77":0,"78":0,"79":0,"80":0,"81":0,"82":0,"83":0,"84":0,"85":0,"86":0,"87":0,"88":0,"89":0,"90":0,"91":0,"92":0,"93":0,"94":0,"95":0,"96":0,"97":0,"98":0,"99":2,"100":2,"101":0,"102":0,"103":0,"104":0,"105":0,"106":2,"107":2,"108":0,"109":0,"110":0,"111":0,"112":0,"113":0,"114":0,"115":0,"116":0,"117":0,"118":0,"119":0,"120":0,"121":0,"122":0,"123":0,"124":2,"125":0,"126":0,"127":0,"128":0,"129":0,"130":0,"131":0,"132":0,"133":0,"134":0,"135":0,"136":0,"137":0,"138":0,"139":0,"140":0,"141":0,"142":0,"143":2,"144":0,"145":0,"146":0,"147":0,"148":0,"149":2,"150":0,"151":0,"152":0,"153":0,"154":0},"f":{"0":2,"1":0,"2":0,"3":2,"4":0,"5":0,"6":0,"7":0,"8":0,"9":0,"10":0,"11":0,"12":0,"13":0,"14":0,"15":0,"16":0,"17":0,"18":0,"19":0,"20":0,"21":0,"22":0,"23":0,"24":0,"25":0,"26":0,"27":0,"28":0,"29":0,"30":0,"31":0,"32":0,"33":0,"34":0,"35":0,"36":0,"37":0,"38":0,"39":0,"40":0,"41":0,"42":0,"43":0,"44":0,"45":0,"46":0,"47":0,"48":0,"49":0,"50":0,"51":0,"52":0,"53":0,"54":0,"55":0,"56":0,"57":0,"58":0,"59":0,"60":0,"61":0,"62":0,"63":0},"b":{"0":[2,2,2],"1":[0,0],"2":[0,0],"3":[0],"4":[0],"5":[0,0],"6":[0],"7":[0],"8":[0],"9":[0,0],"10":[0,0],"11":[0,0],"12":[0,0],"13":[0,0],"14":[0,0],"15":[0],"16":[0,0],"17":[0,0],"18":[0],"19":[0,0],"20":[0,0],"21":[0],"22":[0],"23":[0,0,0],"24":[0,0],"25":[0],"26":[0,0],"27":[0,0],"28":[0,0],"29":[0,0,0],"30":[0,0],"31":[0,0],"32":[0,0],"33":[0,0],"34":[0,0],"35":[0,0],"36":[0,0],"37":[0,0],"38":[0,0],"39":[0,0],"40":[0,0],"41":[0,0],"42":[0,0],"43":[0,0],"44":[0,0],"45":[0,0],"46":[0,0],"47":[0,0],"48":[0,0],"49":[0,0],"50":[0,0],"51":[0,0],"52":[0],"53":[0,0],"54":[0,0],"55":[0],"56":[0,0],"57":[0,0]}}
,"C:\\Users\\OJOWA\\Documents\\Farm Management System\\apps\\mobile\\src\\store\\slices\\authSlice.ts": {"path":"C:\\Users\\OJOWA\\Documents\\Farm Management System\\apps\\mobile\\src\\store\\slices\\authSlice.ts","statementMap":{"0":{"start":{"line":390,"column":0},"end":{"line":390,"column":16}},"1":{"start":{"line":1,"column":0},"end":{"line":1,"column":80}},"2":{"start":{"line":2,"column":0},"end":{"line":2,"column":69}},"3":{"start":{"line":3,"column":0},"end":{"line":3,"column":73}},"4":{"start":{"line":4,"column":0},"end":{"line":4,"column":54}},"5":{"start":{"line":5,"column":0},"end":{"line":5,"column":56}},"6":{"start":{"line":10,"column":13},"end":{"line":10,"column":46}},"7":{"start":{"line":11,"column":13},"end":{"line":11,"column":48}},"8":{"start":{"line":12,"column":13},"end":{"line":12,"column":31}},"9":{"start":{"line":13,"column":13},"end":{"line":13,"column":49}},"10":{"start":{"line":48,"column":32},"end":{"line":59,"column":2}},"11":{"start":{"line":62,"column":13},"end":{"line":72,"column":2}},"12":{"start":{"line":65,"column":4},"end":{"line":70,"column":5}},"13":{"start":{"line":66,"column":23},"end":{"line":66,"column":55}},"14":{"start":{"line":67,"column":6},"end":{"line":67,"column":27}},"15":{"start":{"line":69,"column":6},"end":{"line":69,"column":70}},"16":{"start":{"line":74,"column":13},"end":{"line":94,"column":2}},"17":{"start":{"line":80,"column":4},"end":{"line":92,"column":5}},"18":{"start":{"line":81,"column":35},"end":{"line":81,"column":66}},"19":{"start":{"line":82,"column":23},"end":{"line":82,"column":50}},"20":{"start":{"line":83,"column":23},"end":{"line":88,"column":8}},"21":{"start":{"line":89,"column":6},"end":{"line":89,"column":27}},"22":{"start":{"line":91,"column":6},"end":{"line":91,"column":77}},"23":{"start":{"line":96,"column":13},"end":{"line":106,"column":2}},"24":{"start":{"line":99,"column":4},"end":{"line":104,"column":5}},"25":{"start":{"line":100,"column":23},"end":{"line":100,"column":67}},"26":{"start":{"line":101,"column":6},"end":{"line":101,"column":27}},"27":{"start":{"line":103,"column":6},"end":{"line":103,"column":78}},"28":{"start":{"line":108,"column":13},"end":{"line":118,"column":2}},"29":{"start":{"line":111,"column":4},"end":{"line":116,"column":5}},"30":{"start":{"line":112,"column":6},"end":{"line":112,"column":52}},"31":{"start":{"line":113,"column":6},"end":{"line":113,"column":41}},"32":{"start":{"line":115,"column":6},"end":{"line":115,"column":87}},"33":{"start":{"line":120,"column":13},"end":{"line":133,"column":2}},"34":{"start":{"line":126,"column":4},"end":{"line":131,"column":5}},"35":{"start":{"line":127,"column":6},"end":{"line":127,"column":40}},"36":{"start":{"line":128,"column":6},"end":{"line":128,"column":41}},"37":{"start":{"line":130,"column":6},"end":{"line":130,"column":79}},"38":{"start":{"line":135,"column":13},"end":{"line":148,"column":2}},"39":{"start":{"line":141,"column":4},"end":{"line":146,"column":5}},"40":{"start":{"line":142,"column":23},"end":{"line":142,"column":52}},"41":{"start":{"line":143,"column":6},"end":{"line":143,"column":27}},"42":{"start":{"line":145,"column":6},"end":{"line":145,"column":81}},"43":{"start":{"line":150,"column":13},"end":{"line":166,"column":2}},"44":{"start":{"line":153,"column":4},"end":{"line":164,"column":5}},"45":{"start":{"line":155,"column":6},"end":{"line":159,"column":7}},"46":{"start":{"line":156,"column":8},"end":{"line":156,"column":31}},"47":{"start":{"line":160,"column":6},"end":{"line":160,"column":30}},"48":{"start":{"line":161,"column":6},"end":{"line":161,"column":18}},"49":{"start":{"line":163,"column":6},"end":{"line":163,"column":46}},"50":{"start":{"line":168,"column":13},"end":{"line":220,"column":2}},"51":{"start":{"line":171,"column":4},"end":{"line":218,"column":5}},"52":{"start":{"line":172,"column":51},"end":{"line":176,"column":8}},"53":{"start":{"line":178,"column":6},"end":{"line":182,"column":7}},"54":{"start":{"line":181,"column":8},"end":{"line":181,"column":49}},"55":{"start":{"line":185,"column":6},"end":{"line":208,"column":7}},"56":{"start":{"line":186,"column":20},"end":{"line":186,"column":46}},"57":{"start":{"line":188,"column":8},"end":{"line":203,"column":10}},"58":{"start":{"line":206,"column":8},"end":{"line":206,"column":88}},"59":{"start":{"line":207,"column":8},"end":{"line":207,"column":49}},"60":{"start":{"line":210,"column":6},"end":{"line":215,"column":17}},"61":{"start":{"line":217,"column":6},"end":{"line":217,"column":55}},"62":{"start":{"line":223,"column":18},"end":{"line":377,"column":2}},"63":{"start":{"line":228,"column":6},"end":{"line":228,"column":25}},"64":{"start":{"line":231,"column":6},"end":{"line":231,"column":32}},"65":{"start":{"line":232,"column":6},"end":{"line":232,"column":35}},"66":{"start":{"line":237,"column":4},"end":{"line":240,"column":7}},"67":{"start":{"line":238,"column":6},"end":{"line":238,"column":27}},"68":{"start":{"line":239,"column":6},"end":{"line":239,"column":25}},"69":{"start":{"line":241,"column":4},"end":{"line":254,"column":7}},"70":{"start":{"line":242,"column":6},"end":{"line":242,"column":28}},"71":{"start":{"line":243,"column":6},"end":{"line":253,"column":7}},"72":{"start":{"line":244,"column":8},"end":{"line":244,"column":33}},"73":{"start":{"line":245,"column":8},"end":{"line":245,"column":63}},"74":{"start":{"line":247,"column":8},"end":{"line":247,"column":55}},"75":{"start":{"line":248,"column":8},"end":{"line":248,"column":57}},"76":{"start":{"line":249,"column":8},"end":{"line":249,"column":41}},"77":{"start":{"line":250,"column":8},"end":{"line":250,"column":37}},"78":{"start":{"line":251,"column":8},"end":{"line":251,"column":53}},"79":{"start":{"line":252,"column":8},"end":{"line":252,"column":35}},"80":{"start":{"line":255,"column":4},"end":{"line":259,"column":7}},"81":{"start":{"line":256,"column":6},"end":{"line":256,"column":28}},"82":{"start":{"line":257,"column":6},"end":{"line":257,"column":45}},"83":{"start":{"line":258,"column":6},"end":{"line":258,"column":36}},"84":{"start":{"line":262,"column":4},"end":{"line":265,"column":7}},"85":{"start":{"line":263,"column":6},"end":{"line":263,"column":27}},"86":{"start":{"line":264,"column":6},"end":{"line":264,"column":25}},"87":{"start":{"line":266,"column":4},"end":{"line":274,"column":7}},"88":{"start":{"line":267,"column":6},"end":{"line":267,"column":28}},"89":{"start":{"line":268,"column":6},"end":{"line":268,"column":53}},"90":{"start":{"line":269,"column":6},"end":{"line":269,"column":55}},"91":{"start":{"line":270,"column":6},"end":{"line":270,"column":39}},"92":{"start":{"line":271,"column":6},"end":{"line":271,"column":35}},"93":{"start":{"line":272,"column":6},"end":{"line":272,"column":51}},"94":{"start":{"line":273,"column":6},"end":{"line":273,"column":33}},"95":{"start":{"line":275,"column":4},"end":{"line":278,"column":7}},"96":{"start":{"line":276,"column":6},"end":{"line":276,"column":28}},"97":{"start":{"line":277,"column":6},"end":{"line":277,"column":45}},"98":{"start":{"line":281,"column":4},"end":{"line":285,"column":7}},"99":{"start":{"line":282,"column":6},"end":{"line":282,"column":53}},"100":{"start":{"line":283,"column":6},"end":{"line":283,"column":55}},"101":{"start":{"line":284,"column":6},"end":{"line":284,"column":33}},"102":{"start":{"line":286,"column":4},"end":{"line":295,"column":7}},"103":{"start":{"line":287,"column":6},"end":{"line":287,"column":36}},"104":{"start":{"line":288,"column":6},"end":{"line":288,"column":31}},"105":{"start":{"line":289,"column":6},"end":{"line":289,"column":32}},"106":{"start":{"line":290,"column":6},"end":{"line":290,"column":24}},"107":{"start":{"line":291,"column":6},"end":{"line":291,"column":32}},"108":{"start":{"line":292,"column":6},"end":{"line":292,"column":35}},"109":{"start":{"line":293,"column":6},"end":{"line":293,"column":31}},"110":{"start":{"line":294,"column":6},"end":{"line":294,"column":28}},"111":{"start":{"line":298,"column":4},"end":{"line":301,"column":7}},"112":{"start":{"line":299,"column":6},"end":{"line":299,"column":27}},"113":{"start":{"line":300,"column":6},"end":{"line":300,"column":25}},"114":{"start":{"line":302,"column":4},"end":{"line":312,"column":7}},"115":{"start":{"line":303,"column":6},"end":{"line":303,"column":28}},"116":{"start":{"line":304,"column":6},"end":{"line":304,"column":53}},"117":{"start":{"line":305,"column":6},"end":{"line":305,"column":55}},"118":{"start":{"line":306,"column":6},"end":{"line":306,"column":39}},"119":{"start":{"line":307,"column":6},"end":{"line":307,"column":35}},"120":{"start":{"line":308,"column":6},"end":{"line":308,"column":32}},"121":{"start":{"line":309,"column":6},"end":{"line":309,"column":35}},"122":{"start":{"line":310,"column":6},"end":{"line":310,"column":51}},"123":{"start":{"line":311,"column":6},"end":{"line":311,"column":33}},"124":{"start":{"line":313,"column":4},"end":{"line":316,"column":7}},"125":{"start":{"line":314,"column":6},"end":{"line":314,"column":28}},"126":{"start":{"line":315,"column":6},"end":{"line":315,"column":45}},"127":{"start":{"line":319,"column":4},"end":{"line":328,"column":7}},"128":{"start":{"line":320,"column":6},"end":{"line":320,"column":31}},"129":{"start":{"line":321,"column":6},"end":{"line":321,"column":32}},"130":{"start":{"line":322,"column":6},"end":{"line":322,"column":24}},"131":{"start":{"line":323,"column":6},"end":{"line":323,"column":36}},"132":{"start":{"line":324,"column":6},"end":{"line":324,"column":25}},"133":{"start":{"line":325,"column":6},"end":{"line":325,"column":32}},"134":{"start":{"line":326,"column":6},"end":{"line":326,"column":35}},"135":{"start":{"line":327,"column":6},"end":{"line":327,"column":31}},"136":{"start":{"line":331,"column":4},"end":{"line":333,"column":7}},"137":{"start":{"line":332,"column":6},"end":{"line":332,"column":27}},"138":{"start":{"line":334,"column":4},"end":{"line":345,"column":7}},"139":{"start":{"line":335,"column":6},"end":{"line":335,"column":28}},"140":{"start":{"line":336,"column":6},"end":{"line":336,"column":32}},"141":{"start":{"line":337,"column":6},"end":{"line":344,"column":7}},"142":{"start":{"line":338,"column":8},"end":{"line":338,"column":63}},"143":{"start":{"line":339,"column":8},"end":{"line":339,"column":65}},"144":{"start":{"line":340,"column":8},"end":{"line":340,"column":41}},"145":{"start":{"line":341,"column":8},"end":{"line":341,"column":37}},"146":{"start":{"line":343,"column":8},"end":{"line":343,"column":38}},"147":{"start":{"line":346,"column":4},"end":{"line":350,"column":7}},"148":{"start":{"line":347,"column":6},"end":{"line":347,"column":28}},"149":{"start":{"line":348,"column":6},"end":{"line":348,"column":32}},"150":{"start":{"line":349,"column":6},"end":{"line":349,"column":36}},"151":{"start":{"line":353,"column":4},"end":{"line":356,"column":7}},"152":{"start":{"line":354,"column":6},"end":{"line":354,"column":27}},"153":{"start":{"line":355,"column":6},"end":{"line":355,"column":25}},"154":{"start":{"line":357,"column":4},"end":{"line":359,"column":7}},"155":{"start":{"line":358,"column":6},"end":{"line":358,"column":28}},"156":{"start":{"line":360,"column":4},"end":{"line":363,"column":7}},"157":{"start":{"line":361,"column":6},"end":{"line":361,"column":28}},"158":{"start":{"line":362,"column":6},"end":{"line":362,"column":45}},"159":{"start":{"line":365,"column":4},"end":{"line":368,"column":7}},"160":{"start":{"line":366,"column":6},"end":{"line":366,"column":27}},"161":{"start":{"line":367,"column":6},"end":{"line":367,"column":25}},"162":{"start":{"line":369,"column":4},"end":{"line":371,"column":7}},"163":{"start":{"line":370,"column":6},"end":{"line":370,"column":28}},"164":{"start":{"line":372,"column":4},"end":{"line":375,"column":7}},"165":{"start":{"line":373,"column":6},"end":{"line":373,"column":28}},"166":{"start":{"line":374,"column":6},"end":{"line":374,"column":45}},"167":{"start":{"line":379,"column":13},"end":{"line":379,"column":40}},"168":{"start":{"line":380,"column":0},"end":{"line":380,"column":33}},"169":{"start":{"line":384,"column":0},"end":{"line":386,"column":3}},"170":{"start":{"line":385,"column":2},"end":{"line":385,"column":26}},"171":{"start":{"line":389,"column":25},"end":{"line":389,"column":29}},"172":{"start":{"line":391,"column":2},"end":{"line":391,"column":27}},"173":{"start":{"line":401,"column":2},"end":{"line":401,"column":53}},"174":{"start":{"line":401,"column":46},"end":{"line":401,"column":53}},"175":{"start":{"line":402,"column":2},"end":{"line":435,"column":3}},"176":{"start":{"line":403,"column":16},"end":{"line":403,"column":28}},"177":{"start":{"line":406,"column":23},"end":{"line":421,"column":6}},"178":{"start":{"line":422,"column":4},"end":{"line":426,"column":7}},"179":{"start":{"line":431,"column":4},"end":{"line":434,"column":5}},"180":{"start":{"line":433,"column":6},"end":{"line":433,"column":55}}},"fnMap":{"0":{"name":"(anonymous_1)","decl":{"start":{"line":64,"column":2},"end":{"line":64,"column":7}},"loc":{"start":{"line":64,"column":82},"end":{"line":71,"column":3}}},"1":{"name":"(anonymous_2)","decl":{"start":{"line":76,"column":2},"end":{"line":76,"column":7}},"loc":{"start":{"line":79,"column":6},"end":{"line":93,"column":3}}},"2":{"name":"(anonymous_3)","decl":{"start":{"line":98,"column":2},"end":{"line":98,"column":7}},"loc":{"start":{"line":98,"column":54},"end":{"line":105,"column":3}}},"3":{"name":"(anonymous_4)","decl":{"start":{"line":110,"column":2},"end":{"line":110,"column":7}},"loc":{"start":{"line":110,"column":47},"end":{"line":117,"column":3}}},"4":{"name":"(anonymous_5)","decl":{"start":{"line":122,"column":2},"end":{"line":122,"column":7}},"loc":{"start":{"line":125,"column":6},"end":{"line":132,"column":3}}},"5":{"name":"(anonymous_6)","decl":{"start":{"line":137,"column":2},"end":{"line":137,"column":7}},"loc":{"start":{"line":140,"column":6},"end":{"line":147,"column":3}}},"6":{"name":"(anonymous_7)","decl":{"start":{"line":152,"column":2},"end":{"line":152,"column":7}},"loc":{"start":{"line":152,"column":35},"end":{"line":165,"column":3}}},"7":{"name":"(anonymous_8)","decl":{"start":{"line":170,"column":2},"end":{"line":170,"column":7}},"loc":{"start":{"line":170,"column":35},"end":{"line":219,"column":3}}},"8":{"name":"(anonymous_9)","decl":{"start":{"line":227,"column":16},"end":{"line":227,"column":17}},"loc":{"start":{"line":227,"column":26},"end":{"line":229,"column":5}}},"9":{"name":"(anonymous_10)","decl":{"start":{"line":230,"column":14},"end":{"line":230,"column":15}},"loc":{"start":{"line":230,"column":24},"end":{"line":233,"column":5}}},"10":{"name":"(anonymous_11)","decl":{"start":{"line":235,"column":17},"end":{"line":235,"column":18}},"loc":{"start":{"line":235,"column":29},"end":{"line":376,"column":3}}},"11":{"name":"(anonymous_12)","decl":{"start":{"line":237,"column":35},"end":{"line":237,"column":36}},"loc":{"start":{"line":237,"column":45},"end":{"line":240,"column":5}}},"12":{"name":"(anonymous_13)","decl":{"start":{"line":241,"column":37},"end":{"line":241,"column":38}},"loc":{"start":{"line":241,"column":55},"end":{"line":254,"column":5}}},"13":{"name":"(anonymous_14)","decl":{"start":{"line":255,"column":36},"end":{"line":255,"column":37}},"loc":{"start":{"line":255,"column":54},"end":{"line":259,"column":5}}},"14":{"name":"(anonymous_15)","decl":{"start":{"line":262,"column":38},"end":{"line":262,"column":39}},"loc":{"start":{"line":262,"column":48},"end":{"line":265,"column":5}}},"15":{"name":"(anonymous_16)","decl":{"start":{"line":266,"column":40},"end":{"line":266,"column":41}},"loc":{"start":{"line":266,"column":58},"end":{"line":274,"column":5}}},"16":{"name":"(anonymous_17)","decl":{"start":{"line":275,"column":39},"end":{"line":275,"column":40}},"loc":{"start":{"line":275,"column":57},"end":{"line":278,"column":5}}},"17":{"name":"(anonymous_18)","decl":{"start":{"line":281,"column":50},"end":{"line":281,"column":51}},"loc":{"start":{"line":281,"column":68},"end":{"line":285,"column":5}}},"18":{"name":"(anonymous_19)","decl":{"start":{"line":286,"column":49},"end":{"line":286,"column":50}},"loc":{"start":{"line":286,"column":59},"end":{"line":295,"column":5}}},"19":{"name":"(anonymous_20)","decl":{"start":{"line":298,"column":39},"end":{"line":298,"column":40}},"loc":{"start":{"line":298,"column":49},"end":{"line":301,"column":5}}},"20":{"name":"(anonymous_21)","decl":{"start":{"line":302,"column":41},"end":{"line":302,"column":42}},"loc":{"start":{"line":302,"column":59},"end":{"line":312,"column":5}}},"21":{"name":"(anonymous_22)","decl":{"start":{"line":313,"column":40},"end":{"line":313,"column":41}},"loc":{"start":{"line":313,"column":58},"end":{"line":316,"column":5}}},"22":{"name":"(anonymous_23)","decl":{"start":{"line":319,"column":38},"end":{"line":319,"column":39}},"loc":{"start":{"line":319,"column":48},"end":{"line":328,"column":5}}},"23":{"name":"(anonymous_24)","decl":{"start":{"line":331,"column":44},"end":{"line":331,"column":45}},"loc":{"start":{"line":331,"column":54},"end":{"line":333,"column":5}}},"24":{"name":"(anonymous_25)","decl":{"start":{"line":334,"column":46},"end":{"line":334,"column":47}},"loc":{"start":{"line":334,"column":64},"end":{"line":345,"column":5}}},"25":{"name":"(anonymous_26)","decl":{"start":{"line":346,"column":45},"end":{"line":346,"column":46}},"loc":{"start":{"line":346,"column":55},"end":{"line":350,"column":5}}},"26":{"name":"(anonymous_27)","decl":{"start":{"line":353,"column":50},"end":{"line":353,"column":51}},"loc":{"start":{"line":353,"column":60},"end":{"line":356,"column":5}}},"27":{"name":"(anonymous_28)","decl":{"start":{"line":357,"column":52},"end":{"line":357,"column":53}},"loc":{"start":{"line":357,"column":62},"end":{"line":359,"column":5}}},"28":{"name":"(anonymous_29)","decl":{"start":{"line":360,"column":51},"end":{"line":360,"column":52}},"loc":{"start":{"line":360,"column":69},"end":{"line":363,"column":5}}},"29":{"name":"(anonymous_30)","decl":{"start":{"line":365,"column":43},"end":{"line":365,"column":44}},"loc":{"start":{"line":365,"column":53},"end":{"line":368,"column":5}}},"30":{"name":"(anonymous_31)","decl":{"start":{"line":369,"column":45},"end":{"line":369,"column":46}},"loc":{"start":{"line":369,"column":55},"end":{"line":371,"column":5}}},"31":{"name":"(anonymous_32)","decl":{"start":{"line":372,"column":44},"end":{"line":372,"column":45}},"loc":{"start":{"line":372,"column":62},"end":{"line":375,"column":5}}},"32":{"name":"(anonymous_33)","decl":{"start":{"line":384,"column":27},"end":{"line":384,"column":30}},"loc":{"start":{"line":384,"column":32},"end":{"line":386,"column":1}}},"33":{"name":"setStoreDispatch","decl":{"start":{"line":390,"column":16},"end":{"line":390,"column":32}},"loc":{"start":{"line":390,"column":46},"end":{"line":392,"column":1}}},"34":{"name":"saveTokens","decl":{"start":{"line":396,"column":15},"end":{"line":396,"column":25}},"loc":{"start":{"line":400,"column":1},"end":{"line":436,"column":1}}}},"branchMap":{"0":{"loc":{"start":{"line":82,"column":23},"end":{"line":82,"column":50}},"type":"binary-expr","locations":[{"start":{"line":82,"column":23},"end":{"line":82,"column":37}},{"start":{"line":82,"column":41},"end":{"line":82,"column":50}}]},"1":{"loc":{"start":{"line":178,"column":6},"end":{"line":182,"column":7}},"type":"if","locations":[{"start":{"line":178,"column":6},"end":{"line":182,"column":7}}]},"2":{"loc":{"start":{"line":178,"column":10},"end":{"line":178,"column":34}},"type":"binary-expr","locations":[{"start":{"line":178,"column":10},"end":{"line":178,"column":22}},{"start":{"line":178,"column":26},"end":{"line":178,"column":34}}]},"3":{"loc":{"start":{"line":191,"column":21},"end":{"line":191,"column":40}},"type":"binary-expr","locations":[{"start":{"line":191,"column":21},"end":{"line":191,"column":34}},{"start":{"line":191,"column":38},"end":{"line":191,"column":40}}]},"4":{"loc":{"start":{"line":192,"column":20},"end":{"line":192,"column":38}},"type":"binary-expr","locations":[{"start":{"line":192,"column":20},"end":{"line":192,"column":32}},{"start":{"line":192,"column":36},"end":{"line":192,"column":38}}]},"5":{"loc":{"start":{"line":193,"column":20},"end":{"line":193,"column":89}},"type":"binary-expr","locations":[{"start":{"line":193,"column":20},"end":{"line":193,"column":32}},{"start":{"line":193,"column":36},"end":{"line":193,"column":89}}]},"6":{"loc":{"start":{"line":193,"column":39},"end":{"line":193,"column":58}},"type":"binary-expr","locations":[{"start":{"line":193,"column":39},"end":{"line":193,"column":52}},{"start":{"line":193,"column":56},"end":{"line":193,"column":58}}]},"7":{"loc":{"start":{"line":193,"column":62},"end":{"line":193,"column":80}},"type":"binary-expr","locations":[{"start":{"line":193,"column":62},"end":{"line":193,"column":74}},{"start":{"line":193,"column":78},"end":{"line":193,"column":80}}]},"8":{"loc":{"start":{"line":194,"column":16},"end":{"line":194,"column":92}},"type":"cond-expr","locations":[{"start":{"line":194,"column":47},"end":{"line":194,"column":71}},{"start":{"line":194,"column":74},"end":{"line":194,"column":92}}]},"9":{"loc":{"start":{"line":194,"column":47},"end":{"line":194,"column":71}},"type":"binary-expr","locations":[{"start":{"line":194,"column":47},"end":{"line":194,"column":61}},{"start":{"line":194,"column":65},"end":{"line":194,"column":71}}]},"10":{"loc":{"start":{"line":194,"column":74},"end":{"line":194,"column":92}},"type":"binary-expr","locations":[{"start":{"line":194,"column":74},"end":{"line":194,"column":82}},{"start":{"line":194,"column":86},"end":{"line":194,"column":92}}]},"11":{"loc":{"start":{"line":195,"column":18},"end":{"line":195,"column":88}},"type":"binary-expr","locations":[{"start":{"line":195,"column":18},"end":{"line":195,"column":28}},{"start":{"line":195,"column":33},"end":{"line":195,"column":81}},{"start":{"line":195,"column":86},"end":{"line":195,"column":88}}]},"12":{"loc":{"start":{"line":195,"column":33},"end":{"line":195,"column":81}},"type":"cond-expr","locations":[{"start":{"line":195,"column":64},"end":{"line":195,"column":76}},{"start":{"line":195,"column":79},"end":{"line":195,"column":81}}]},"13":{"loc":{"start":{"line":196,"column":26},"end":{"line":196,"column":50}},"type":"binary-expr","locations":[{"start":{"line":196,"column":26},"end":{"line":196,"column":44}},{"start":{"line":196,"column":48},"end":{"line":196,"column":50}}]},"14":{"loc":{"start":{"line":197,"column":23},"end":{"line":197,"column":107}},"type":"binary-expr","locations":[{"start":{"line":197,"column":23},"end":{"line":197,"column":38}},{"start":{"line":197,"column":43},"end":{"line":197,"column":106}}]},"15":{"loc":{"start":{"line":197,"column":43},"end":{"line":197,"column":106}},"type":"cond-expr","locations":[{"start":{"line":197,"column":74},"end":{"line":197,"column":101}},{"start":{"line":197,"column":104},"end":{"line":197,"column":106}}]},"16":{"loc":{"start":{"line":197,"column":74},"end":{"line":197,"column":101}},"type":"binary-expr","locations":[{"start":{"line":197,"column":74},"end":{"line":197,"column":95}},{"start":{"line":197,"column":99},"end":{"line":197,"column":101}}]},"17":{"loc":{"start":{"line":243,"column":6},"end":{"line":253,"column":7}},"type":"if","locations":[{"start":{"line":243,"column":6},"end":{"line":253,"column":7}},{"start":{"line":246,"column":13},"end":{"line":253,"column":7}}]},"18":{"loc":{"start":{"line":337,"column":6},"end":{"line":344,"column":7}},"type":"if","locations":[{"start":{"line":337,"column":6},"end":{"line":344,"column":7}},{"start":{"line":342,"column":13},"end":{"line":344,"column":7}}]},"19":{"loc":{"start":{"line":338,"column":28},"end":{"line":338,"column":62}},"type":"binary-expr","locations":[{"start":{"line":338,"column":28},"end":{"line":338,"column":54}},{"start":{"line":338,"column":58},"end":{"line":338,"column":62}}]},"20":{"loc":{"start":{"line":339,"column":29},"end":{"line":339,"column":64}},"type":"binary-expr","locations":[{"start":{"line":339,"column":29},"end":{"line":339,"column":56}},{"start":{"line":339,"column":60},"end":{"line":339,"column":64}}]},"21":{"loc":{"start":{"line":401,"column":2},"end":{"line":401,"column":53}},"type":"if","locations":[{"start":{"line":401,"column":2},"end":{"line":401,"column":53}}]},"22":{"loc":{"start":{"line":401,"column":6},"end":{"line":401,"column":44}},"type":"binary-expr","locations":[{"start":{"line":401,"column":6},"end":{"line":401,"column":27}},{"start":{"line":401,"column":31},"end":{"line":401,"column":44}}]},"23":{"loc":{"start":{"line":409,"column":17},"end":{"line":409,"column":36}},"type":"binary-expr","locations":[{"start":{"line":409,"column":17},"end":{"line":409,"column":30}},{"start":{"line":409,"column":34},"end":{"line":409,"column":36}}]},"24":{"loc":{"start":{"line":410,"column":16},"end":{"line":410,"column":34}},"type":"binary-expr","locations":[{"start":{"line":410,"column":16},"end":{"line":410,"column":28}},{"start":{"line":410,"column":32},"end":{"line":410,"column":34}}]},"25":{"loc":{"start":{"line":411,"column":16},"end":{"line":411,"column":85}},"type":"binary-expr","locations":[{"start":{"line":411,"column":16},"end":{"line":411,"column":28}},{"start":{"line":411,"column":32},"end":{"line":411,"column":85}}]},"26":{"loc":{"start":{"line":411,"column":35},"end":{"line":411,"column":54}},"type":"binary-expr","locations":[{"start":{"line":411,"column":35},"end":{"line":411,"column":48}},{"start":{"line":411,"column":52},"end":{"line":411,"column":54}}]},"27":{"loc":{"start":{"line":411,"column":58},"end":{"line":411,"column":76}},"type":"binary-expr","locations":[{"start":{"line":411,"column":58},"end":{"line":411,"column":70}},{"start":{"line":411,"column":74},"end":{"line":411,"column":76}}]},"28":{"loc":{"start":{"line":412,"column":12},"end":{"line":412,"column":88}},"type":"cond-expr","locations":[{"start":{"line":412,"column":43},"end":{"line":412,"column":67}},{"start":{"line":412,"column":70},"end":{"line":412,"column":88}}]},"29":{"loc":{"start":{"line":412,"column":43},"end":{"line":412,"column":67}},"type":"binary-expr","locations":[{"start":{"line":412,"column":43},"end":{"line":412,"column":57}},{"start":{"line":412,"column":61},"end":{"line":412,"column":67}}]},"30":{"loc":{"start":{"line":412,"column":70},"end":{"line":412,"column":88}},"type":"binary-expr","locations":[{"start":{"line":412,"column":70},"end":{"line":412,"column":78}},{"start":{"line":412,"column":82},"end":{"line":412,"column":88}}]},"31":{"loc":{"start":{"line":413,"column":14},"end":{"line":413,"column":46}},"type":"binary-expr","locations":[{"start":{"line":413,"column":14},"end":{"line":413,"column":24}},{"start":{"line":413,"column":28},"end":{"line":413,"column":40}},{"start":{"line":413,"column":44},"end":{"line":413,"column":46}}]},"32":{"loc":{"start":{"line":414,"column":22},"end":{"line":414,"column":46}},"type":"binary-expr","locations":[{"start":{"line":414,"column":22},"end":{"line":414,"column":40}},{"start":{"line":414,"column":44},"end":{"line":414,"column":46}}]},"33":{"loc":{"start":{"line":415,"column":19},"end":{"line":415,"column":84}},"type":"cond-expr","locations":[{"start":{"line":415,"column":51},"end":{"line":415,"column":78}},{"start":{"line":415,"column":82},"end":{"line":415,"column":84}}]},"34":{"loc":{"start":{"line":415,"column":51},"end":{"line":415,"column":78}},"type":"binary-expr","locations":[{"start":{"line":415,"column":51},"end":{"line":415,"column":72}},{"start":{"line":415,"column":76},"end":{"line":415,"column":78}}]},"35":{"loc":{"start":{"line":424,"column":46},"end":{"line":424,"column":72}},"type":"binary-expr","locations":[{"start":{"line":424,"column":46},"end":{"line":424,"column":66}},{"start":{"line":424,"column":70},"end":{"line":424,"column":72}}]},"36":{"loc":{"start":{"line":431,"column":4},"end":{"line":434,"column":5}},"type":"if","locations":[{"start":{"line":431,"column":4},"end":{"line":434,"column":5}}]}},"s":{"0":2,"1":2,"2":2,"3":2,"4":2,"5":2,"6":2,"7":2,"8":2,"9":2,"10":2,"11":2,"12":0,"13":0,"14":0,"15":0,"16":2,"17":0,"18":0,"19":0,"20":0,"21":0,"22":0,"23":2,"24":0,"25":0,"26":0,"27":0,"28":2,"29":0,"30":0,"31":0,"32":0,"33":2,"34":0,"35":0,"36":0,"37":0,"38":2,"39":0,"40":0,"41":0,"42":0,"43":2,"44":0,"45":0,"46":0,"47":0,"48":0,"49":0,"50":2,"51":0,"52":0,"53":0,"54":0,"55":0,"56":0,"57":0,"58":0,"59":0,"60":0,"61":0,"62":2,"63":1,"64":1,"65":1,"66":1,"67":1,"68":1,"69":1,"70":2,"71":2,"72":1,"73":1,"74":1,"75":1,"76":1,"77":1,"78":1,"79":1,"80":1,"81":1,"82":1,"83":1,"84":1,"85":0,"86":0,"87":1,"88":1,"89":1,"90":1,"91":1,"92":1,"93":1,"94":1,"95":1,"96":1,"97":1,"98":1,"99":1,"100":1,"101":1,"102":1,"103":1,"104":1,"105":1,"106":1,"107":1,"108":1,"109":1,"110":1,"111":1,"112":0,"113":0,"114":1,"115":1,"116":1,"117":1,"118":1,"119":1,"120":1,"121":1,"122":1,"123":1,"124":1,"125":0,"126":0,"127":1,"128":1,"129":1,"130":1,"131":1,"132":1,"133":1,"134":1,"135":1,"136":1,"137":0,"138":1,"139":2,"140":2,"141":2,"142":1,"143":1,"144":1,"145":1,"146":1,"147":1,"148":1,"149":1,"150":1,"151":1,"152":0,"153":0,"154":1,"155":1,"156":1,"157":1,"158":1,"159":1,"160":0,"161":0,"162":1,"163":1,"164":1,"165":1,"166":1,"167":2,"168":2,"169":2,"170":0,"171":2,"172":0,"173":4,"174":1,"175":3,"176":3,"177":3,"178":3,"179":0,"180":0},"f":{"0":0,"1":0,"2":0,"3":0,"4":0,"5":0,"6":0,"7":0,"8":1,"9":1,"10":1,"11":1,"12":2,"13":1,"14":0,"15":1,"16":1,"17":1,"18":1,"19":0,"20":1,"21":0,"22":1,"23":0,"24":2,"25":1,"26":0,"27":1,"28":1,"29":0,"30":1,"31":1,"32":0,"33":0,"34":4},"b":{"0":[0,0],"1":[0],"2":[0,0],"3":[0,0],"4":[0,0],"5":[0,0],"6":[0,0],"7":[0,0],"8":[0,0],"9":[0,0],"10":[0,0],"11":[0,0,0],"12":[0,0],"13":[0,0],"14":[0,0],"15":[0,0],"16":[0,0],"17":[1,1],"18":[1,1],"19":[1,0],"20":[1,0],"21":[1],"22":[4,4],"23":[3,0],"24":[3,0],"25":[3,0],"26":[0,0],"27":[0,0],"28":[0,3],"29":[0,0],"30":[3,0],"31":[3,0,0],"32":[3,0],"33":[0,3],"34":[0,0],"35":[3,0],"36":[0]}}
,"C:\\Users\\OJOWA\\Documents\\Farm Management System\\apps\\mobile\\src\\store\\slices\\syncSlice.ts": {"path":"C:\\Users\\OJOWA\\Documents\\Farm Management System\\apps\\mobile\\src\\store\\slices\\syncSlice.ts","statementMap":{"0":{"start":{"line":1,"column":0},"end":{"line":1,"column":62}},"1":{"start":{"line":21,"column":32},"end":{"line":27,"column":2}},"2":{"start":{"line":29,"column":18},"end":{"line":67,"column":2}},"3":{"start":{"line":34,"column":6},"end":{"line":34,"column":45}},"4":{"start":{"line":35,"column":6},"end":{"line":37,"column":7}},"5":{"start":{"line":36,"column":8},"end":{"line":36,"column":35}},"6":{"start":{"line":40,"column":6},"end":{"line":40,"column":38}},"7":{"start":{"line":43,"column":6},"end":{"line":43,"column":46}},"8":{"start":{"line":46,"column":6},"end":{"line":51,"column":9}},"9":{"start":{"line":54,"column":6},"end":{"line":54,"column":87}},"10":{"start":{"line":54,"column":61},"end":{"line":54,"column":85}},"11":{"start":{"line":57,"column":17},"end":{"line":57,"column":72}},"12":{"start":{"line":57,"column":48},"end":{"line":57,"column":71}},"13":{"start":{"line":58,"column":6},"end":{"line":58,"column":30}},"14":{"start":{"line":58,"column":14},"end":{"line":58,"column":30}},"15":{"start":{"line":61,"column":6},"end":{"line":61,"column":30}},"16":{"start":{"line":64,"column":6},"end":{"line":64,"column":37}},"17":{"start":{"line":69,"column":13},"end":{"line":77,"column":null}},"18":{"start":{"line":80,"column":0},"end":{"line":80,"column":33}}},"fnMap":{"0":{"name":"(anonymous_0)","decl":{"start":{"line":33,"column":24},"end":{"line":33,"column":25}},"loc":{"start":{"line":33,"column":66},"end":{"line":38,"column":5}}},"1":{"name":"(anonymous_1)","decl":{"start":{"line":39,"column":17},"end":{"line":39,"column":18}},"loc":{"start":{"line":39,"column":59},"end":{"line":41,"column":5}}},"2":{"name":"(anonymous_2)","decl":{"start":{"line":42,"column":25},"end":{"line":42,"column":26}},"loc":{"start":{"line":42,"column":66},"end":{"line":44,"column":5}}},"3":{"name":"(anonymous_3)","decl":{"start":{"line":45,"column":22},"end":{"line":45,"column":23}},"loc":{"start":{"line":45,"column":114},"end":{"line":52,"column":5}}},"4":{"name":"(anonymous_4)","decl":{"start":{"line":53,"column":21},"end":{"line":53,"column":22}},"loc":{"start":{"line":53,"column":62},"end":{"line":55,"column":5}}},"5":{"name":"(anonymous_5)","decl":{"start":{"line":54,"column":53},"end":{"line":54,"column":54}},"loc":{"start":{"line":54,"column":61},"end":{"line":54,"column":85}}},"6":{"name":"(anonymous_6)","decl":{"start":{"line":56,"column":25},"end":{"line":56,"column":26}},"loc":{"start":{"line":56,"column":66},"end":{"line":59,"column":5}}},"7":{"name":"(anonymous_7)","decl":{"start":{"line":57,"column":41},"end":{"line":57,"column":42}},"loc":{"start":{"line":57,"column":48},"end":{"line":57,"column":71}}},"8":{"name":"(anonymous_8)","decl":{"start":{"line":60,"column":16},"end":{"line":60,"column":17}},"loc":{"start":{"line":60,"column":26},"end":{"line":62,"column":5}}},"9":{"name":"(anonymous_9)","decl":{"start":{"line":63,"column":16},"end":{"line":63,"column":17}},"loc":{"start":{"line":63,"column":58},"end":{"line":65,"column":5}}}},"branchMap":{"0":{"loc":{"start":{"line":35,"column":6},"end":{"line":37,"column":7}},"type":"if","locations":[{"start":{"line":35,"column":6},"end":{"line":37,"column":7}}]},"1":{"loc":{"start":{"line":58,"column":6},"end":{"line":58,"column":30}},"type":"if","locations":[{"start":{"line":58,"column":6},"end":{"line":58,"column":30}}]}},"s":{"0":1,"1":1,"2":1,"3":3,"4":3,"5":2,"6":2,"7":1,"8":7,"9":2,"10":2,"11":2,"12":2,"13":2,"14":2,"15":1,"16":1,"17":1,"18":1},"f":{"0":3,"1":2,"2":1,"3":7,"4":2,"5":2,"6":2,"7":2,"8":1,"9":1},"b":{"0":[2],"1":[2]}}
,"C:\\Users\\OJOWA\\Documents\\Farm Management System\\apps\\mobile\\src\\store\\slices\\uiSlice.ts": {"path":"C:\\Users\\OJOWA\\Documents\\Farm Management System\\apps\\mobile\\src\\store\\slices\\uiSlice.ts","statementMap":{"0":{"start":{"line":1,"column":0},"end":{"line":1,"column":62}},"1":{"start":{"line":59,"column":26},"end":{"line":64,"column":2}},"2":{"start":{"line":59,"column":50},"end":{"line":64,"column":2}},"3":{"start":{"line":66,"column":30},"end":{"line":84,"column":2}},"4":{"start":{"line":86,"column":16},"end":{"line":147,"column":2}},"5":{"start":{"line":91,"column":6},"end":{"line":91,"column":40}},"6":{"start":{"line":94,"column":6},"end":{"line":94,"column":73}},"7":{"start":{"line":94,"column":48},"end":{"line":94,"column":71}},"8":{"start":{"line":97,"column":6},"end":{"line":97,"column":24}},"9":{"start":{"line":100,"column":6},"end":{"line":100,"column":43}},"10":{"start":{"line":103,"column":6},"end":{"line":103,"column":44}},"11":{"start":{"line":106,"column":6},"end":{"line":106,"column":44}},"12":{"start":{"line":109,"column":6},"end":{"line":109,"column":49}},"13":{"start":{"line":112,"column":6},"end":{"line":112,"column":43}},"14":{"start":{"line":113,"column":6},"end":{"line":113,"column":58}},"15":{"start":{"line":116,"column":6},"end":{"line":116,"column":74}},"16":{"start":{"line":117,"column":6},"end":{"line":117,"column":58}},"17":{"start":{"line":120,"column":6},"end":{"line":120,"column":82}},"18":{"start":{"line":121,"column":6},"end":{"line":121,"column":62}},"19":{"start":{"line":124,"column":6},"end":{"line":124,"column":78}},"20":{"start":{"line":125,"column":6},"end":{"line":125,"column":60}},"21":{"start":{"line":131,"column":6},"end":{"line":134,"column":8}},"22":{"start":{"line":137,"column":6},"end":{"line":137,"column":61}},"23":{"start":{"line":140,"column":6},"end":{"line":140,"column":34}},"24":{"start":{"line":141,"column":6},"end":{"line":141,"column":34}},"25":{"start":{"line":142,"column":6},"end":{"line":142,"column":39}},"26":{"start":{"line":143,"column":6},"end":{"line":143,"column":43}},"27":{"start":{"line":144,"column":6},"end":{"line":144,"column":49}},"28":{"start":{"line":149,"column":13},"end":{"line":163,"column":null}},"29":{"start":{"line":166,"column":0},"end":{"line":166,"column":31}}},"fnMap":{"0":{"name":"(anonymous_0)","decl":{"start":{"line":59,"column":26},"end":{"line":59,"column":46}},"loc":{"start":{"line":59,"column":50},"end":{"line":64,"column":2}}},"1":{"name":"(anonymous_1)","decl":{"start":{"line":90,"column":15},"end":{"line":90,"column":16}},"loc":{"start":{"line":90,"column":55},"end":{"line":92,"column":5}}},"2":{"name":"(anonymous_2)","decl":{"start":{"line":93,"column":17},"end":{"line":93,"column":18}},"loc":{"start":{"line":93,"column":58},"end":{"line":95,"column":5}}},"3":{"name":"(anonymous_3)","decl":{"start":{"line":94,"column":41},"end":{"line":94,"column":42}},"loc":{"start":{"line":94,"column":48},"end":{"line":94,"column":71}}},"4":{"name":"(anonymous_4)","decl":{"start":{"line":96,"column":17},"end":{"line":96,"column":18}},"loc":{"start":{"line":96,"column":27},"end":{"line":98,"column":5}}},"5":{"name":"(anonymous_5)","decl":{"start":{"line":99,"column":22},"end":{"line":99,"column":23}},"loc":{"start":{"line":99,"column":64},"end":{"line":101,"column":5}}},"6":{"name":"(anonymous_6)","decl":{"start":{"line":102,"column":23},"end":{"line":102,"column":24}},"loc":{"start":{"line":102,"column":71},"end":{"line":104,"column":5}}},"7":{"name":"(anonymous_7)","decl":{"start":{"line":105,"column":23},"end":{"line":105,"column":24}},"loc":{"start":{"line":105,"column":71},"end":{"line":107,"column":5}}},"8":{"name":"(anonymous_8)","decl":{"start":{"line":108,"column":28},"end":{"line":108,"column":29}},"loc":{"start":{"line":108,"column":76},"end":{"line":110,"column":5}}},"9":{"name":"(anonymous_9)","decl":{"start":{"line":111,"column":20},"end":{"line":111,"column":21}},"loc":{"start":{"line":111,"column":82},"end":{"line":114,"column":5}}},"10":{"name":"(anonymous_10)","decl":{"start":{"line":115,"column":20},"end":{"line":115,"column":21}},"loc":{"start":{"line":115,"column":76},"end":{"line":118,"column":5}}},"11":{"name":"(anonymous_11)","decl":{"start":{"line":119,"column":24},"end":{"line":119,"column":25}},"loc":{"start":{"line":119,"column":84},"end":{"line":122,"column":5}}},"12":{"name":"(anonymous_12)","decl":{"start":{"line":123,"column":22},"end":{"line":123,"column":23}},"loc":{"start":{"line":123,"column":80},"end":{"line":126,"column":5}}},"13":{"name":"(anonymous_13)","decl":{"start":{"line":127,"column":19},"end":{"line":127,"column":null}},"loc":{"start":{"line":130,"column":8},"end":{"line":135,"column":5}}},"14":{"name":"(anonymous_14)","decl":{"start":{"line":136,"column":21},"end":{"line":136,"column":22}},"loc":{"start":{"line":136,"column":83},"end":{"line":138,"column":5}}},"15":{"name":"(anonymous_15)","decl":{"start":{"line":139,"column":18},"end":{"line":139,"column":19}},"loc":{"start":{"line":139,"column":28},"end":{"line":145,"column":5}}}},"branchMap":{},"s":{"0":1,"1":1,"2":10,"3":1,"4":1,"5":1,"6":1,"7":1,"8":1,"9":1,"10":2,"11":2,"12":1,"13":2,"14":2,"15":1,"16":1,"17":1,"18":1,"19":1,"20":1,"21":2,"22":1,"23":1,"24":1,"25":1,"26":1,"27":1,"28":1,"29":1},"f":{"0":10,"1":1,"2":1,"3":1,"4":1,"5":1,"6":2,"7":2,"8":1,"9":2,"10":1,"11":1,"12":1,"13":2,"14":1,"15":1},"b":{}}
,"C:\\Users\\OJOWA\\Documents\\Farm Management System\\apps\\mobile\\src\\utils\\apiError.ts": {"path":"C:\\Users\\OJOWA\\Documents\\Farm Management System\\apps\\mobile\\src\\utils\\apiError.ts","statementMap":{"0":{"start":{"line":17,"column":0},"end":{"line":17,"column":16}},"1":{"start":{"line":37,"column":0},"end":{"line":37,"column":16}},"2":{"start":{"line":18,"column":14},"end":{"line":18,"column":50}},"3":{"start":{"line":19,"column":17},"end":{"line":19,"column":46}},"4":{"start":{"line":20,"column":16},"end":{"line":20,"column":56}},"5":{"start":{"line":22,"column":5},"end":{"line":24,"column":40}},"6":{"start":{"line":26,"column":18},"end":{"line":26,"column":59}},"7":{"start":{"line":27,"column":20},"end":{"line":27,"column":36}},"8":{"start":{"line":28,"column":17},"end":{"line":28,"column":49}},"9":{"start":{"line":29,"column":22},"end":{"line":29,"column":36}},"10":{"start":{"line":30,"column":19},"end":{"line":30,"column":51}},"11":{"start":{"line":31,"column":19},"end":{"line":31,"column":67}},"12":{"start":{"line":33,"column":2},"end":{"line":33,"column":87}},"13":{"start":{"line":38,"column":12},"end":{"line":38,"column":39}},"14":{"start":{"line":39,"column":2},"end":{"line":41,"column":3}},"15":{"start":{"line":40,"column":4},"end":{"line":40,"column":62}},"16":{"start":{"line":42,"column":2},"end":{"line":44,"column":3}},"17":{"start":{"line":43,"column":4},"end":{"line":43,"column":51}},"18":{"start":{"line":45,"column":2},"end":{"line":47,"column":3}},"19":{"start":{"line":46,"column":4},"end":{"line":46,"column":61}},"20":{"start":{"line":48,"column":2},"end":{"line":50,"column":3}},"21":{"start":{"line":49,"column":4},"end":{"line":49,"column":56}},"22":{"start":{"line":51,"column":2},"end":{"line":53,"column":3}},"23":{"start":{"line":52,"column":4},"end":{"line":52,"column":74}},"24":{"start":{"line":54,"column":2},"end":{"line":54,"column":31}}},"fnMap":{"0":{"name":"toApiError","decl":{"start":{"line":17,"column":16},"end":{"line":17,"column":26}},"loc":{"start":{"line":17,"column":70},"end":{"line":34,"column":1}}},"1":{"name":"describeApiError","decl":{"start":{"line":37,"column":16},"end":{"line":37,"column":32}},"loc":{"start":{"line":37,"column":76},"end":{"line":55,"column":1}}}},"branchMap":{"0":{"loc":{"start":{"line":17,"column":43},"end":{"line":17,"column":70}},"type":"default-arg","locations":[{"start":{"line":17,"column":54},"end":{"line":17,"column":70}}]},"1":{"loc":{"start":{"line":19,"column":17},"end":{"line":19,"column":46}},"type":"binary-expr","locations":[{"start":{"line":19,"column":17},"end":{"line":19,"column":38}},{"start":{"line":19,"column":42},"end":{"line":19,"column":46}}]},"2":{"loc":{"start":{"line":20,"column":16},"end":{"line":20,"column":56}},"type":"binary-expr","locations":[{"start":{"line":20,"column":16},"end":{"line":20,"column":48}},{"start":{"line":20,"column":52},"end":{"line":20,"column":56}}]},"3":{"loc":{"start":{"line":22,"column":5},"end":{"lin
[...]
,"C:\\Users\\OJOWA\\Documents\\Farm Management System\\apps\\mobile\\src\\utils\\entityTransformers.ts": {"path":"C:\\Users\\OJOWA\\Documents\\Farm Management System\\apps\\mobile\\src\\utils\\entityTransformers.ts","statementMap":{"0":{"start":{"line":36,"column":0},"end":{"line":36,"column":16}},"1":{"start":{"line":72,"column":0},"end":{"line":72,"column":16}},"2":{"start":{"line":126,"column":0},"end":{"line":126,"column":16}},"3":{"start":{"line":167,"column":0},"end":{"line":167,"column":16}},"4":{"start":{"line":239,"column":0},"end":{"line":239,"column":16}},"5":{"start":{"line":253,"column":0},"end":{"line":253,"column":16}},"6":{"start":{"line":37,"column":17},"end":{"line":37,"column":33}},"7":{"start":{"line":38,"column":24},"end":{"line":38,"column":47}},"8":{"start":{"line":40,"column":15},"end":{"line":40,"column":76}},"9":{"start":{"line":40,"column":53},"end":{"line":40,"column":72}},"10":{"start":{"line":41,"column":2},"end":{"line":49,"column":4}},"11":{"start":{"line":47,"column":46},"end":{"line":47,"column":69}},"12":{"start":{"line":77,"column":23},"end":{"line":77,"column":43}},"13":{"start":{"line":78,"column":21},"end":{"line":78,"column":42}},"14":{"start":{"line":79,"column":2},"end":{"line":89,"column":4}},"15":{"start":{"line":119,"column":69},"end":{"line":124,"column":2}},"16":{"start":{"line":127,"column":2},"end":{"line":137,"column":4}},"17":{"start":{"line":161,"column":67},"end":{"line":165,"column":2}},"18":{"start":{"line":168,"column":2},"end":{"line":178,"column":4}},"19":{"start":{"line":216,"column":46},"end":{"line":225,"column":2}},"20":{"start":{"line":228,"column":16},"end":{"line":228,"column":35}},"21":{"start":{"line":229,"column":2},"end":{"line":229,"column":45}},"22":{"start":{"line":229,"column":30},"end":{"line":229,"column":45}},"23":{"start":{"line":230,"column":2},"end":{"line":230,"column":52}},"24":{"start":{"line":230,"column":32},"end":{"line":230,"column":52}},"25":{"start":{"line":231,"column":2},"end":{"line":231,"column":44}},"26":{"start":{"line":231,"column":30},"end":{"line":231,"column":44}},"27":{"start":{"line":232,"column":2},"end":{"line":232,"column":79}},"28":{"start":{"line":232,"column":59},"end":{"line":232,"column":79}},"29":{"start":{"line":233,"column":2},"end":{"line":233,"column":83}},"30":{"start":{"line":233,"column":64},"end":{"line":233,"column":83}},"31":{"start":{"line":234,"column":2},"end":{"line":234,"column":74}},"32":{"start":{"line":234,"column":59},"end":{"line":234,"column":74}},"33":{"start":{"line":235,"column":2},"end":{"line":235,"column":106}},"34":{"start":{"line":235,"column":87},"end":{"line":235,"column":106}},"35":{"start":{"line":236,"column":2},"end":{"line":236,"column":17}},"36":{"start":{"line":240,"column":19},"end":{"line":240,"column":50}},"37":{"start":{"line":241,"column":2},"end":{"line":250,"column":4}},"38":{"start":{"line":254,"column":2},"end":{"line":263,"column":4}}},"fnMap":{"0":{"name":"transformFarm","decl":{"start":{"line":36,"column":16},"end":{"line":36,"column":29}},"loc":{"start":{"line":36,"column":42},"end":{"line":50,"column":1}}},"1":{"name":"(anonymous_1)","decl":{"start":{"line":40,"column":41},"end":{"line":40,"column":42}},"loc":{"start":{"line":40,"column":53},"end":{"line":40,"column":72}}},"2":{"name":"(anonymous_2)","decl":{"start":{"line":47,"column":34},"end":{"line":47,"column":35}},"loc":{"start":{"line":47,"column":46},"end":{"line":47,"column":69}}},"3":{"name":"transformCrop","decl":{"start":{"line":72,"column":16},"end":{"line":72,"column":29}},"loc":{"start":{"line":75,"column":118},"end":{"line":90,"column":1}}},"4":{"name":"transformLivestock","decl":{"start":{"line":126,"column":16},"end":{"line":126,"column":34}},"loc":{"start":{"line":126,"column":71},"end":{"line":138,"column":1}}},"5":{"name":"transformFlock","decl":{"start":{"line":167,"column":16},"end":{"line":167,"column":30}},"loc":{"start":{"line":167,"column":44},"end":{"line":179,"column":1}}},"6":{"name":"inferExpenseCategory","decl":{"start":{"line":227,"column":9},"end":{"line":227,"column":29}},"loc":{"start":{"line":227,"column":43},"end":{"line":237,"column":1}}},"7":{"name":"transformExpense","decl":{"start":{"line":239,"column":16},"end":{"line":239,"column":32}},"loc":{"start":{"line":239,"column":48},"end":{"line":251,"column":1}}},"8":{"name":"transformSale","decl":{"start":{"line":253,"column":16},"end":{"line":253,"column":29}},"loc":{"start":{"line":253,"column":42},"end":{"line":264,"column":1}}}},"branchMap":{"0":{"loc":{"start":{"line":37,"column":17},"end":{"line":37,"column":33}},"type":"binary-expr","locations":[{"start":{"line":37,"column":17},"end":{"line":37,"column":27}},{"start":{"line":37,"column":31},"end":{"line":37,"column":33}}]},"1":{"loc":{"start":{"line":38,"column":24},"end":{"line":38,"column":47}},"type":"binary-expr","locations":[{"start":{"line":38,"column":24},"end":{"line":38,"column":41}},{"start":{"line":38,"column":45},"end":{"line":38,"column":47}}]},"2":{"loc":{"start":{"line":40,"column":15},"end":{"line":40,"column":76}},"type":"binary-expr","locations":[{"start":{"line":40,"column":15},"end":{"line":40,"column":23}},{"start":{"line":40,"column":27},"end":{"line":40,"column":76}}]},"3":{"loc":{"start":{"line":40,"column":60},"end":{"line":40,"column":71}},"type":"binary-expr","locations":[{"start":{"line":40,"column":60},"end":{"line":40,"column":66}},{"start":{"line":40,"column":70},"end":{"line":40,"column":71}}]},"4":{"loc":{"start":{"line":44,"column":14},"end":{"line":44,"column":43}},"type":"binary-expr","locations":[{"start":{"line":44,"column":14},"end":{"line":44,"column":26}},{"start":{"line":44,"column":30},"end":{"line":44,"column":43}}]},"5":{"loc":{"start":{"line":47,"column":53},"end":{"line":47,"column":68}},"type":"binary-expr","locations":[{"start":{"line":47,"column":53},"end":{"line":47,"column":63}},{"start":{"line":47,"column":67},"end":{"line":47,"column":68}}]},"6":{"loc":{"start":{"line":48,"column":13},"end":{"line":48,"column":61}},"type":"binary-expr","locations":[{"start":{"line":48,"column":13},"end":{"line":48,"column":49}},{"start":{"line":48,"column":53},"end":{"line":48,"column":61}}]},"7":{"loc":{"start":{"line":82,"column":10},"end":{"line":82,"column":36}},"type":"binary-expr","locations":[{"start":{"line":82,"column":10},"end":{"line":82,"column":18}},{"start":{"line":82,"column":22},"end":{"line":82,"column":36}}]},"8":{"loc":{"start":{"line":83,"column":12},"end":{"line":83,"column":48}},"type":"cond-expr","locations":[{"start":{"line":83,"column":27},"end":{"line":83,"column":36}},{"start":{"line":83,"column":39},"end":{"line":83,"column":48}}]},"9":{"loc":{"start":{"line":85,"column":10},"end":{"line":85,"column":33}},"type":"binary-expr","locations":[{"start":{"line":85,"column":10},"end":{"line":85,"column":28}},{"start":{"line":85,"column":32},"end":{"line":85,"column":33}}]},"10":{"loc":{"start":{"line":86,"column":17},"end":{"line":86,"column":42}},"type":"binary-expr","locations":[{"start":{"line":86,"column":17},"end":{"line":86,"column":36}},{"start":{"line":86,"column":40},"end":{"line":86,"column":42}}]},"11":{"loc":{"start":{"line":87,"column":12},"end":{"line":87,"column":71}},"type":"binary-expr","locations":[{"start":{"line":87,"column":12},"end":{"line":87,"column":25}},{"start":{"line":87,"column":30},"end":{"line":87,"column":70}}]},"12":{"loc":{"start":{"line":87,"column":30},"end":{"line":87,"column":70}},"type":"cond-expr","locations":[{"start":{"line":87,"column":45},"end":{"line":87,"column":48}},{"start":{"line":87,"column":51},"end":{"line":87,"column":70}}]},"13":{"loc":{"start":{"line":87,"column":51},"end":{"line":87,"column":70}},"type":"cond-expr","locations":[{"start":{"line":87,"column":64},"end":{"line":87,"column":66}},{"start":{"line":87,"column":69},"end":{"line":87,"column":70}}]},"14":{"loc":{"start":{"line":88,"column":13},"end":{"line":88,"column":120}},"type":"binary-expr","locations":[{"start":{"line":88,"column":13},"end":{"line":88,"column":51}},{"start":{"line":88,"column":56},"end":{"line":88,"column":119}}]},"15":{"loc":{"start":{"line":88,"column":56},"end":{"line":88,"column":119}},"type":"cond-expr","locations":[{"start":{"line":88,"column":71},"end":{"line":88,"column":82}},{"start":{"line":88,"column":85},"end":{"line":88,"column":119}}]},"16":{"loc":{"start":{"line":88,"column":85},"end":{"line":88,"column":119}},"type":"cond-expr","locations":[{"start":{"line":88,"column":98},"end":{"line":88,"column":107}},{"start":{"line":88,"column":110},"end":{"line":88,"column":119}}]},"17":{"loc":{"start":{"line":129,"column":10},"end":{"line":129,"column":34}},"type":"binary-expr","locations":[{"start":{"line":129,"column":10},"end":{"line":129,"column":19}},{"start":{"line":129,"column":23},"end":{"line":129,"column":34}}]},"18":{"loc":{"start":{"line":131,"column":11},"end":{"line":131,"column":35}},"type":"binary-expr","locations":[{"start":{"line":131,"column":11},"end":{"line":131,"column":20}},{"start":{"line":131,"column":24},"end":{"line":131,"column":35}}]},"19":{"loc":{"start":{"line":133,"column":12},"end":{"line":133,"column":72}},"type":"binary-expr","locations":[{"start":{"line":133,"column":12},"end":{"line":133,"column":59}},{"start":{"line":133,"column":63},"end":{"line":133,"column":72}}]},"20":{"loc":{"start":{"line":134,"column":10},"end":{"line":134,"column":36}},"type":"binary-expr","locations":[{"start":{"line":134,"column":10},"end":{"line":134,"column":18}},{"start":{"line":134,"column":22},"end":{"line":134,"column":36}}]},"21":{"loc":{"start":{"line":136,"column":17},"end":{"line":136,"column":53}},"type":"binary-expr","locations":[{"start":{"line":136,"column":17},"end":{"line":136,"column":30}},{"start":{"line":136,"column":34},"end":{"line":136,"column":47}},{"start":{"line":136,"column":51},"end":{"line":136,"column":53}}]},"22":{"loc":{"start":{"line":172,"column":11},"end":{"line":172,"column":62}},"type":"binary-expr","locations":[{"start":{"line":172,"column":11},"end":{"line":172,"column":26}},{"start":{"line":172,"column":30},"end":{"line":172,"column":49}},{"start":{"line":172,"column":53},"end":{"line":172,"column":62}}]},"23":{"loc":{"start":{"line":173,"column":14},"end":{"line":173,"column":52}},"type":"binary-expr","locations":[{"start":{"line":173,"column":14},"end":{"line":173,"column":30}},{"start":{"line":173,"column":34},"end":{"line":173,"column":47}},{"start":{"line":173,"column":51},"end":{"line":173,"column":52}}]},"24":{"loc":{"start":{"line":174,"column":12},"end":{"line":174,"column":70}},"type":"binary-expr","locations":[{"start":{"line":174,"column":12},"end":{"line":174,"column":57}},{"start":{"line":174,"column":61},"end":{"line":174,"column":70}}]},"25":{"loc":{"start":{"line":175,"column":10},"end":{"line":175,"column":42}},"type":"binary-expr","locations":[{"start":{"line":175,"column":10},"end":{"line":175,"column":24}},{"start":{"line":175,"column":28},"end":{"line":175,"column":42}}]},"26":{"loc":{"start":{"line":177,"column":17},"end":{"line":177,"column":72}},"type":"binary-expr","locations":[{"start":{"line":177,"column":17},"end":{"line":177,"column":30}},{"start":{"line":177,"column":34},"end":{"line":177,"column":47}},{"start":{"line":177,"column":51},"end":{"line":177,"column":66}},{"start":{"line":177,"column":70},"end":{"line":177,"column":72}}]},"27":{"loc":{"start":{"line":229,"column":2},"end":{"line":229,"column":45}},"type":"if","locations":[{"start":{"line":229,"column":2},"end":{"line":229,"column":45}}]},"28":{"loc":{"start":{"line":230,"column":2},"end":{"line":230,"column":52}},"type":"if","locations":[{"start":{"line":230,"column":2},"end":{"line":230,"column":52}}]},"29":{"loc":{"start":{"line":231,"column":2},"end":{"line":231,"column":44}},"type":"if","locations":[{"start":{"line":231,"column":2},"end":{"line":231,"column":44}}]},"30":{"loc":{"start":{"line":232,"column":2},"end":{"line":232,"column":79}},"type":"if","locations":[{"start":{"line":232,"column":2},"end":{"line":232,"column":79}}]},"31":{"loc":{"start":{"line":232,"column":6},"end":{"line":232,"column":57}},"type":"binary-expr","locations":[{"start":{"line":232,"column":6},"end":{"line":232,"column":27}},{"start":{"line":232,"column":31},"end":{"line":232,"column":57}}]},"32":{"loc":{"start":{"line":233,"column":2},"end":{"line":233,"column":83}},"type":"if","locations":[{"start":{"line":233,"column":2},"end":{"line":233,"column":83}}]},"33":{"loc":{"start":{"line":233,"column":6},"end":{"line":233,"column":62}},"type":"binary-expr","locations":[{"start":{"line":233,"column":6},"end":{"line":233,"column":33}},{"start":{"line":233,"column":37},"end":{"line":233,"column":62}}]},"34":{"loc":{"start":{"line":234,"column":2},"end":{"line":234,"column":74}},"type":"if","locations":[{"start":{"line":234,"column":2},"end":{"line":234,"column":74}}]},"35":{"loc":{"start":{"line":234,"column":6},"end":{"line":234,"column":57}},"type":"binary-expr","locations":[{"start":{"line":234,"column":6},"end":{"line":234,"column":29}},{"start":{"line":234,"column":33},"end":{"line":234,"column":57}}]},"36":{"loc":{"start":{"line":235,"column":2},"end":{"line":235,"column":106}},"type":"if","locations":[{"start":{"line":235,"column":2},"end":{"line":235,"column":106}}]},"37":{"loc":{"start":{"line":235,"column":6},"end":{"line":235,"column":85}},"type":"binary-expr","locations":[{"start":{"line":235,"column":6},"end":{"line":235,"column":28}},{"start":{"line":235,"column":32},"end":{"line":235,"column":58}},{"start":{"line":235,"column":62},"end":{"line":235,"column":85}}]},"38":{"loc":{"start":{"line":248,"column":10},"end":{"line":248,"column":41}},"type":"binary-expr","locations":[{"start":{"line":248,"column":10},"end":{"line":248,"column":18}},{"start":{"line":248,"column":22},"end":{"line":248,"column":35}},{"start":{"line":248,"column":39},"end":{"line":248,"column":41}}]},"39":{"loc":{"start":{"line":249,"column":10},"end":{"line":249,"column":41}},"type":"binary-expr","locations":[{"start":{"line":249,"column":10},"end":{"line":249,"column":33}},{"start":{"line":249,"column":37},"end":{"line":249,"column":41}}]},"40":{"loc":{"start":{"line":258,"column":12},"end":{"line":258,"column":49}},"type":"binary-expr","locations":[{"start":{"line":258,"column":12},"end":{"line":258,"column":21}},{"start":{"line":258,"column":25},"end":{"line":258,"column":49}}]},"41":{"loc":{"start":{"line":261,"column":10},"end":{"line":261,"column":41}},"type":"binary-expr","locations":[{"start":{"line":261,"column":10},"end":{"line":261,"column":18}},{"start":{"line":261,"column":22},"end":{"line":261,"column":35}},{"start":{"line":261,"column":39},"end":{"line":261,"column":41}}]}},"s":{"0":0,"1":0,"2":0,"3":0,"4":0,"5":0,"6":0,"7":0,"8":0,"9":0,"10":0,"11":0,"12":0,"13":0,"14":0,"15":0,"16":0,"17":0,"18":0,"19":0,"20":0,"21":0,"22":0,"23":0,"24":0,"25":0,"26":0,"27":0,"28":0,"29":0,"30":0,"31":0,"32":0,"33":0,"34":0,"35":0,"36":0,"37":0,"38":0},"f":{"0":0,"1":0,"2":0,"3":0,"4":0,"5":0,"6":0,"7":0,"8":0},"b":{"0":[0,0],"1":[0,0],"2":[0,0],"3":[0,0],"4":[0,0],"5":[0,0],"6":[0,0],"7":[0,0],"8":[0,0],"9":[0,0],"10":[0,0],"11":[0,0],"12":[0,0],"13":[0,0],"14":[0,0],"15":[0,0],"16":[0,0],"17":[0,0],"18":[0,0],"19":[0,0],"20":[0,0],"21":[0,0,0],"22":[0,0,0],"23":[0,0,0],"24":[0,0],"25":[0,0],"26":[0,0,0,0],"27":[0],"28":[0],"29":[0],"30":[0],"31":[0,0],"32":[0],"33":[0,0],"34":[0],"35":[0,0],"36":[0],"37":[0,0,0],"38":[0,0,0],"39":[0,0],"40":[0,0],"41":[0,0,0]}}
,"C:\\Users\\OJOWA\\Documents\\Farm Management System\\apps\\mobile\\src\\utils\\responseParser.ts": {"path":"C:\\Users\\OJOWA\\Documents\\Farm Management System\\apps\\mobile\\src\\utils\\responseParser.ts","statementMap":{"0":{"start":{"line":24,"column":0},"end":{"line":24,"column":16}},"1":{"start":{"line":34,"column":0},"end":{"line":34,"column":16}},"2":{"start":{"line":25,"column":18},"end":{"line":25,"column":31}},"3":{"start":{"line":26,"column":14},"end":{"line":26,"column":37}},"4":{"start":{"line":27,"column":2},"end":{"line":27,"column":39}},"5":{"start":{"line":35,"column":18},"end":{"line":35,"column":31}},"6":{"start":{"line":36,"column":2},"end":{"line":36,"column":41}}},"fnMap":{"0":{"name":"extractArray","decl":{"start":{"line":24,"column":16},"end":{"line":24,"column":28}},"loc":{"start":{"line":24,"column":53},"end":{"line":28,"column":1}}},"1":{"name":"extractTotal","decl":{"start":{"line":34,"column":16},"end":{"line":34,"column":28}},"loc":{"start":{"line":34,"column":74},"end":{"line":37,"column":1}}}},"branchMap":{"0":{"loc":{"start":{"line":26,"column":14},"end":{"line":26,"column":37}},"type":"binary-expr","locations":[{"start":{"line":26,"column":14},"end":{"line":26,"column":26}},{"start":{"line":26,"column":30},"end":{"line":26,"column":37}}]},"1":{"loc":{"start":{"line":27,"column":9},"end":{"line":27,"column":38}},"type":"cond-expr","locations":[{"start":{"line":27,"column":30},"end":{"line":27,"column":33}},{"start":{"line":27,"column":36},"end":{"line":27,"column":38}}]},"2":{"loc":{"start":{"line":36,"column":9},"end":{"line":36,"column":40}},"type":"binary-expr","locations":[{"start":{"line":36,"column":9},"end":{"line":36,"column":22}},{"start":{"line":36,"column":26},"end":{"line":36,"column":40}}]}},"s":{"0":0,"1":0,"2":0,"3":0,"4":0,"5":0,"6":0},"f":{"0":0,"1":0},"b":{"0":[0,0],"1":[0,0],"2":[0,0]}}
,"C:\\Users\\OJOWA\\Documents\\Farm Management System\\apps\\mobile\\src\\utils\\storage.ts": {"path":"C:\\Users\\OJOWA\\Documents\\Farm Management System\\apps\\mobile\\src\\utils\\storage.ts","statementMap":{"0":{"start":{"line":14,"column":0},"end":{"line":14,"column":7}},"1":{"start":{"line":1,"column":0},"end":{"line":1,"column":69}},"2":{"start":{"line":2,"column":0},"end":{"line":2,"column":null}},"3":{"start":{"line":40,"column":2},"end":{"line":3,"column":null}},"4":{"start":{"line":41,"column":2},"end":{"line":4,"column":null}},"5":{"start":{"line":42,"column":2},"end":{"line":5,"column":null}},"6":{"start":{"line":43,"column":2},"end":{"line":6,"column":null}},"7":{"start":{"line":15,"column":15},"end":{"line":27,"column":4}},"8":{"start":{"line":29,"column":2},"end":{"line":36,"column":3}},"9":{"start":{"line":30,"column":4},"end":{"line":30,"column":41}},"10":{"start":{"line":32,"column":4},"end":{"line":35,"column":5}},"11":{"start":{"line":34,"column":6},"end":{"line":34,"column":55}}},"fnMap":{"0":{"name":"(anonymous_1)","decl":{"start":{"line":40,"column":2},"end":{"line":40,"column":18}},"loc":{"start":{"line":40,"column":2},"end":{"line":3,"column":null}}},"1":{"name":"(anonymous_2)","decl":{"start":{"line":41,"column":2},"end":{"line":41,"column":19}},"loc":{"start":{"line":41,"column":2},"end":{"line":4,"column":null}}},"2":{"name":"(anonymous_3)","decl":{"start":{"line":42,"column":2},"end":{"line":42,"column":10}},"loc":{"start":{"line":42,"column":2},"end":{"line":5,"column":null}}},"3":{"name":"(anonymous_4)","decl":{"start":{"line":43,"column":2},"end":{"line":43,"column":17}},"loc":{"start":{"line":43,"column":2},"end":{"line":6,"column":null}}},"4":{"name":"clearAllStorage","decl":{"start":{"line":14,"column":22},"end":{"line":14,"column":37}},"loc":{"start":{"line":14,"column":37},"end":{"line":37,"column":1}}}},"branchMap":{"0":{"loc":{"start":{"line":32,"column":4},"end":{"line":35,"column":5}},"type":"if","locations":[{"start":{"line":32,"column":4},"end":{"line":35,"column":5}}]}},"s":{"0":2,"1":2,"2":2,"3":2,"4":2,"5":2,"6":2,"7":3,"8":3,"9":3,"10":0,"11":0},"f":{"0":0,"1":0,"2":0,"3":0,"4":3},"b":{"0":[0]}}
}
