TN:
SF:src\services\api.ts
FN:18,registerForceLogoutHandler
FN:29,processQueue
FN:30,(anonymous_3)
FN:43,(anonymous_4)
FN:51,(anonymous_5)
FN:58,(anonymous_6)
FN:63,(anonymous_7)
FN:64,(anonymous_8)
FN:75,(anonymous_9)
FN:77,(anonymous_10)
FN:123,(anonymous_11)
FN:133,(anonymous_12)
FN:135,(anonymous_13)
FN:137,(anonymous_14)
FN:139,(anonymous_15)
FN:141,(anonymous_16)
FN:143,(anonymous_17)
FN:145,(anonymous_18)
FN:146,(anonymous_19)
FN:148,(anonymous_20)
FN:152,(anonymous_21)
FN:153,(anonymous_22)
FN:154,(anonymous_23)
FN:155,(anonymous_24)
FN:156,(anonymous_25)
FN:160,(anonymous_26)
FN:161,(anonymous_27)
FN:162,(anonymous_28)
FN:163,(anonymous_29)
FN:164,(anonymous_30)
FN:168,(anonymous_31)
FN:169,(anonymous_32)
FN:170,(anonymous_33)
FN:171,(anonymous_34)
FN:172,(anonymous_35)
FN:176,(anonymous_36)
FN:177,(anonymous_37)
FN:178,(anonymous_38)
FN:179,(anonymous_39)
FN:180,(anonymous_40)
FN:184,(anonymous_41)
FN:185,(anonymous_42)
FN:186,(anonymous_43)
FN:187,(anonymous_44)
FN:188,(anonymous_45)
FN:189,(anonymous_46)
FN:193,(anonymous_47)
FN:194,(anonymous_48)
FN:195,(anonymous_49)
FN:196,(anonymous_50)
FN:197,(anonymous_51)
FN:201,(anonymous_52)
FN:202,(anonymous_53)
FN:203,(anonymous_54)
FN:204,(anonymous_55)
FN:205,(anonymous_56)
FNF:56
FNH:2
FNDA:2,registerForceLogoutHandler
FNDA:0,processQueue
FNDA:0,(anonymous_3)
FNDA:2,(anonymous_4)
FNDA:0,(anonymous_5)
FNDA:0,(anonymous_6)
FNDA:0,(anonymous_7)
FNDA:0,(anonymous_8)
FNDA:0,(anonymous_9)
FNDA:0,(anonymous_10)
FNDA:0,(anonymous_11)
FNDA:0,(anonymous_12)
FNDA:0,(anonymous_13)
FNDA:0,(anonymous_14)
FNDA:0,(anonymous_15)
FNDA:0,(anonymous_16)
FNDA:0,(anonymous_17)
FNDA:0,(anonymous_18)
FNDA:0,(anonymous_19)
FNDA:0,(anonymous_20)
FNDA:0,(anonymous_21)
FNDA:0,(anonymous_22)
FNDA:0,(anonymous_23)
FNDA:0,(anonymous_24)
FNDA:0,(anonymous_25)
FNDA:0,(anonymous_26)
FNDA:0,(anonymous_27)
FNDA:0,(anonymous_28)
FNDA:0,(anonymous_29)
FNDA:0,(anonymous_30)
FNDA:0,(anonymous_31)
FNDA:0,(anonymous_32)
FNDA:0,(anonymous_33)
FNDA:0,(anonymous_34)
FNDA:0,(anonymous_35)
FNDA:0,(anonymous_36)
FNDA:0,(anonymous_37)
FNDA:0,(anonymous_38)
FNDA:0,(anonymous_39)
FNDA:0,(anonymous_40)
FNDA:0,(anonymous_41)
FNDA:0,(anonymous_42)
FNDA:0,(anonymous_43)
FNDA:0,(anonymous_44)
FNDA:0,(anonymous_45)
FNDA:0,(anonymous_46)
FNDA:0,(anonymous_47)
FNDA:0,(anonymous_48)
FNDA:0,(anonymous_49)
FNDA:0,(anonymous_50)
FNDA:0,(anonymous_51)
FNDA:0,(anonymous_52)
FNDA:0,(anonymous_53)
FNDA:0,(anonymous_54)
FNDA:0,(anonymous_55)
FNDA:0,(anonymous_56)
DA:1,2
DA:2,2
DA:10,2
DA:16,2
DA:18,2
DA:19,2
DA:23,2
DA:27,2
DA:30,0
DA:31,0
DA:32,0
DA:34,0
DA:37,0
DA:44,2
DA:50,2
DA:52,0
DA:53,0
DA:54,0
DA:56,0
DA:58,0
DA:62,2
DA:63,0
DA:65,0
DA:69,0
DA:70,0
DA:74,0
DA:75,0
DA:76,0
DA:78,0
DA:79,0
DA:83,0
DA:84,0
DA:86,0
DA:87,0
DA:88,0
DA:90,0
DA:94,0
DA:95,0
DA:96,0
DA:98,0
DA:100,0
DA:101,0
DA:104,0
DA:105,0
DA:106,0
DA:108,0
DA:111,0
DA:112,0
DA:115,0
DA:117,0
DA:124,0
DA:128,2
DA:132,2
DA:134,0
DA:136,0
DA:138,0
DA:140,0
DA:142,0
DA:144,0
DA:145,0
DA:147,0
DA:148,0
DA:151,2
DA:152,0
DA:153,0
DA:154,0
DA:155,0
DA:156,0
DA:159,2
DA:160,0
DA:161,0
DA:162,0
DA:163,0
DA:164,0
DA:167,2
DA:168,0
DA:169,0
DA:170,0
DA:171,0
DA:172,0
DA:175,2
DA:176,0
DA:177,0
DA:178,0
DA:179,0
DA:180,0
DA:183,2
DA:184,0
DA:185,0
DA:186,0
DA:187,0
DA:188,0
DA:189,0
DA:192,2
DA:193,0
DA:194,0
DA:195,0
DA:196,0
DA:197,0
DA:200,2
DA:201,0
DA:202,0
DA:203,0
DA:204,0
DA:205,0
LF:105
LH:20
BRDA:10,0,0,2
BRDA:10,0,1,2
BRDA:10,0,2,2
BRDA:31,1,0,0
BRDA:31,1,1,0
BRDA:31,2,0,0
BRDA:31,2,1,0
BRDA:53,3,0,0
BRDA:69,4,0,0
BRDA:69,5,0,0
BRDA:69,5,1,0
BRDA:74,6,0,0
BRDA:88,7,0,0
BRDA:111,8,0,0
BRF:14
BRH:3
end_of_record
TN:
SF:src\store\slices\authSlice.ts
FN:57,(anonymous_1)
FN:69,(anonymous_2)
FN:84,(anonymous_3)
FN:96,(anonymous_4)
FN:108,(anonymous_5)
FN:123,(anonymous_6)
FN:138,(anonymous_7)
FN:156,(anonymous_8)
FN:196,(anonymous_9)
FN:199,(anonymous_10)
FN:204,(anonymous_11)
FN:206,(anonymous_12)
FN:210,(anonymous_13)
FN:224,(anonymous_14)
FN:231,(anonymous_15)
FN:235,(anonymous_16)
FN:244,(anonymous_17)
FN:250,(anonymous_18)
FN:255,(anonymous_19)
FN:267,(anonymous_20)
FN:271,(anonymous_21)
FN:282,(anonymous_22)
FN:288,(anonymous_23)
FN:300,(anonymous_24)
FN:303,(anonymous_25)
FN:315,(anonymous_26)
FN:322,(anonymous_27)
FN:326,(anonymous_28)
FN:329,(anonymous_29)
FN:334,(anonymous_30)
FN:338,(anonymous_31)
FN:341,(anonymous_32)
FN:353,(anonymous_33)
FN:359,setStoreDispatch
FN:365,saveTokens
FNF:35
FNH:19
FNDA:0,(anonymous_1)
FNDA:0,(anonymous_2)
FNDA:0,(anonymous_3)
FNDA:0,(anonymous_4)
FNDA:0,(anonymous_5)
FNDA:0,(anonymous_6)
FNDA:0,(anonymous_7)
FNDA:0,(anonymous_8)
FNDA:1,(anonymous_9)
FNDA:1,(anonymous_10)
FNDA:1,(anonymous_11)
FNDA:1,(anonymous_12)
FNDA:2,(anonymous_13)
FNDA:1,(anonymous_14)
FNDA:0,(anonymous_15)
FNDA:1,(anonymous_16)
FNDA:1,(anonymous_17)
FNDA:1,(anonymous_18)
FNDA:1,(anonymous_19)
FNDA:0,(anonymous_20)
FNDA:1,(anonymous_21)
FNDA:0,(anonymous_22)
FNDA:1,(anonymous_23)
FNDA:0,(anonymous_24)
FNDA:2,(anonymous_25)
FNDA:1,(anonymous_26)
FNDA:0,(anonymous_27)
FNDA:1,(anonymous_28)
FNDA:1,(anonymous_29)
FNDA:0,(anonymous_30)
FNDA:1,(anonymous_31)
FNDA:1,(anonymous_32)
FNDA:0,(anonymous_33)
FNDA:0,setStoreDispatch
FNDA:4,saveTokens
DA:1,2
DA:2,2
DA:3,2
DA:4,2
DA:5,2
DA:10,2
DA:11,2
DA:12,2
DA:13,2
DA:41,2
DA:55,2
DA:58,0
DA:59,0
DA:60,0
DA:62,0
DA:67,2
DA:73,0
DA:74,0
DA:75,0
DA:77,0
DA:82,2
DA:85,0
DA:86,0
DA:87,0
DA:89,0
DA:94,2
DA:97,0
DA:98,0
DA:99,0
DA:101,0
DA:106,2
DA:112,0
DA:113,0
DA:114,0
DA:116,0
DA:121,2
DA:127,0
DA:128,0
DA:129,0
DA:131,0
DA:136,2
DA:139,0
DA:141,0
DA:142,0
DA:146,0
DA:147,0
DA:149,0
DA:154,2
DA:157,0
DA:158,0
DA:164,0
DA:167,0
DA:171,0
DA:172,0
DA:175,0
DA:176,0
DA:179,0
DA:186,0
DA:192,2
DA:197,1
DA:200,1
DA:201,1
DA:206,1
DA:207,1
DA:208,1
DA:210,1
DA:211,2
DA:212,2
DA:213,1
DA:214,1
DA:216,1
DA:217,1
DA:218,1
DA:219,1
DA:220,1
DA:221,1
DA:224,1
DA:225,1
DA:226,1
DA:227,1
DA:231,1
DA:232,0
DA:233,0
DA:235,1
DA:236,1
DA:237,1
DA:238,1
DA:239,1
DA:240,1
DA:241,1
DA:242,1
DA:244,1
DA:245,1
DA:246,1
DA:250,1
DA:251,1
DA:252,1
DA:253,1
DA:255,1
DA:256,1
DA:257,1
DA:258,1
DA:259,1
DA:260,1
DA:261,1
DA:262,1
DA:263,1
DA:267,1
DA:268,0
DA:269,0
DA:271,1
DA:272,1
DA:273,1
DA:274,1
DA:275,1
DA:276,1
DA:277,1
DA:278,1
DA:279,1
DA:280,1
DA:282,1
DA:283,0
DA:284,0
DA:288,1
DA:289,1
DA:290,1
DA:291,1
DA:292,1
DA:293,1
DA:294,1
DA:295,1
DA:296,1
DA:300,1
DA:301,0
DA:303,1
DA:304,2
DA:305,2
DA:306,2
DA:307,1
DA:308,1
DA:309,1
DA:310,1
DA:312,1
DA:315,1
DA:316,1
DA:317,1
DA:318,1
DA:322,1
DA:323,0
DA:324,0
DA:326,1
DA:327,1
DA:329,1
DA:330,1
DA:331,1
DA:334,1
DA:335,0
DA:336,0
DA:338,1
DA:339,1
DA:341,1
DA:342,1
DA:343,1
DA:348,2
DA:349,2
DA:353,2
DA:354,0
DA:358,2
DA:359,2
DA:360,0
DA:370,4
DA:371,3
DA:372,3
DA:381,0
DA:383,0
LF:175
LH:120
BRDA:164,0,0,0
BRDA:164,1,0,0
BRDA:164,1,1,0
BRDA:212,2,0,1
BRDA:212,2,1,1
BRDA:306,3,0,1
BRDA:306,3,1,1
BRDA:307,4,0,1
BRDA:307,4,1,0
BRDA:308,5,0,1
BRDA:308,5,1,0
BRDA:370,6,0,1
BRDA:370,7,0,4
BRDA:370,7,1,4
BRDA:374,8,0,3
BRDA:374,8,1,0
BRDA:381,9,0,0
BRF:17
BRH:10
end_of_record
TN:
SF:src\store\slices\syncSlice.ts
FN:33,(anonymous_0)
FN:39,(anonymous_1)
FN:42,(anonymous_2)
FN:45,(anonymous_3)
FN:53,(anonymous_4)
FN:54,(anonymous_5)
FN:56,(anonymous_6)
FN:57,(anonymous_7)
FN:60,(anonymous_8)
FN:63,(anonymous_9)
FNF:10
FNH:10
FNDA:3,(anonymous_0)
FNDA:2,(anonymous_1)
FNDA:1,(anonymous_2)
FNDA:7,(anonymous_3)
FNDA:2,(anonymous_4)
FNDA:2,(anonymous_5)
FNDA:2,(anonymous_6)
FNDA:2,(anonymous_7)
FNDA:1,(anonymous_8)
FNDA:1,(anonymous_9)
DA:1,1
DA:21,1
DA:29,1
DA:34,3
DA:35,3
DA:36,2
DA:40,2
DA:43,1
DA:46,7
DA:54,2
DA:57,2
DA:58,2
DA:61,1
DA:64,1
DA:69,1
DA:80,1
LF:16
LH:16
BRDA:35,0,0,2
BRDA:58,1,0,2
BRF:2
BRH:2
end_of_record
TN:
SF:src\store\slices\uiSlice.ts
FN:59,(anonymous_0)
FN:90,(anonymous_1)
FN:93,(anonymous_2)
FN:94,(anonymous_3)
FN:96,(anonymous_4)
FN:99,(anonymous_5)
FN:102,(anonymous_6)
FN:105,(anonymous_7)
FN:108,(anonymous_8)
FN:111,(anonymous_9)
FN:115,(anonymous_10)
FN:119,(anonymous_11)
FN:123,(anonymous_12)
FN:127,(anonymous_13)
FN:136,(anonymous_14)
FN:139,(anonymous_15)
FNF:16
FNH:16
FNDA:10,(anonymous_0)
FNDA:1,(anonymous_1)
FNDA:1,(anonymous_2)
FNDA:1,(anonymous_3)
FNDA:1,(anonymous_4)
FNDA:1,(anonymous_5)
FNDA:2,(anonymous_6)
FNDA:2,(anonymous_7)
FNDA:1,(anonymous_8)
FNDA:2,(anonymous_9)
FNDA:1,(anonymous_10)
FNDA:1,(anonymous_11)
FNDA:1,(anonymous_12)
FNDA:2,(anonymous_13)
FNDA:1,(anonymous_14)
FNDA:1,(anonymous_15)
DA:1,1
DA:59,10
DA:66,1
DA:86,1
DA:91,1
DA:94,1
DA:97,1
DA:100,1
DA:103,2
DA:106,2
DA:109,1
DA:112,2
DA:113,2
DA:116,1
DA:117,1
DA:120,1
DA:121,1
DA:124,1
DA:125,1
DA:131,2
DA:137,1
DA:140,1
DA:141,1
DA:142,1
DA:143,1
DA:144,1
DA:149,1
DA:166,1
LF:28
LH:28
BRF:0
BRH:0
end_of_record
TN:
SF:src\utils\apiError.ts
FN:17,toApiError
FN:37,describeApiError
FNF:2
FNH:2
FNDA:16,toApiError
FNDA:7,describeApiError
DA:17,3
DA:18,16
DA:19,16
DA:20,16
DA:22,16
DA:26,16
DA:27,16
DA:28,16
DA:29,16
DA:30,16
DA:31,16
DA:33,16
DA:37,3
DA:38,7
DA:39,7
DA:40,1
DA:42,6
DA:43,1
DA:45,5
DA:46,1
DA:48,4
DA:49,1
DA:51,3
DA:52,1
DA:54,2
LF:25
LH:25
BRDA:17,0,0,8
BRDA:19,1,0,16
BRDA:19,1,1,4
BRDA:20,2,0,16
BRDA:20,2,1,14
BRDA:22,3,0,16
BRDA:22,3,1,13
BRDA:22,3,2,12
BRDA:26,4,0,16
BRDA:26,4,1,12
BRDA:26,4,2,10
BRDA:27,5,0,16
BRDA:27,5,1,4
BRDA:28,6,0,16
BRDA:28,6,1,14
BRDA:30,7,0,16
BRDA:30,7,1,12
BRDA:31,8,0,16
BRDA:31,8,1,12
BRDA:31,8,2,12
BRDA:37,9,0,6
BRDA:39,10,0,1
BRDA:42,11,0,1
BRDA:45,12,0,1
BRDA:48,13,0,1
BRDA:51,14,0,1
BRDA:51,15,0,3
BRDA:51,15,1,2
BRDA:54,16,0,2
BRDA:54,16,1,0
BRF:30
BRH:29
end_of_record
TN:
SF:src\utils\storage.ts
FN:40,(anonymous_1)
FN:41,(anonymous_2)
FN:42,(anonymous_3)
FN:43,(anonymous_4)
FN:14,clearAllStorage
FNF:5
FNH:1
FNDA:0,(anonymous_1)
FNDA:0,(anonymous_2)
FNDA:0,(anonymous_3)
FNDA:0,(anonymous_4)
FNDA:3,clearAllStorage
DA:1,2
DA:2,2
DA:14,2
DA:15,3
DA:29,3
DA:30,3
DA:32,0
DA:34,0
DA:40,2
DA:41,2
DA:42,2
DA:43,2
LF:12
LH:10
BRDA:32,0,0,0
BRF:1
BRH:0
end_of_record
