TN:
SF:src\services\api.ts
FN:18,registerForceLogoutHandler
FN:29,processQueue
FN:30,(anonymous_3)
FN:43,(anonymous_4)
FN:51,(anonymous_5)
FN:58,(anonymous_6)
FN:63,(anonymous_7)
FN:64,(anonymous_8)
FN:75,(anonymous_9)
FN:77,(anonymous_10)
FN:123,(anonymous_11)
FN:133,(anonymous_12)
FN:135,(anonymous_13)
FN:137,(anonymous_14)
FN:139,(anonymous_15)
FN:141,(anonymous_16)
FN:143,(anonymous_17)
FN:145,(anonymous_18)
FN:146,(anonymous_19)
FN:148,(anonymous_20)
FN:148,(anonymous_21)
FN:152,(anonymous_22)
FN:153,(anonymous_23)
FN:154,(anonymous_24)
FN:165,(anonymous_25)
FN:172,(anonymous_26)
FN:176,(anonymous_27)
FN:177,(anonymous_28)
FN:179,(anonymous_29)
FN:207,(anonymous_30)
FN:215,(anonymous_31)
FN:227,(anonymous_32)
FN:228,(anonymous_33)
FN:238,(anonymous_34)
FN:239,(anonymous_35)
FN:240,(anonymous_36)
FN:250,(anonymous_37)
FN:258,(anonymous_38)
FN:268,(anonymous_39)
FN:269,(anonymous_40)
FN:270,(anonymous_41)
FN:287,(anonymous_42)
FN:295,(anonymous_43)
FN:296,(anonymous_44)
FN:297,(anonymous_45)
FN:301,getDefaultFarmId
FN:314,(anonymous_47)
FN:323,(anonymous_48)
FN:323,(anonymous_49)
FN:324,(anonymous_50)
FN:344,(anonymous_51)
FN:360,(anonymous_52)
FN:360,(anonymous_53)
FN:361,(anonymous_54)
FN:365,(anonymous_55)
FN:366,(anonymous_56)
FN:367,(anonymous_57)
FN:368,(anonymous_58)
FN:369,(anonymous_59)
FN:373,(anonymous_60)
FN:374,(anonymous_61)
FN:375,(anonymous_62)
FN:376,(anonymous_63)
FN:377,(anonymous_64)
FNF:64
FNH:2
FNDA:2,registerForceLogoutHandler
FNDA:0,processQueue
FNDA:0,(anonymous_3)
FNDA:2,(anonymous_4)
FNDA:0,(anonymous_5)
FNDA:0,(anonymous_6)
FNDA:0,(anonymous_7)
FNDA:0,(anonymous_8)
FNDA:0,(anonymous_9)
FNDA:0,(anonymous_10)
FNDA:0,(anonymous_11)
FNDA:0,(anonymous_12)
FNDA:0,(anonymous_13)
FNDA:0,(anonymous_14)
FNDA:0,(anonymous_15)
FNDA:0,(anonymous_16)
FNDA:0,(anonymous_17)
FNDA:0,(anonymous_18)
FNDA:0,(anonymous_19)
FNDA:0,(anonymous_20)
FNDA:0,(anonymous_21)
FNDA:0,(anonymous_22)
FNDA:0,(anonymous_23)
FNDA:0,(anonymous_24)
FNDA:0,(anonymous_25)
FNDA:0,(anonymous_26)
FNDA:0,(anonymous_27)
FNDA:0,(anonymous_28)
FNDA:0,(anonymous_29)
FNDA:0,(anonymous_30)
FNDA:0,(anonymous_31)
FNDA:0,(anonymous_32)
FNDA:0,(anonymous_33)
FNDA:0,(anonymous_34)
FNDA:0,(anonymous_35)
FNDA:0,(anonymous_36)
FNDA:0,(anonymous_37)
FNDA:0,(anonymous_38)
FNDA:0,(anonymous_39)
FNDA:0,(anonymous_40)
FNDA:0,(anonymous_41)
FNDA:0,(anonymous_42)
FNDA:0,(anonymous_43)
FNDA:0,(anonymous_44)
FNDA:0,(anonymous_45)
FNDA:0,getDefaultFarmId
FNDA:0,(anonymous_47)
FNDA:0,(anonymous_48)
FNDA:0,(anonymous_49)
FNDA:0,(anonymous_50)
FNDA:0,(anonymous_51)
FNDA:0,(anonymous_52)
FNDA:0,(anonymous_53)
FNDA:0,(anonymous_54)
FNDA:0,(anonymous_55)
FNDA:0,(anonymous_56)
FNDA:0,(anonymous_57)
FNDA:0,(anonymous_58)
FNDA:0,(anonymous_59)
FNDA:0,(anonymous_60)
FNDA:0,(anonymous_61)
FNDA:0,(anonymous_62)
FNDA:0,(anonymous_63)
FNDA:0,(anonymous_64)
DA:1,2
DA:2,2
DA:10,2
DA:16,2
DA:18,2
DA:19,2
DA:23,2
DA:27,2
DA:30,0
DA:31,0
DA:32,0
DA:34,0
DA:37,0
DA:44,2
DA:50,2
DA:52,0
DA:53,0
DA:54,0
DA:56,0
DA:58,0
DA:62,2
DA:63,0
DA:65,0
DA:69,0
DA:70,0
DA:74,0
DA:75,0
DA:76,0
DA:78,0
DA:79,0
DA:83,0
DA:84,0
DA:86,0
DA:87,0
DA:88,0
DA:90,0
DA:94,0
DA:95,0
DA:96,0
DA:98,0
DA:100,0
DA:101,0
DA:104,0
DA:105,0
DA:106,0
DA:108,0
DA:111,0
DA:112,0
DA:115,0
DA:117,0
DA:124,0
DA:128,2
DA:132,2
DA:134,0
DA:136,0
DA:138,0
DA:140,0
DA:142,0
DA:144,0
DA:145,0
DA:147,0
DA:148,0
DA:151,2
DA:152,0
DA:153,0
DA:155,0
DA:156,0
DA:157,0
DA:166,0
DA:172,0
DA:175,2
DA:176,0
DA:177,0
DA:182,0
DA:183,0
DA:186,0
DA:187,0
DA:189,0
DA:190,0
DA:191,0
DA:192,0
DA:193,0
DA:202,0
DA:205,0
DA:209,0
DA:211,0
DA:212,0
DA:213,0
DA:214,0
DA:215,0
DA:216,0
DA:217,0
DA:225,0
DA:227,0
DA:228,0
DA:231,2
DA:237,2
DA:238,0
DA:239,0
DA:241,0
DA:251,0
DA:258,0
DA:261,2
DA:267,2
DA:268,0
DA:269,0
DA:271,0
DA:272,0
DA:273,0
DA:274,0
DA:288,0
DA:295,0
DA:296,0
DA:297,0
DA:302,0
DA:303,0
DA:304,0
DA:305,0
DA:306,0
DA:308,0
DA:312,2
DA:315,0
DA:319,0
DA:320,0
DA:321,0
DA:323,0
DA:325,0
DA:326,0
DA:327,0
DA:328,0
DA:337,0
DA:345,0
DA:346,0
DA:347,0
DA:354,0
DA:360,0
DA:361,0
DA:364,2
DA:365,0
DA:366,0
DA:367,0
DA:368,0
DA:369,0
DA:372,2
DA:373,0
DA:374,0
DA:375,0
DA:376,0
DA:377,0
LF:149
LH:22
BRDA:10,0,0,2
BRDA:10,0,1,2
BRDA:10,0,2,2
BRDA:31,1,0,0
BRDA:31,1,1,0
BRDA:31,2,0,0
BRDA:31,2,1,0
BRDA:53,3,0,0
BRDA:69,4,0,0
BRDA:69,5,0,0
BRDA:69,5,1,0
BRDA:74,6,0,0
BRDA:88,7,0,0
BRDA:111,8,0,0
BRDA:160,9,0,0
BRDA:160,9,1,0
BRDA:161,10,0,0
BRDA:161,10,1,0
BRDA:162,11,0,0
BRDA:162,11,1,0
BRDA:168,12,0,0
BRDA:168,12,1,0
BRDA:169,13,0,0
BRDA:169,13,1,0
BRDA:170,14,0,0
BRDA:170,14,1,0
BRDA:186,15,0,0
BRDA:186,16,0,0
BRDA:186,16,1,0
BRDA:190,17,0,0
BRDA:190,17,1,0
BRDA:192,18,0,0
BRDA:197,19,0,0
BRDA:197,19,1,0
BRDA:198,20,0,0
BRDA:198,20,1,0
BRDA:202,21,0,0
BRDA:211,22,0,0
BRDA:211,23,0,0
BRDA:211,23,1,0
BRDA:211,23,2,0
BRDA:214,24,0,0
BRDA:214,24,1,0
BRDA:216,25,0,0
BRDA:218,26,0,0
BRDA:218,26,1,0
BRDA:219,27,0,0
BRDA:219,27,1,0
BRDA:220,28,0,0
BRDA:220,28,1,0
BRDA:243,29,0,0
BRDA:243,29,1,0
BRDA:243,29,2,0
BRDA:244,30,0,0
BRDA:244,30,1,0
BRDA:245,31,0,0
BRDA:245,31,1,0
BRDA:246,32,0,0
BRDA:246,32,1,0
BRDA:247,33,0,0
BRDA:247,33,1,0
BRDA:252,34,0,0
BRDA:252,34,1,0
BRDA:253,35,0,0
BRDA:253,35,1,0
BRDA:254,36,0,0
BRDA:254,36,1,0
BRDA:255,37,0,0
BRDA:255,37,1,0
BRDA:256,38,0,0
BRDA:256,38,1,0
BRDA:273,39,0,0
BRDA:273,39,1,0
BRDA:277,40,0,0
BRDA:277,40,1,0
BRDA:278,41,0,0
BRDA:278,41,1,0
BRDA:279,42,0,0
BRDA:279,42,1,0
BRDA:282,43,0,0
BRDA:282,43,1,0
BRDA:284,44,0,0
BRDA:284,44,1,0
BRDA:290,45,0,0
BRDA:290,45,1,0
BRDA:291,46,0,0
BRDA:291,46,1,0
BRDA:292,47,0,0
BRDA:292,47,1,0
BRDA:293,48,0,0
BRDA:293,48,1,0
BRDA:305,49,0,0
BRDA:305,49,1,0
BRDA:319,50,0,0
BRDA:319,50,1,0
BRDA:320,51,0,0
BRDA:320,51,1,0
BRDA:326,52,0,0
BRDA:327,53,0,0
BRDA:327,53,1,0
BRDA:340,54,0,0
BRDA:340,54,1,0
BRDA:345,55,0,0
BRDA:346,56,0,0
BRDA:346,56,1,0
BRDA:356,57,0,0
BRDA:356,57,1,0
BRF:107
BRH:3
end_of_record
TN:
SF:src\store\slices\authSlice.ts
FN:64,(anonymous_1)
FN:76,(anonymous_2)
FN:98,(anonymous_3)
FN:110,(anonymous_4)
FN:122,(anonymous_5)
FN:137,(anonymous_6)
FN:152,(anonymous_7)
FN:170,(anonymous_8)
FN:227,(anonymous_9)
FN:230,(anonymous_10)
FN:235,(anonymous_11)
FN:237,(anonymous_12)
FN:241,(anonymous_13)
FN:255,(anonymous_14)
FN:262,(anonymous_15)
FN:266,(anonymous_16)
FN:275,(anonymous_17)
FN:281,(anonymous_18)
FN:286,(anonymous_19)
FN:298,(anonymous_20)
FN:302,(anonymous_21)
FN:313,(anonymous_22)
FN:319,(anonymous_23)
FN:331,(anonymous_24)
FN:334,(anonymous_25)
FN:346,(anonymous_26)
FN:353,(anonymous_27)
FN:357,(anonymous_28)
FN:360,(anonymous_29)
FN:365,(anonymous_30)
FN:369,(anonymous_31)
FN:372,(anonymous_32)
FN:384,(anonymous_33)
FN:390,setStoreDispatch
FN:396,saveTokens
FNF:35
FNH:19
FNDA:0,(anonymous_1)
FNDA:0,(anonymous_2)
FNDA:0,(anonymous_3)
FNDA:0,(anonymous_4)
FNDA:0,(anonymous_5)
FNDA:0,(anonymous_6)
FNDA:0,(anonymous_7)
FNDA:0,(anonymous_8)
FNDA:1,(anonymous_9)
FNDA:1,(anonymous_10)
FNDA:1,(anonymous_11)
FNDA:1,(anonymous_12)
FNDA:2,(anonymous_13)
FNDA:1,(anonymous_14)
FNDA:0,(anonymous_15)
FNDA:1,(anonymous_16)
FNDA:1,(anonymous_17)
FNDA:1,(anonymous_18)
FNDA:1,(anonymous_19)
FNDA:0,(anonymous_20)
FNDA:1,(anonymous_21)
FNDA:0,(anonymous_22)
FNDA:1,(anonymous_23)
FNDA:0,(anonymous_24)
FNDA:2,(anonymous_25)
FNDA:1,(anonymous_26)
FNDA:0,(anonymous_27)
FNDA:1,(anonymous_28)
FNDA:1,(anonymous_29)
FNDA:0,(anonymous_30)
FNDA:1,(anonymous_31)
FNDA:1,(anonymous_32)
FNDA:0,(anonymous_33)
FNDA:0,setStoreDispatch
FNDA:4,saveTokens
DA:1,2
DA:2,2
DA:3,2
DA:4,2
DA:5,2
DA:10,2
DA:11,2
DA:12,2
DA:13,2
DA:48,2
DA:62,2
DA:65,0
DA:66,0
DA:67,0
DA:69,0
DA:74,2
DA:80,0
DA:81,0
DA:82,0
DA:83,0
DA:89,0
DA:91,0
DA:96,2
DA:99,0
DA:100,0
DA:101,0
DA:103,0
DA:108,2
DA:111,0
DA:112,0
DA:113,0
DA:115,0
DA:120,2
DA:126,0
DA:127,0
DA:128,0
DA:130,0
DA:135,2
DA:141,0
DA:142,0
DA:143,0
DA:145,0
DA:150,2
DA:153,0
DA:155,0
DA:156,0
DA:160,0
DA:161,0
DA:163,0
DA:168,2
DA:171,0
DA:172,0
DA:178,0
DA:181,0
DA:185,0
DA:186,0
DA:188,0
DA:206,0
DA:207,0
DA:210,0
DA:217,0
DA:223,2
DA:228,1
DA:231,1
DA:232,1
DA:237,1
DA:238,1
DA:239,1
DA:241,1
DA:242,2
DA:243,2
DA:244,1
DA:245,1
DA:247,1
DA:248,1
DA:249,1
DA:250,1
DA:251,1
DA:252,1
DA:255,1
DA:256,1
DA:257,1
DA:258,1
DA:262,1
DA:263,0
DA:264,0
DA:266,1
DA:267,1
DA:268,1
DA:269,1
DA:270,1
DA:271,1
DA:272,1
DA:273,1
DA:275,1
DA:276,1
DA:277,1
DA:281,1
DA:282,1
DA:283,1
DA:284,1
DA:286,1
DA:287,1
DA:288,1
DA:289,1
DA:290,1
DA:291,1
DA:292,1
DA:293,1
DA:294,1
DA:298,1
DA:299,0
DA:300,0
DA:302,1
DA:303,1
DA:304,1
DA:305,1
DA:306,1
DA:307,1
DA:308,1
DA:309,1
DA:310,1
DA:311,1
DA:313,1
DA:314,0
DA:315,0
DA:319,1
DA:320,1
DA:321,1
DA:322,1
DA:323,1
DA:324,1
DA:325,1
DA:326,1
DA:327,1
DA:331,1
DA:332,0
DA:334,1
DA:335,2
DA:336,2
DA:337,2
DA:338,1
DA:339,1
DA:340,1
DA:341,1
DA:343,1
DA:346,1
DA:347,1
DA:348,1
DA:349,1
DA:353,1
DA:354,0
DA:355,0
DA:357,1
DA:358,1
DA:360,1
DA:361,1
DA:362,1
DA:365,1
DA:366,0
DA:367,0
DA:369,1
DA:370,1
DA:372,1
DA:373,1
DA:374,1
DA:379,2
DA:380,2
DA:384,2
DA:385,0
DA:389,2
DA:390,2
DA:391,0
DA:401,4
DA:402,3
DA:403,3
DA:406,3
DA:422,3
DA:431,0
DA:433,0
LF:180
LH:122
BRDA:82,0,0,0
BRDA:82,0,1,0
BRDA:178,1,0,0
BRDA:178,2,0,0
BRDA:178,2,1,0
BRDA:191,3,0,0
BRDA:191,3,1,0
BRDA:192,4,0,0
BRDA:192,4,1,0
BRDA:193,5,0,0
BRDA:193,5,1,0
BRDA:193,6,0,0
BRDA:193,6,1,0
BRDA:193,7,0,0
BRDA:193,7,1,0
BRDA:194,8,0,0
BRDA:194,8,1,0
BRDA:194,9,0,0
BRDA:194,9,1,0
BRDA:194,10,0,0
BRDA:194,10,1,0
BRDA:195,11,0,0
BRDA:195,11,1,0
BRDA:195,11,2,0
BRDA:195,12,0,0
BRDA:195,12,1,0
BRDA:196,13,0,0
BRDA:196,13,1,0
BRDA:197,14,0,0
BRDA:197,14,1,0
BRDA:197,15,0,0
BRDA:197,15,1,0
BRDA:197,16,0,0
BRDA:197,16,1,0
BRDA:243,17,0,1
BRDA:243,17,1,1
BRDA:337,18,0,1
BRDA:337,18,1,1
BRDA:338,19,0,1
BRDA:338,19,1,0
BRDA:339,20,0,1
BRDA:339,20,1,0
BRDA:401,21,0,1
BRDA:401,22,0,4
BRDA:401,22,1,4
BRDA:409,23,0,3
BRDA:409,23,1,0
BRDA:410,24,0,3
BRDA:410,24,1,0
BRDA:411,25,0,3
BRDA:411,25,1,0
BRDA:411,26,0,0
BRDA:411,26,1,0
BRDA:411,27,0,0
BRDA:411,27,1,0
BRDA:412,28,0,0
BRDA:412,28,1,3
BRDA:412,29,0,0
BRDA:412,29,1,0
BRDA:412,30,0,3
BRDA:412,30,1,0
BRDA:413,31,0,3
BRDA:413,31,1,0
BRDA:413,31,2,0
BRDA:414,32,0,3
BRDA:414,32,1,0
BRDA:415,33,0,0
BRDA:415,33,1,3
BRDA:415,34,0,0
BRDA:415,34,1,0
BRDA:424,35,0,3
BRDA:424,35,1,0
BRDA:431,36,0,0
BRF:73
BRH:18
end_of_record
TN:
SF:src\store\slices\syncSlice.ts
FN:33,(anonymous_0)
FN:39,(anonymous_1)
FN:42,(anonymous_2)
FN:45,(anonymous_3)
FN:53,(anonymous_4)
FN:54,(anonymous_5)
FN:56,(anonymous_6)
FN:57,(anonymous_7)
FN:60,(anonymous_8)
FN:63,(anonymous_9)
FNF:10
FNH:10
FNDA:3,(anonymous_0)
FNDA:2,(anonymous_1)
FNDA:1,(anonymous_2)
FNDA:7,(anonymous_3)
FNDA:2,(anonymous_4)
FNDA:2,(anonymous_5)
FNDA:2,(anonymous_6)
FNDA:2,(anonymous_7)
FNDA:1,(anonymous_8)
FNDA:1,(anonymous_9)
DA:1,1
DA:21,1
DA:29,1
DA:34,3
DA:35,3
DA:36,2
DA:40,2
DA:43,1
DA:46,7
DA:54,2
DA:57,2
DA:58,2
DA:61,1
DA:64,1
DA:69,1
DA:80,1
LF:16
LH:16
BRDA:35,0,0,2
BRDA:58,1,0,2
BRF:2
BRH:2
end_of_record
TN:
SF:src\store\slices\uiSlice.ts
FN:59,(anonymous_0)
FN:90,(anonymous_1)
FN:93,(anonymous_2)
FN:94,(anonymous_3)
FN:96,(anonymous_4)
FN:99,(anonymous_5)
FN:102,(anonymous_6)
FN:105,(anonymous_7)
FN:108,(anonymous_8)
FN:111,(anonymous_9)
FN:115,(anonymous_10)
FN:119,(anonymous_11)
FN:123,(anonymous_12)
FN:127,(anonymous_13)
FN:136,(anonymous_14)
FN:139,(anonymous_15)
FNF:16
FNH:16
FNDA:10,(anonymous_0)
FNDA:1,(anonymous_1)
FNDA:1,(anonymous_2)
FNDA:1,(anonymous_3)
FNDA:1,(anonymous_4)
FNDA:1,(anonymous_5)
FNDA:2,(anonymous_6)
FNDA:2,(anonymous_7)
FNDA:1,(anonymous_8)
FNDA:2,(anonymous_9)
FNDA:1,(anonymous_10)
FNDA:1,(anonymous_11)
FNDA:1,(anonymous_12)
FNDA:2,(anonymous_13)
FNDA:1,(anonymous_14)
FNDA:1,(anonymous_15)
DA:1,1
DA:59,10
DA:66,1
DA:86,1
DA:91,1
DA:94,1
DA:97,1
DA:100,1
DA:103,2
DA:106,2
DA:109,1
DA:112,2
DA:113,2
DA:116,1
DA:117,1
DA:120,1
DA:121,1
DA:124,1
DA:125,1
DA:131,2
DA:137,1
DA:140,1
DA:141,1
DA:142,1
DA:143,1
DA:144,1
DA:149,1
DA:166,1
LF:28
LH:28
BRF:0
BRH:0
end_of_record
TN:
SF:src\utils\apiError.ts
FN:17,toApiError
FN:37,describeApiError
FNF:2
FNH:2
FNDA:16,toApiError
FNDA:7,describeApiError
DA:17,3
DA:18,16
DA:19,16
DA:20,16
DA:22,16
DA:26,16
DA:27,16
DA:28,16
DA:29,16
DA:30,16
DA:31,16
DA:33,16
DA:37,3
DA:38,7
DA:39,7
DA:40,1
DA:42,6
DA:43,1
DA:45,5
DA:46,1
DA:48,4
DA:49,1
DA:51,3
DA:52,1
DA:54,2
LF:25
LH:25
BRDA:17,0,0,8
BRDA:19,1,0,16
BRDA:19,1,1,4
BRDA:20,2,0,16
BRDA:20,2,1,14
BRDA:22,3,0,16
BRDA:22,3,1,13
BRDA:22,3,2,12
BRDA:26,4,0,16
BRDA:26,4,1,12
BRDA:26,4,2,10
BRDA:27,5,0,16
BRDA:27,5,1,4
BRDA:28,6,0,16
BRDA:28,6,1,14
BRDA:30,7,0,16
BRDA:30,7,1,12
BRDA:31,8,0,16
BRDA:31,8,1,12
BRDA:31,8,2,12
BRDA:37,9,0,6
BRDA:39,10,0,1
BRDA:42,11,0,1
BRDA:45,12,0,1
BRDA:48,13,0,1
BRDA:51,14,0,1
BRDA:51,15,0,3
BRDA:51,15,1,2
BRDA:54,16,0,2
BRDA:54,16,1,0
BRF:30
BRH:29
end_of_record
TN:
SF:src\utils\entityTransformers.ts
FN:36,transformFarm
FN:40,(anonymous_1)
FN:47,(anonymous_2)
FN:72,transformCrop
FN:126,transformLivestock
FN:167,transformFlock
FN:227,inferExpenseCategory
FN:239,transformExpense
FN:253,transformSale
FNF:9
FNH:0
FNDA:0,transformFarm
FNDA:0,(anonymous_1)
FNDA:0,(anonymous_2)
FNDA:0,transformCrop
FNDA:0,transformLivestock
FNDA:0,transformFlock
FNDA:0,inferExpenseCategory
FNDA:0,transformExpense
FNDA:0,transformSale
DA:36,0
DA:37,0
DA:38,0
DA:40,0
DA:41,0
DA:47,0
DA:72,0
DA:77,0
DA:78,0
DA:79,0
DA:119,0
DA:126,0
DA:127,0
DA:161,0
DA:167,0
DA:168,0
DA:216,0
DA:228,0
DA:229,0
DA:230,0
DA:231,0
DA:232,0
DA:233,0
DA:234,0
DA:235,0
DA:236,0
DA:239,0
DA:240,0
DA:241,0
DA:253,0
DA:254,0
LF:31
LH:0
BRDA:37,0,0,0
BRDA:37,0,1,0
BRDA:38,1,0,0
BRDA:38,1,1,0
BRDA:40,2,0,0
BRDA:40,2,1,0
BRDA:40,3,0,0
BRDA:40,3,1,0
BRDA:44,4,0,0
BRDA:44,4,1,0
BRDA:47,5,0,0
BRDA:47,5,1,0
BRDA:48,6,0,0
BRDA:48,6,1,0
BRDA:82,7,0,0
BRDA:82,7,1,0
BRDA:83,8,0,0
BRDA:83,8,1,0
BRDA:85,9,0,0
BRDA:85,9,1,0
BRDA:86,10,0,0
BRDA:86,10,1,0
BRDA:87,11,0,0
BRDA:87,11,1,0
BRDA:87,12,0,0
BRDA:87,12,1,0
BRDA:87,13,0,0
BRDA:87,13,1,0
BRDA:88,14,0,0
BRDA:88,14,1,0
BRDA:88,15,0,0
BRDA:88,15,1,0
BRDA:88,16,0,0
BRDA:88,16,1,0
BRDA:129,17,0,0
BRDA:129,17,1,0
BRDA:131,18,0,0
BRDA:131,18,1,0
BRDA:133,19,0,0
BRDA:133,19,1,0
BRDA:134,20,0,0
BRDA:134,20,1,0
BRDA:136,21,0,0
BRDA:136,21,1,0
BRDA:136,21,2,0
BRDA:172,22,0,0
BRDA:172,22,1,0
BRDA:172,22,2,0
BRDA:173,23,0,0
BRDA:173,23,1,0
BRDA:173,23,2,0
BRDA:174,24,0,0
BRDA:174,24,1,0
BRDA:175,25,0,0
BRDA:175,25,1,0
BRDA:177,26,0,0
BRDA:177,26,1,0
BRDA:177,26,2,0
BRDA:177,26,3,0
BRDA:229,27,0,0
BRDA:230,28,0,0
BRDA:231,29,0,0
BRDA:232,30,0,0
BRDA:232,31,0,0
BRDA:232,31,1,0
BRDA:233,32,0,0
BRDA:233,33,0,0
BRDA:233,33,1,0
BRDA:234,34,0,0
BRDA:234,35,0,0
BRDA:234,35,1,0
BRDA:235,36,0,0
BRDA:235,37,0,0
BRDA:235,37,1,0
BRDA:235,37,2,0
BRDA:248,38,0,0
BRDA:248,38,1,0
BRDA:248,38,2,0
BRDA:249,39,0,0
BRDA:249,39,1,0
BRDA:258,40,0,0
BRDA:258,40,1,0
BRDA:261,41,0,0
BRDA:261,41,1,0
BRDA:261,41,2,0
BRF:85
BRH:0
end_of_record
TN:
SF:src\utils\responseParser.ts
FN:24,extractArray
FN:34,extractTotal
FNF:2
FNH:0
FNDA:0,extractArray
FNDA:0,extractTotal
DA:24,0
DA:25,0
DA:26,0
DA:27,0
DA:34,0
DA:35,0
DA:36,0
LF:7
LH:0
BRDA:26,0,0,0
BRDA:26,0,1,0
BRDA:27,1,0,0
BRDA:27,1,1,0
BRDA:36,2,0,0
BRDA:36,2,1,0
BRF:6
BRH:0
end_of_record
TN:
SF:src\utils\storage.ts
FN:40,(anonymous_1)
FN:41,(anonymous_2)
FN:42,(anonymous_3)
FN:43,(anonymous_4)
FN:14,clearAllStorage
FNF:5
FNH:1
FNDA:0,(anonymous_1)
FNDA:0,(anonymous_2)
FNDA:0,(anonymous_3)
FNDA:0,(anonymous_4)
FNDA:3,clearAllStorage
DA:1,2
DA:2,2
DA:14,2
DA:15,3
DA:29,3
DA:30,3
DA:32,0
DA:34,0
DA:40,2
DA:41,2
DA:42,2
DA:43,2
LF:12
LH:10
BRDA:32,0,0,0
BRF:1
BRH:0
end_of_record
