{"numFailedTestSuites":0,"numFailedTests":0,"numPassedTestSuites":1,"numPassedTests":1,"numPendingTestSuites":0,"numPendingTests":0,"numRuntimeErrorTestSuites":0,"numTodoTests":0,"numTotalTestSuites":1,"numTotalTests":1,"openHandles":[],"snapshot":{"added":0,"didUpdate":false,"failure":false,"filesAdded":0,"filesRemoved":0,"filesRemovedList":[],"filesUnmatched":0,"filesUpdated":0,"matched":0,"total":0,"unchecked":0,"uncheckedKeysByFile":[],"unmatched":0,"updated":0},"startTime":1782476815602,"success":true,"testResults":[{"assertionResults":[{"ancestorTitles":["API Gateway auth validation (ProxyMiddleware)"],"duration":2,"failureDetails":[],"failureMessages":[],"fullName":"API Gateway auth validation (ProxyMiddleware) placeholder: gateway auth validation tests require missing dev deps in this repo","invocations":1,"location":null,"numPassingAsserts":1,"retryReasons":[],"status":"passed","title":"placeholder: gateway auth validation tests require missing dev deps in this repo"}],"endTime":1782476821567,"message":"","name":"C:\\Users\\OJOWA\\Documents\\Farm Management System\\apps\\api-gateway\\src\\__tests__\\proxy-auth-validation.spec.ts","startTime":1782476816147,"status":"passed","summary":""}],"wasInterrupted":false}
